[0.578s] Invoking command in '/home/user/ros_ws/build/mocap_msgs': CMAKE_PREFIX_PATH=/opt/ros/humble /usr/bin/cmake --build /home/user/ros_ws/build/mocap_msgs -- -j2 -l2
[0.728s] [  1%] Built target mocap_msgs__cpp
[0.741s] [ 12%] Built target mocap_msgs__rosidl_generator_c
[0.801s] [ 23%] Built target mocap_msgs__rosidl_typesupport_cpp
[0.832s] [ 23%] Built target ament_cmake_python_copy_mocap_msgs
[0.880s] [ 34%] Built target mocap_msgs__rosidl_typesupport_fastrtps_c
[0.933s] [ 46%] Built target mocap_msgs__rosidl_typesupport_introspection_c
[0.976s] [ 57%] Built target mocap_msgs__rosidl_typesupport_c
[0.998s] [ 68%] Built target mocap_msgs__rosidl_typesupport_fastrtps_cpp
[1.063s] [ 79%] Built target mocap_msgs__rosidl_typesupport_introspection_cpp
[1.125s] [ 79%] Built target mocap_msgs
[1.216s] [ 80%] Built target mocap_msgs__py
[1.301s] [ 90%] Built target mocap_msgs__rosidl_generator_py
[1.399s] [ 93%] Built target mocap_msgs__rosidl_typesupport_fastrtps_c__pyext
[1.498s] [ 96%] Built target mocap_msgs__rosidl_typesupport_introspection_c__pyext
[1.583s] [100%] Built target mocap_msgs__rosidl_typesupport_c__pyext
[1.815s] running egg_info
[1.817s] writing mocap_msgs.egg-info/PKG-INFO
[1.817s] writing dependency_links to mocap_msgs.egg-info/dependency_links.txt
[1.817s] writing top-level names to mocap_msgs.egg-info/top_level.txt
[1.823s] reading manifest file 'mocap_msgs.egg-info/SOURCES.txt'
[1.837s] writing manifest file 'mocap_msgs.egg-info/SOURCES.txt'
[1.892s] [100%] Built target ament_cmake_python_build_mocap_msgs_egg
[1.920s] Invoked command in '/home/user/ros_ws/build/mocap_msgs' returned '0': CMAKE_PREFIX_PATH=/opt/ros/humble /usr/bin/cmake --build /home/user/ros_ws/build/mocap_msgs -- -j2 -l2
[1.949s] Invoking command in '/home/user/ros_ws/build/mocap_msgs': CMAKE_PREFIX_PATH=/opt/ros/humble /usr/bin/cmake --install /home/user/ros_ws/build/mocap_msgs
[1.966s] -- Install configuration: ""
[1.966s] -- Up-to-date: /home/user/ros_ws/install/mocap_msgs/share/ament_index/resource_index/rosidl_interfaces/mocap_msgs
[1.967s] -- Up-to-date: /home/user/ros_ws/install/mocap_msgs/include/mocap_msgs/mocap_msgs
[1.967s] -- Up-to-date: /home/user/ros_ws/install/mocap_msgs/include/mocap_msgs/mocap_msgs/msg
[1.967s] -- Up-to-date: /home/user/ros_ws/install/mocap_msgs/include/mocap_msgs/mocap_msgs/msg/markers.h
[1.967s] -- Up-to-date: /home/user/ros_ws/install/mocap_msgs/include/mocap_msgs/mocap_msgs/msg/rigid_body.h
[1.967s] -- Up-to-date: /home/user/ros_ws/install/mocap_msgs/include/mocap_msgs/mocap_msgs/msg/rigid_bodies.h
[1.967s] -- Up-to-date: /home/user/ros_ws/install/mocap_msgs/include/mocap_msgs/mocap_msgs/msg/detail
[1.967s] -- Up-to-date: /home/user/ros_ws/install/mocap_msgs/include/mocap_msgs/mocap_msgs/msg/detail/markers__type_support.h
[1.969s] -- Up-to-date: /home/user/ros_ws/install/mocap_msgs/include/mocap_msgs/mocap_msgs/msg/detail/imus_info__functions.h
[1.969s] -- Up-to-date: /home/user/ros_ws/install/mocap_msgs/include/mocap_msgs/mocap_msgs/msg/detail/rigid_bodies__type_support.h
[1.969s] -- Up-to-date: /home/user/ros_ws/install/mocap_msgs/include/mocap_msgs/mocap_msgs/msg/detail/marker__functions.h
[1.970s] -- Up-to-date: /home/user/ros_ws/install/mocap_msgs/include/mocap_msgs/mocap_msgs/msg/detail/rigid_bodies__struct.h
[1.970s] -- Up-to-date: /home/user/ros_ws/install/mocap_msgs/include/mocap_msgs/mocap_msgs/msg/detail/imus_info__type_support.h
[1.970s] -- Up-to-date: /home/user/ros_ws/install/mocap_msgs/include/mocap_msgs/mocap_msgs/msg/detail/rigid_body__functions.h
[1.970s] -- Up-to-date: /home/user/ros_ws/install/mocap_msgs/include/mocap_msgs/mocap_msgs/msg/detail/markers__struct.h
[1.970s] -- Up-to-date: /home/user/ros_ws/install/mocap_msgs/include/mocap_msgs/mocap_msgs/msg/detail/marker__type_support.h
[1.970s] -- Up-to-date: /home/user/ros_ws/install/mocap_msgs/include/mocap_msgs/mocap_msgs/msg/detail/markers__functions.c
[1.970s] -- Up-to-date: /home/user/ros_ws/install/mocap_msgs/include/mocap_msgs/mocap_msgs/msg/detail/rigid_body__type_support.h
[1.971s] -- Up-to-date: /home/user/ros_ws/install/mocap_msgs/include/mocap_msgs/mocap_msgs/msg/detail/rigid_body__struct.h
[1.971s] -- Up-to-date: /home/user/ros_ws/install/mocap_msgs/include/mocap_msgs/mocap_msgs/msg/detail/rigid_bodies__functions.h
[1.971s] -- Up-to-date: /home/user/ros_ws/install/mocap_msgs/include/mocap_msgs/mocap_msgs/msg/detail/marker__functions.c
[1.971s] -- Up-to-date: /home/user/ros_ws/install/mocap_msgs/include/mocap_msgs/mocap_msgs/msg/detail/markers__functions.h
[1.971s] -- Up-to-date: /home/user/ros_ws/install/mocap_msgs/include/mocap_msgs/mocap_msgs/msg/detail/imus_info__struct.h
[1.974s] -- Up-to-date: /home/user/ros_ws/install/mocap_msgs/include/mocap_msgs/mocap_msgs/msg/detail/rigid_bodies__functions.c
[1.974s] -- Up-to-date: /home/user/ros_ws/install/mocap_msgs/include/mocap_msgs/mocap_msgs/msg/detail/imus_info__functions.c
[1.975s] -- Up-to-date: /home/user/ros_ws/install/mocap_msgs/include/mocap_msgs/mocap_msgs/msg/detail/rigid_body__functions.c
[1.976s] -- Up-to-date: /home/user/ros_ws/install/mocap_msgs/include/mocap_msgs/mocap_msgs/msg/detail/marker__struct.h
[1.976s] -- Up-to-date: /home/user/ros_ws/install/mocap_msgs/include/mocap_msgs/mocap_msgs/msg/marker.h
[1.976s] -- Up-to-date: /home/user/ros_ws/install/mocap_msgs/include/mocap_msgs/mocap_msgs/msg/imus_info.h
[1.976s] -- Up-to-date: /home/user/ros_ws/install/mocap_msgs/include/mocap_msgs/mocap_msgs/msg/rosidl_generator_c__visibility_control.h
[1.976s] -- Up-to-date: /home/user/ros_ws/install/mocap_msgs/share/mocap_msgs/environment/library_path.sh
[1.976s] -- Up-to-date: /home/user/ros_ws/install/mocap_msgs/share/mocap_msgs/environment/library_path.dsv
[1.976s] -- Up-to-date: /home/user/ros_ws/install/mocap_msgs/lib/libmocap_msgs__rosidl_generator_c.so
[1.977s] -- Up-to-date: /home/user/ros_ws/install/mocap_msgs/include/mocap_msgs/mocap_msgs
[1.977s] -- Up-to-date: /home/user/ros_ws/install/mocap_msgs/include/mocap_msgs/mocap_msgs/msg
[1.977s] -- Up-to-date: /home/user/ros_ws/install/mocap_msgs/include/mocap_msgs/mocap_msgs/msg/rosidl_typesupport_fastrtps_c__visibility_control.h
[1.977s] -- Up-to-date: /home/user/ros_ws/install/mocap_msgs/include/mocap_msgs/mocap_msgs/msg/detail
[1.977s] -- Up-to-date: /home/user/ros_ws/install/mocap_msgs/include/mocap_msgs/mocap_msgs/msg/detail/rigid_bodies__rosidl_typesupport_fastrtps_c.h
[1.979s] -- Up-to-date: /home/user/ros_ws/install/mocap_msgs/include/mocap_msgs/mocap_msgs/msg/detail/rigid_body__rosidl_typesupport_fastrtps_c.h
[1.979s] -- Up-to-date: /home/user/ros_ws/install/mocap_msgs/include/mocap_msgs/mocap_msgs/msg/detail/imus_info__rosidl_typesupport_fastrtps_c.h
[1.979s] -- Up-to-date: /home/user/ros_ws/install/mocap_msgs/include/mocap_msgs/mocap_msgs/msg/detail/markers__rosidl_typesupport_fastrtps_c.h
[1.979s] -- Up-to-date: /home/user/ros_ws/install/mocap_msgs/include/mocap_msgs/mocap_msgs/msg/detail/marker__rosidl_typesupport_fastrtps_c.h
[1.979s] -- Up-to-date: /home/user/ros_ws/install/mocap_msgs/lib/libmocap_msgs__rosidl_typesupport_fastrtps_c.so
[1.979s] -- Up-to-date: /home/user/ros_ws/install/mocap_msgs/include/mocap_msgs/mocap_msgs
[1.980s] -- Up-to-date: /home/user/ros_ws/install/mocap_msgs/include/mocap_msgs/mocap_msgs/msg
[1.980s] -- Up-to-date: /home/user/ros_ws/install/mocap_msgs/include/mocap_msgs/mocap_msgs/msg/rosidl_typesupport_introspection_c__visibility_control.h
[1.980s] -- Up-to-date: /home/user/ros_ws/install/mocap_msgs/include/mocap_msgs/mocap_msgs/msg/detail
[1.980s] -- Up-to-date: /home/user/ros_ws/install/mocap_msgs/include/mocap_msgs/mocap_msgs/msg/detail/rigid_body__type_support.c
[1.980s] -- Up-to-date: /home/user/ros_ws/install/mocap_msgs/include/mocap_msgs/mocap_msgs/msg/detail/markers__rosidl_typesupport_introspection_c.h
[1.980s] -- Up-to-date: /home/user/ros_ws/install/mocap_msgs/include/mocap_msgs/mocap_msgs/msg/detail/rigid_bodies__rosidl_typesupport_introspection_c.h
[1.980s] -- Up-to-date: /home/user/ros_ws/install/mocap_msgs/include/mocap_msgs/mocap_msgs/msg/detail/imus_info__type_support.c
[1.981s] -- Up-to-date: /home/user/ros_ws/install/mocap_msgs/include/mocap_msgs/mocap_msgs/msg/detail/rigid_body__rosidl_typesupport_introspection_c.h
[1.981s] -- Up-to-date: /home/user/ros_ws/install/mocap_msgs/include/mocap_msgs/mocap_msgs/msg/detail/marker__rosidl_typesupport_introspection_c.h
[1.981s] -- Up-to-date: /home/user/ros_ws/install/mocap_msgs/include/mocap_msgs/mocap_msgs/msg/detail/rigid_bodies__type_support.c
[1.981s] -- Up-to-date: /home/user/ros_ws/install/mocap_msgs/include/mocap_msgs/mocap_msgs/msg/detail/imus_info__rosidl_typesupport_introspection_c.h
[1.981s] -- Up-to-date: /home/user/ros_ws/install/mocap_msgs/include/mocap_msgs/mocap_msgs/msg/detail/marker__type_support.c
[1.985s] -- Up-to-date: /home/user/ros_ws/install/mocap_msgs/include/mocap_msgs/mocap_msgs/msg/detail/markers__type_support.c
[1.986s] -- Up-to-date: /home/user/ros_ws/install/mocap_msgs/lib/libmocap_msgs__rosidl_typesupport_introspection_c.so
[1.986s] -- Up-to-date: /home/user/ros_ws/install/mocap_msgs/lib/libmocap_msgs__rosidl_typesupport_c.so
[1.986s] -- Up-to-date: /home/user/ros_ws/install/mocap_msgs/include/mocap_msgs/mocap_msgs
[1.986s] -- Up-to-date: /home/user/ros_ws/install/mocap_msgs/include/mocap_msgs/mocap_msgs/msg
[1.987s] -- Up-to-date: /home/user/ros_ws/install/mocap_msgs/include/mocap_msgs/mocap_msgs/msg/markers.hpp
[1.987s] -- Up-to-date: /home/user/ros_ws/install/mocap_msgs/include/mocap_msgs/mocap_msgs/msg/rigid_bodies.hpp
[1.988s] -- Up-to-date: /home/user/ros_ws/install/mocap_msgs/include/mocap_msgs/mocap_msgs/msg/detail
[1.988s] -- Up-to-date: /home/user/ros_ws/install/mocap_msgs/include/mocap_msgs/mocap_msgs/msg/detail/imus_info__struct.hpp
[1.988s] -- Up-to-date: /home/user/ros_ws/install/mocap_msgs/include/mocap_msgs/mocap_msgs/msg/detail/rigid_bodies__builder.hpp
[1.988s] -- Up-to-date: /home/user/ros_ws/install/mocap_msgs/include/mocap_msgs/mocap_msgs/msg/detail/markers__builder.hpp
[1.988s] -- Up-to-date: /home/user/ros_ws/install/mocap_msgs/include/mocap_msgs/mocap_msgs/msg/detail/rigid_bodies__type_support.hpp
[1.988s] -- Up-to-date: /home/user/ros_ws/install/mocap_msgs/include/mocap_msgs/mocap_msgs/msg/detail/rigid_body__traits.hpp
[1.988s] -- Up-to-date: /home/user/ros_ws/install/mocap_msgs/include/mocap_msgs/mocap_msgs/msg/detail/rigid_body__builder.hpp
[1.988s] -- Up-to-date: /home/user/ros_ws/install/mocap_msgs/include/mocap_msgs/mocap_msgs/msg/detail/markers__type_support.hpp
[1.988s] -- Up-to-date: /home/user/ros_ws/install/mocap_msgs/include/mocap_msgs/mocap_msgs/msg/detail/imus_info__traits.hpp
[1.989s] -- Up-to-date: /home/user/ros_ws/install/mocap_msgs/include/mocap_msgs/mocap_msgs/msg/detail/marker__type_support.hpp
[1.989s] -- Up-to-date: /home/user/ros_ws/install/mocap_msgs/include/mocap_msgs/mocap_msgs/msg/detail/markers__traits.hpp
[1.989s] -- Up-to-date: /home/user/ros_ws/install/mocap_msgs/include/mocap_msgs/mocap_msgs/msg/detail/rigid_body__type_support.hpp
[1.989s] -- Up-to-date: /home/user/ros_ws/install/mocap_msgs/include/mocap_msgs/mocap_msgs/msg/detail/rigid_bodies__struct.hpp
[1.989s] -- Up-to-date: /home/user/ros_ws/install/mocap_msgs/include/mocap_msgs/mocap_msgs/msg/detail/imus_info__type_support.hpp
[1.989s] -- Up-to-date: /home/user/ros_ws/install/mocap_msgs/include/mocap_msgs/mocap_msgs/msg/detail/rigid_body__struct.hpp
[1.991s] -- Up-to-date: /home/user/ros_ws/install/mocap_msgs/include/mocap_msgs/mocap_msgs/msg/detail/rigid_bodies__traits.hpp
[1.992s] -- Up-to-date: /home/user/ros_ws/install/mocap_msgs/include/mocap_msgs/mocap_msgs/msg/detail/imus_info__builder.hpp
[1.992s] -- Up-to-date: /home/user/ros_ws/install/mocap_msgs/include/mocap_msgs/mocap_msgs/msg/detail/marker__builder.hpp
[1.992s] -- Up-to-date: /home/user/ros_ws/install/mocap_msgs/include/mocap_msgs/mocap_msgs/msg/detail/markers__struct.hpp
[1.992s] -- Up-to-date: /home/user/ros_ws/install/mocap_msgs/include/mocap_msgs/mocap_msgs/msg/detail/marker__struct.hpp
[1.993s] -- Up-to-date: /home/user/ros_ws/install/mocap_msgs/include/mocap_msgs/mocap_msgs/msg/detail/marker__traits.hpp
[1.993s] -- Up-to-date: /home/user/ros_ws/install/mocap_msgs/include/mocap_msgs/mocap_msgs/msg/imus_info.hpp
[1.993s] -- Up-to-date: /home/user/ros_ws/install/mocap_msgs/include/mocap_msgs/mocap_msgs/msg/rigid_body.hpp
[1.993s] -- Up-to-date: /home/user/ros_ws/install/mocap_msgs/include/mocap_msgs/mocap_msgs/msg/rosidl_generator_cpp__visibility_control.hpp
[1.993s] -- Up-to-date: /home/user/ros_ws/install/mocap_msgs/include/mocap_msgs/mocap_msgs/msg/marker.hpp
[1.993s] -- Up-to-date: /home/user/ros_ws/install/mocap_msgs/include/mocap_msgs/mocap_msgs
[1.993s] -- Up-to-date: /home/user/ros_ws/install/mocap_msgs/include/mocap_msgs/mocap_msgs/msg
[1.994s] -- Up-to-date: /home/user/ros_ws/install/mocap_msgs/include/mocap_msgs/mocap_msgs/msg/detail
[1.994s] -- Up-to-date: /home/user/ros_ws/install/mocap_msgs/include/mocap_msgs/mocap_msgs/msg/detail/marker__rosidl_typesupport_fastrtps_cpp.hpp
[1.994s] -- Up-to-date: /home/user/ros_ws/install/mocap_msgs/include/mocap_msgs/mocap_msgs/msg/detail/imus_info__rosidl_typesupport_fastrtps_cpp.hpp
[1.994s] -- Up-to-date: /home/user/ros_ws/install/mocap_msgs/include/mocap_msgs/mocap_msgs/msg/detail/rigid_bodies__rosidl_typesupport_fastrtps_cpp.hpp
[1.994s] -- Up-to-date: /home/user/ros_ws/install/mocap_msgs/include/mocap_msgs/mocap_msgs/msg/detail/dds_fastrtps
[1.994s] -- Up-to-date: /home/user/ros_ws/install/mocap_msgs/include/mocap_msgs/mocap_msgs/msg/detail/markers__rosidl_typesupport_fastrtps_cpp.hpp
[1.994s] -- Up-to-date: /home/user/ros_ws/install/mocap_msgs/include/mocap_msgs/mocap_msgs/msg/detail/rigid_body__rosidl_typesupport_fastrtps_cpp.hpp
[1.994s] -- Up-to-date: /home/user/ros_ws/install/mocap_msgs/include/mocap_msgs/mocap_msgs/msg/rosidl_typesupport_fastrtps_cpp__visibility_control.h
[1.995s] -- Up-to-date: /home/user/ros_ws/install/mocap_msgs/lib/libmocap_msgs__rosidl_typesupport_fastrtps_cpp.so
[1.995s] -- Up-to-date: /home/user/ros_ws/install/mocap_msgs/include/mocap_msgs/mocap_msgs
[1.995s] -- Up-to-date: /home/user/ros_ws/install/mocap_msgs/include/mocap_msgs/mocap_msgs/msg
[1.995s] -- Up-to-date: /home/user/ros_ws/install/mocap_msgs/include/mocap_msgs/mocap_msgs/msg/detail
[1.996s] -- Up-to-date: /home/user/ros_ws/install/mocap_msgs/include/mocap_msgs/mocap_msgs/msg/detail/rigid_body__type_support.cpp
[1.997s] -- Up-to-date: /home/user/ros_ws/install/mocap_msgs/include/mocap_msgs/mocap_msgs/msg/detail/imus_info__type_support.cpp
[1.997s] -- Up-to-date: /home/user/ros_ws/install/mocap_msgs/include/mocap_msgs/mocap_msgs/msg/detail/rigid_bodies__rosidl_typesupport_introspection_cpp.hpp
[1.997s] -- Up-to-date: /home/user/ros_ws/install/mocap_msgs/include/mocap_msgs/mocap_msgs/msg/detail/markers__rosidl_typesupport_introspection_cpp.hpp
[1.997s] -- Up-to-date: /home/user/ros_ws/install/mocap_msgs/include/mocap_msgs/mocap_msgs/msg/detail/rigid_bodies__type_support.cpp
[1.998s] -- Up-to-date: /home/user/ros_ws/install/mocap_msgs/include/mocap_msgs/mocap_msgs/msg/detail/rigid_body__rosidl_typesupport_introspection_cpp.hpp
[1.999s] -- Up-to-date: /home/user/ros_ws/install/mocap_msgs/include/mocap_msgs/mocap_msgs/msg/detail/marker__type_support.cpp
[1.999s] -- Up-to-date: /home/user/ros_ws/install/mocap_msgs/include/mocap_msgs/mocap_msgs/msg/detail/imus_info__rosidl_typesupport_introspection_cpp.hpp
[1.999s] -- Up-to-date: /home/user/ros_ws/install/mocap_msgs/include/mocap_msgs/mocap_msgs/msg/detail/marker__rosidl_typesupport_introspection_cpp.hpp
[1.999s] -- Up-to-date: /home/user/ros_ws/install/mocap_msgs/include/mocap_msgs/mocap_msgs/msg/detail/markers__type_support.cpp
[1.999s] -- Up-to-date: /home/user/ros_ws/install/mocap_msgs/lib/libmocap_msgs__rosidl_typesupport_introspection_cpp.so
[2.000s] -- Up-to-date: /home/user/ros_ws/install/mocap_msgs/lib/libmocap_msgs__rosidl_typesupport_cpp.so
[2.000s] -- Up-to-date: /home/user/ros_ws/install/mocap_msgs/share/mocap_msgs/environment/pythonpath.sh
[2.000s] -- Up-to-date: /home/user/ros_ws/install/mocap_msgs/share/mocap_msgs/environment/pythonpath.dsv
[2.000s] -- Up-to-date: /home/user/ros_ws/install/mocap_msgs/local/lib/python3.10/dist-packages/mocap_msgs-0.0.3-py3.10.egg-info
[2.000s] -- Installing: /home/user/ros_ws/install/mocap_msgs/local/lib/python3.10/dist-packages/mocap_msgs-0.0.3-py3.10.egg-info/dependency_links.txt
[2.000s] -- Installing: /home/user/ros_ws/install/mocap_msgs/local/lib/python3.10/dist-packages/mocap_msgs-0.0.3-py3.10.egg-info/SOURCES.txt
[2.000s] -- Installing: /home/user/ros_ws/install/mocap_msgs/local/lib/python3.10/dist-packages/mocap_msgs-0.0.3-py3.10.egg-info/PKG-INFO
[2.000s] -- Installing: /home/user/ros_ws/install/mocap_msgs/local/lib/python3.10/dist-packages/mocap_msgs-0.0.3-py3.10.egg-info/top_level.txt
[2.001s] -- Up-to-date: /home/user/ros_ws/install/mocap_msgs/local/lib/python3.10/dist-packages/mocap_msgs
[2.001s] -- Up-to-date: /home/user/ros_ws/install/mocap_msgs/local/lib/python3.10/dist-packages/mocap_msgs/libmocap_msgs__rosidl_generator_py.so
[2.001s] -- Up-to-date: /home/user/ros_ws/install/mocap_msgs/local/lib/python3.10/dist-packages/mocap_msgs/_mocap_msgs_s.ep.rosidl_typesupport_c.c
[2.001s] -- Up-to-date: /home/user/ros_ws/install/mocap_msgs/local/lib/python3.10/dist-packages/mocap_msgs/msg
[2.001s] -- Up-to-date: /home/user/ros_ws/install/mocap_msgs/local/lib/python3.10/dist-packages/mocap_msgs/msg/_marker.py
[2.001s] -- Up-to-date: /home/user/ros_ws/install/mocap_msgs/local/lib/python3.10/dist-packages/mocap_msgs/msg/_marker_s.c
[2.001s] -- Up-to-date: /home/user/ros_ws/install/mocap_msgs/local/lib/python3.10/dist-packages/mocap_msgs/msg/_rigid_body.py
[2.001s] -- Up-to-date: /home/user/ros_ws/install/mocap_msgs/local/lib/python3.10/dist-packages/mocap_msgs/msg/_imus_info_s.c
[2.001s] -- Up-to-date: /home/user/ros_ws/install/mocap_msgs/local/lib/python3.10/dist-packages/mocap_msgs/msg/_rigid_bodies_s.c
[2.002s] -- Up-to-date: /home/user/ros_ws/install/mocap_msgs/local/lib/python3.10/dist-packages/mocap_msgs/msg/_rigid_bodies.py
[2.002s] -- Up-to-date: /home/user/ros_ws/install/mocap_msgs/local/lib/python3.10/dist-packages/mocap_msgs/msg/_imus_info.py
[2.002s] -- Up-to-date: /home/user/ros_ws/install/mocap_msgs/local/lib/python3.10/dist-packages/mocap_msgs/msg/__init__.py
[2.002s] -- Up-to-date: /home/user/ros_ws/install/mocap_msgs/local/lib/python3.10/dist-packages/mocap_msgs/msg/_markers.py
[2.002s] -- Up-to-date: /home/user/ros_ws/install/mocap_msgs/local/lib/python3.10/dist-packages/mocap_msgs/msg/_rigid_body_s.c
[2.002s] -- Up-to-date: /home/user/ros_ws/install/mocap_msgs/local/lib/python3.10/dist-packages/mocap_msgs/msg/_markers_s.c
[2.002s] -- Up-to-date: /home/user/ros_ws/install/mocap_msgs/local/lib/python3.10/dist-packages/mocap_msgs/_mocap_msgs_s.ep.rosidl_typesupport_introspection_c.c
[2.003s] -- Up-to-date: /home/user/ros_ws/install/mocap_msgs/local/lib/python3.10/dist-packages/mocap_msgs/mocap_msgs_s__rosidl_typesupport_fastrtps_c.cpython-310-x86_64-linux-gnu.so
[2.003s] -- Up-to-date: /home/user/ros_ws/install/mocap_msgs/local/lib/python3.10/dist-packages/mocap_msgs/mocap_msgs_s__rosidl_typesupport_c.cpython-310-x86_64-linux-gnu.so
[2.003s] -- Up-to-date: /home/user/ros_ws/install/mocap_msgs/local/lib/python3.10/dist-packages/mocap_msgs/mocap_msgs_s__rosidl_typesupport_introspection_c.cpython-310-x86_64-linux-gnu.so
[2.003s] -- Up-to-date: /home/user/ros_ws/install/mocap_msgs/local/lib/python3.10/dist-packages/mocap_msgs/__init__.py
[2.003s] -- Up-to-date: /home/user/ros_ws/install/mocap_msgs/local/lib/python3.10/dist-packages/mocap_msgs/_mocap_msgs_s.ep.rosidl_typesupport_fastrtps_c.c
[2.082s] Listing '/home/user/ros_ws/install/mocap_msgs/local/lib/python3.10/dist-packages/mocap_msgs'...
[2.082s] Listing '/home/user/ros_ws/install/mocap_msgs/local/lib/python3.10/dist-packages/mocap_msgs/msg'...
[2.091s] -- Up-to-date: /home/user/ros_ws/install/mocap_msgs/local/lib/python3.10/dist-packages/mocap_msgs/mocap_msgs_s__rosidl_typesupport_fastrtps_c.cpython-310-x86_64-linux-gnu.so
[2.095s] -- Up-to-date: /home/user/ros_ws/install/mocap_msgs/local/lib/python3.10/dist-packages/mocap_msgs/mocap_msgs_s__rosidl_typesupport_introspection_c.cpython-310-x86_64-linux-gnu.so
[2.097s] -- Up-to-date: /home/user/ros_ws/install/mocap_msgs/local/lib/python3.10/dist-packages/mocap_msgs/mocap_msgs_s__rosidl_typesupport_c.cpython-310-x86_64-linux-gnu.so
[2.097s] -- Up-to-date: /home/user/ros_ws/install/mocap_msgs/lib/libmocap_msgs__rosidl_generator_py.so
[2.098s] -- Up-to-date: /home/user/ros_ws/install/mocap_msgs/share/mocap_msgs/msg/Marker.idl
[2.099s] -- Up-to-date: /home/user/ros_ws/install/mocap_msgs/share/mocap_msgs/msg/Markers.idl
[2.099s] -- Up-to-date: /home/user/ros_ws/install/mocap_msgs/share/mocap_msgs/msg/ImusInfo.idl
[2.100s] -- Up-to-date: /home/user/ros_ws/install/mocap_msgs/share/mocap_msgs/msg/RigidBody.idl
[2.101s] -- Up-to-date: /home/user/ros_ws/install/mocap_msgs/share/mocap_msgs/msg/RigidBodies.idl
[2.101s] -- Up-to-date: /home/user/ros_ws/install/mocap_msgs/share/mocap_msgs/msg/Marker.msg
[2.101s] -- Up-to-date: /home/user/ros_ws/install/mocap_msgs/share/mocap_msgs/msg/Markers.msg
[2.101s] -- Up-to-date: /home/user/ros_ws/install/mocap_msgs/share/mocap_msgs/msg/ImusInfo.msg
[2.101s] -- Up-to-date: /home/user/ros_ws/install/mocap_msgs/share/mocap_msgs/msg/RigidBody.msg
[2.101s] -- Up-to-date: /home/user/ros_ws/install/mocap_msgs/share/mocap_msgs/msg/RigidBodies.msg
[2.101s] -- Up-to-date: /home/user/ros_ws/install/mocap_msgs/share/mocap_msgs/mocap_bridge_mapping_rule.yaml
[2.101s] -- Up-to-date: /home/user/ros_ws/install/mocap_msgs/share/ament_index/resource_index/package_run_dependencies/mocap_msgs
[2.102s] -- Up-to-date: /home/user/ros_ws/install/mocap_msgs/share/ament_index/resource_index/parent_prefix_path/mocap_msgs
[2.102s] -- Up-to-date: /home/user/ros_ws/install/mocap_msgs/share/mocap_msgs/environment/ament_prefix_path.sh
[2.102s] -- Up-to-date: /home/user/ros_ws/install/mocap_msgs/share/mocap_msgs/environment/ament_prefix_path.dsv
[2.102s] -- Up-to-date: /home/user/ros_ws/install/mocap_msgs/share/mocap_msgs/environment/path.sh
[2.102s] -- Up-to-date: /home/user/ros_ws/install/mocap_msgs/share/mocap_msgs/environment/path.dsv
[2.104s] -- Up-to-date: /home/user/ros_ws/install/mocap_msgs/share/mocap_msgs/local_setup.bash
[2.104s] -- Up-to-date: /home/user/ros_ws/install/mocap_msgs/share/mocap_msgs/local_setup.sh
[2.104s] -- Up-to-date: /home/user/ros_ws/install/mocap_msgs/share/mocap_msgs/local_setup.zsh
[2.104s] -- Up-to-date: /home/user/ros_ws/install/mocap_msgs/share/mocap_msgs/local_setup.dsv
[2.104s] -- Installing: /home/user/ros_ws/install/mocap_msgs/share/mocap_msgs/package.dsv
[2.104s] -- Up-to-date: /home/user/ros_ws/install/mocap_msgs/share/ament_index/resource_index/packages/mocap_msgs
[2.105s] -- Up-to-date: /home/user/ros_ws/install/mocap_msgs/share/mocap_msgs/cmake/export_mocap_msgs__rosidl_generator_cExport.cmake
[2.105s] -- Up-to-date: /home/user/ros_ws/install/mocap_msgs/share/mocap_msgs/cmake/export_mocap_msgs__rosidl_generator_cExport-noconfig.cmake
[2.105s] -- Up-to-date: /home/user/ros_ws/install/mocap_msgs/share/mocap_msgs/cmake/export_mocap_msgs__rosidl_typesupport_fastrtps_cExport.cmake
[2.105s] -- Up-to-date: /home/user/ros_ws/install/mocap_msgs/share/mocap_msgs/cmake/export_mocap_msgs__rosidl_typesupport_fastrtps_cExport-noconfig.cmake
[2.105s] -- Up-to-date: /home/user/ros_ws/install/mocap_msgs/share/mocap_msgs/cmake/mocap_msgs__rosidl_typesupport_introspection_cExport.cmake
[2.107s] -- Up-to-date: /home/user/ros_ws/install/mocap_msgs/share/mocap_msgs/cmake/mocap_msgs__rosidl_typesupport_introspection_cExport-noconfig.cmake
[2.107s] -- Up-to-date: /home/user/ros_ws/install/mocap_msgs/share/mocap_msgs/cmake/mocap_msgs__rosidl_typesupport_cExport.cmake
[2.107s] -- Up-to-date: /home/user/ros_ws/install/mocap_msgs/share/mocap_msgs/cmake/mocap_msgs__rosidl_typesupport_cExport-noconfig.cmake
[2.107s] -- Up-to-date: /home/user/ros_ws/install/mocap_msgs/share/mocap_msgs/cmake/export_mocap_msgs__rosidl_generator_cppExport.cmake
[2.108s] -- Up-to-date: /home/user/ros_ws/install/mocap_msgs/share/mocap_msgs/cmake/export_mocap_msgs__rosidl_typesupport_fastrtps_cppExport.cmake
[2.108s] -- Up-to-date: /home/user/ros_ws/install/mocap_msgs/share/mocap_msgs/cmake/export_mocap_msgs__rosidl_typesupport_fastrtps_cppExport-noconfig.cmake
[2.108s] -- Up-to-date: /home/user/ros_ws/install/mocap_msgs/share/mocap_msgs/cmake/mocap_msgs__rosidl_typesupport_introspection_cppExport.cmake
[2.108s] -- Up-to-date: /home/user/ros_ws/install/mocap_msgs/share/mocap_msgs/cmake/mocap_msgs__rosidl_typesupport_introspection_cppExport-noconfig.cmake
[2.108s] -- Up-to-date: /home/user/ros_ws/install/mocap_msgs/share/mocap_msgs/cmake/mocap_msgs__rosidl_typesupport_cppExport.cmake
[2.108s] -- Up-to-date: /home/user/ros_ws/install/mocap_msgs/share/mocap_msgs/cmake/mocap_msgs__rosidl_typesupport_cppExport-noconfig.cmake
[2.108s] -- Up-to-date: /home/user/ros_ws/install/mocap_msgs/share/mocap_msgs/cmake/export_mocap_msgs__rosidl_generator_pyExport.cmake
[2.108s] -- Up-to-date: /home/user/ros_ws/install/mocap_msgs/share/mocap_msgs/cmake/export_mocap_msgs__rosidl_generator_pyExport-noconfig.cmake
[2.108s] -- Up-to-date: /home/user/ros_ws/install/mocap_msgs/share/mocap_msgs/cmake/rosidl_cmake-extras.cmake
[2.109s] -- Up-to-date: /home/user/ros_ws/install/mocap_msgs/share/mocap_msgs/cmake/ament_cmake_export_dependencies-extras.cmake
[2.109s] -- Up-to-date: /home/user/ros_ws/install/mocap_msgs/share/mocap_msgs/cmake/ament_cmake_export_include_directories-extras.cmake
[2.109s] -- Up-to-date: /home/user/ros_ws/install/mocap_msgs/share/mocap_msgs/cmake/ament_cmake_export_libraries-extras.cmake
[2.109s] -- Up-to-date: /home/user/ros_ws/install/mocap_msgs/share/mocap_msgs/cmake/ament_cmake_export_targets-extras.cmake
[2.110s] -- Up-to-date: /home/user/ros_ws/install/mocap_msgs/share/mocap_msgs/cmake/rosidl_cmake_export_typesupport_targets-extras.cmake
[2.110s] -- Up-to-date: /home/user/ros_ws/install/mocap_msgs/share/mocap_msgs/cmake/rosidl_cmake_export_typesupport_libraries-extras.cmake
[2.110s] -- Up-to-date: /home/user/ros_ws/install/mocap_msgs/share/mocap_msgs/cmake/mocap_msgsConfig.cmake
[2.110s] -- Up-to-date: /home/user/ros_ws/install/mocap_msgs/share/mocap_msgs/cmake/mocap_msgsConfig-version.cmake
[2.111s] -- Up-to-date: /home/user/ros_ws/install/mocap_msgs/share/mocap_msgs/package.xml
[2.114s] Invoked command in '/home/user/ros_ws/build/mocap_msgs' returned '0': CMAKE_PREFIX_PATH=/opt/ros/humble /usr/bin/cmake --install /home/user/ros_ws/build/mocap_msgs
