-- The C compiler identification is GNU 11.4.0
-- The CXX compiler identification is GNU 11.4.0
-- Detecting C compiler ABI info
-- Detecting C compiler ABI info - done
-- Check for working C compiler: /usr/bin/cc - skipped
-- Detecting C compile features
-- Detecting C compile features - done
-- Detecting CXX compiler ABI info
-- Detecting CXX compiler ABI info - done
-- Check for working CXX compiler: /usr/bin/c++ - skipped
-- Detecting CXX compile features
-- Detecting CXX compile features - done
-- Found ament_cmake: 1.3.11 (/opt/ros/humble/share/ament_cmake/cmake)
-- Found Python3: /usr/bin/python3 (found version "3.10.12") found components: Interpreter 
-- Found rosidl_default_generators: 1.2.0 (/opt/ros/humble/share/rosidl_default_generators/cmake)
-- Using all available rosidl_typesupport_c: rosidl_typesupport_fastrtps_c;rosidl_typesupport_introspection_c
-- Found rosidl_adapter: 3.1.6 (/opt/ros/humble/share/rosidl_adapter/cmake)
-- Using all available rosidl_typesupport_cpp: rosidl_typesupport_fastrtps_cpp;rosidl_typesupport_introspection_cpp
-- Found builtin_interfaces: 1.2.1 (/opt/ros/humble/share/builtin_interfaces/cmake)
-- Found std_msgs: 4.2.4 (/opt/ros/humble/share/std_msgs/cmake)
-- Found geometry_msgs: 4.2.4 (/opt/ros/humble/share/geometry_msgs/cmake)
-- Found ament_cmake_ros: 0.10.0 (/opt/ros/humble/share/ament_cmake_ros/cmake)
-- Using all available rosidl_typesupport_c: rosidl_typesupport_fastrtps_c;rosidl_typesupport_introspection_c
-- Using all available rosidl_typesupport_cpp: rosidl_typesupport_fastrtps_cpp;rosidl_typesupport_introspection_cpp
-- Found PythonInterp: /usr/bin/python3 (found suitable version "3.10.12", minimum required is "3.6") 
-- Found python_cmake_module: 0.10.0 (/opt/ros/humble/share/python_cmake_module/cmake)
-- Found PythonLibs: /usr/lib/x86_64-linux-gnu/libpython3.10.so (found suitable version "3.10.12", minimum required is "3.5") 
-- Using PYTHON_EXECUTABLE: /usr/bin/python3
-- Using PYTHON_INCLUDE_DIRS: /usr/include/python3.10
-- Using PYTHON_LIBRARIES: /usr/lib/x86_64-linux-gnu/libpython3.10.so
-- Found PythonExtra: .so  
-- Configuring done
-- Generating done
-- Build files have been written to: /home/user/ros_ws/build/mocap_msgs
[  1%] [34m[1mGenerating C code for ROS interfaces[0m
[  3%] [34m[1mGenerating C++ code for ROS interfaces[0m
[  3%] Built target mocap_msgs__cpp
[  3%] Built target ament_cmake_python_copy_mocap_msgs
[  4%] [34m[1mGenerating C++ type support dispatch for ROS interfaces[0m
[  6%] [32mBuilding C object CMakeFiles/mocap_msgs__rosidl_generator_c.dir/rosidl_generator_c/mocap_msgs/msg/detail/marker__functions.c.o[0m
[  7%] [32mBuilding C object CMakeFiles/mocap_msgs__rosidl_generator_c.dir/rosidl_generator_c/mocap_msgs/msg/detail/markers__functions.c.o[0m
[  9%] [32mBuilding C object CMakeFiles/mocap_msgs__rosidl_generator_c.dir/rosidl_generator_c/mocap_msgs/msg/detail/imus_info__functions.c.o[0m
[ 11%] [32mBuilding C object CMakeFiles/mocap_msgs__rosidl_generator_c.dir/rosidl_generator_c/mocap_msgs/msg/detail/rigid_body__functions.c.o[0m
[ 12%] [32mBuilding C object CMakeFiles/mocap_msgs__rosidl_generator_c.dir/rosidl_generator_c/mocap_msgs/msg/detail/rigid_bodies__functions.c.o[0m
[ 14%] [32m[1mLinking C shared library libmocap_msgs__rosidl_generator_c.so[0m
[ 14%] Built target mocap_msgs__rosidl_generator_c
[ 15%] [34m[1mGenerating C++ type support for eProsima Fast-RTPS[0m
[ 17%] [32mBuilding CXX object CMakeFiles/mocap_msgs__rosidl_typesupport_cpp.dir/rosidl_typesupport_cpp/mocap_msgs/msg/marker__type_support.cpp.o[0m
[ 19%] [32mBuilding CXX object CMakeFiles/mocap_msgs__rosidl_typesupport_cpp.dir/rosidl_typesupport_cpp/mocap_msgs/msg/markers__type_support.cpp.o[0m
[ 20%] [32mBuilding CXX object CMakeFiles/mocap_msgs__rosidl_typesupport_fastrtps_cpp.dir/rosidl_typesupport_fastrtps_cpp/mocap_msgs/msg/detail/dds_fastrtps/marker__type_support.cpp.o[0m
[ 22%] [32mBuilding CXX object CMakeFiles/mocap_msgs__rosidl_typesupport_cpp.dir/rosidl_typesupport_cpp/mocap_msgs/msg/imus_info__type_support.cpp.o[0m
[ 23%] [32mBuilding CXX object CMakeFiles/mocap_msgs__rosidl_typesupport_cpp.dir/rosidl_typesupport_cpp/mocap_msgs/msg/rigid_body__type_support.cpp.o[0m
[ 25%] [32mBuilding CXX object CMakeFiles/mocap_msgs__rosidl_typesupport_fastrtps_cpp.dir/rosidl_typesupport_fastrtps_cpp/mocap_msgs/msg/detail/dds_fastrtps/markers__type_support.cpp.o[0m
[ 26%] [32mBuilding CXX object CMakeFiles/mocap_msgs__rosidl_typesupport_cpp.dir/rosidl_typesupport_cpp/mocap_msgs/msg/rigid_bodies__type_support.cpp.o[0m
[ 28%] [32mBuilding CXX object CMakeFiles/mocap_msgs__rosidl_typesupport_fastrtps_cpp.dir/rosidl_typesupport_fastrtps_cpp/mocap_msgs/msg/detail/dds_fastrtps/imus_info__type_support.cpp.o[0m
[ 30%] [32m[1mLinking CXX shared library libmocap_msgs__rosidl_typesupport_cpp.so[0m
[ 30%] Built target mocap_msgs__rosidl_typesupport_cpp
[ 31%] [34m[1mGenerating C++ introspection for ROS interfaces[0m
[ 33%] [32mBuilding CXX object CMakeFiles/mocap_msgs__rosidl_typesupport_fastrtps_cpp.dir/rosidl_typesupport_fastrtps_cpp/mocap_msgs/msg/detail/dds_fastrtps/rigid_body__type_support.cpp.o[0m
[ 34%] [32mBuilding CXX object CMakeFiles/mocap_msgs__rosidl_typesupport_introspection_cpp.dir/rosidl_typesupport_introspection_cpp/mocap_msgs/msg/detail/marker__type_support.cpp.o[0m
[ 36%] [32mBuilding CXX object CMakeFiles/mocap_msgs__rosidl_typesupport_fastrtps_cpp.dir/rosidl_typesupport_fastrtps_cpp/mocap_msgs/msg/detail/dds_fastrtps/rigid_bodies__type_support.cpp.o[0m
[ 38%] [32mBuilding CXX object CMakeFiles/mocap_msgs__rosidl_typesupport_introspection_cpp.dir/rosidl_typesupport_introspection_cpp/mocap_msgs/msg/detail/markers__type_support.cpp.o[0m
[ 39%] [32m[1mLinking CXX shared library libmocap_msgs__rosidl_typesupport_fastrtps_cpp.so[0m
[ 39%] Built target mocap_msgs__rosidl_typesupport_fastrtps_cpp
[ 41%] [32mBuilding CXX object CMakeFiles/mocap_msgs__rosidl_typesupport_introspection_cpp.dir/rosidl_typesupport_introspection_cpp/mocap_msgs/msg/detail/imus_info__type_support.cpp.o[0m
running egg_info
creating mocap_msgs.egg-info
writing mocap_msgs.egg-info/PKG-INFO
writing dependency_links to mocap_msgs.egg-info/dependency_links.txt
writing top-level names to mocap_msgs.egg-info/top_level.txt
writing manifest file 'mocap_msgs.egg-info/SOURCES.txt'
reading manifest file 'mocap_msgs.egg-info/SOURCES.txt'
writing manifest file 'mocap_msgs.egg-info/SOURCES.txt'
[ 41%] Built target ament_cmake_python_build_mocap_msgs_egg
[ 42%] [32mBuilding CXX object CMakeFiles/mocap_msgs__rosidl_typesupport_introspection_cpp.dir/rosidl_typesupport_introspection_cpp/mocap_msgs/msg/detail/rigid_body__type_support.cpp.o[0m
[ 44%] [32mBuilding CXX object CMakeFiles/mocap_msgs__rosidl_typesupport_introspection_cpp.dir/rosidl_typesupport_introspection_cpp/mocap_msgs/msg/detail/rigid_bodies__type_support.cpp.o[0m
[ 46%] [34m[1mGenerating C type support for eProsima Fast-RTPS[0m
[ 47%] [32m[1mLinking CXX shared library libmocap_msgs__rosidl_typesupport_introspection_cpp.so[0m
[ 47%] Built target mocap_msgs__rosidl_typesupport_introspection_cpp
[ 49%] [34m[1mGenerating C introspection for ROS interfaces[0m
[ 50%] [32mBuilding CXX object CMakeFiles/mocap_msgs__rosidl_typesupport_fastrtps_c.dir/rosidl_typesupport_fastrtps_c/mocap_msgs/msg/detail/marker__type_support_c.cpp.o[0m
[ 52%] [32mBuilding C object CMakeFiles/mocap_msgs__rosidl_typesupport_introspection_c.dir/rosidl_typesupport_introspection_c/mocap_msgs/msg/detail/marker__type_support.c.o[0m
[ 53%] [32mBuilding C object CMakeFiles/mocap_msgs__rosidl_typesupport_introspection_c.dir/rosidl_typesupport_introspection_c/mocap_msgs/msg/detail/markers__type_support.c.o[0m
[ 55%] [32mBuilding CXX object CMakeFiles/mocap_msgs__rosidl_typesupport_fastrtps_c.dir/rosidl_typesupport_fastrtps_c/mocap_msgs/msg/detail/markers__type_support_c.cpp.o[0m
[ 57%] [32mBuilding C object CMakeFiles/mocap_msgs__rosidl_typesupport_introspection_c.dir/rosidl_typesupport_introspection_c/mocap_msgs/msg/detail/imus_info__type_support.c.o[0m
[ 58%] [32mBuilding C object CMakeFiles/mocap_msgs__rosidl_typesupport_introspection_c.dir/rosidl_typesupport_introspection_c/mocap_msgs/msg/detail/rigid_body__type_support.c.o[0m
[ 60%] [32mBuilding C object CMakeFiles/mocap_msgs__rosidl_typesupport_introspection_c.dir/rosidl_typesupport_introspection_c/mocap_msgs/msg/detail/rigid_bodies__type_support.c.o[0m
[ 61%] [32m[1mLinking C shared library libmocap_msgs__rosidl_typesupport_introspection_c.so[0m
[ 61%] Built target mocap_msgs__rosidl_typesupport_introspection_c
[ 63%] [34m[1mGenerating C type support dispatch for ROS interfaces[0m
[ 65%] [32mBuilding CXX object CMakeFiles/mocap_msgs__rosidl_typesupport_fastrtps_c.dir/rosidl_typesupport_fastrtps_c/mocap_msgs/msg/detail/imus_info__type_support_c.cpp.o[0m
[ 66%] [32mBuilding CXX object CMakeFiles/mocap_msgs__rosidl_typesupport_c.dir/rosidl_typesupport_c/mocap_msgs/msg/marker__type_support.cpp.o[0m
[ 68%] [32mBuilding CXX object CMakeFiles/mocap_msgs__rosidl_typesupport_c.dir/rosidl_typesupport_c/mocap_msgs/msg/markers__type_support.cpp.o[0m
[ 69%] [32mBuilding CXX object CMakeFiles/mocap_msgs__rosidl_typesupport_fastrtps_c.dir/rosidl_typesupport_fastrtps_c/mocap_msgs/msg/detail/rigid_body__type_support_c.cpp.o[0m
[ 71%] [32mBuilding CXX object CMakeFiles/mocap_msgs__rosidl_typesupport_c.dir/rosidl_typesupport_c/mocap_msgs/msg/imus_info__type_support.cpp.o[0m
[ 73%] [32mBuilding CXX object CMakeFiles/mocap_msgs__rosidl_typesupport_c.dir/rosidl_typesupport_c/mocap_msgs/msg/rigid_body__type_support.cpp.o[0m
[ 74%] [32mBuilding CXX object CMakeFiles/mocap_msgs__rosidl_typesupport_c.dir/rosidl_typesupport_c/mocap_msgs/msg/rigid_bodies__type_support.cpp.o[0m
[ 76%] [32m[1mLinking CXX shared library libmocap_msgs__rosidl_typesupport_c.so[0m
[ 76%] Built target mocap_msgs__rosidl_typesupport_c
[ 77%] [32mBuilding CXX object CMakeFiles/mocap_msgs__rosidl_typesupport_fastrtps_c.dir/rosidl_typesupport_fastrtps_c/mocap_msgs/msg/detail/rigid_bodies__type_support_c.cpp.o[0m
[ 79%] [32m[1mLinking CXX shared library libmocap_msgs__rosidl_typesupport_fastrtps_c.so[0m
[ 79%] Built target mocap_msgs__rosidl_typesupport_fastrtps_c
[ 79%] Built target mocap_msgs
[ 80%] [34m[1mGenerating Python code for ROS interfaces[0m
[ 80%] Built target mocap_msgs__py
[ 82%] [32mBuilding C object CMakeFiles/mocap_msgs__rosidl_generator_py.dir/rosidl_generator_py/mocap_msgs/msg/_marker_s.c.o[0m
[ 84%] [32mBuilding C object CMakeFiles/mocap_msgs__rosidl_generator_py.dir/rosidl_generator_py/mocap_msgs/msg/_markers_s.c.o[0m
[ 85%] [32mBuilding C object CMakeFiles/mocap_msgs__rosidl_generator_py.dir/rosidl_generator_py/mocap_msgs/msg/_imus_info_s.c.o[0m
[ 87%] [32mBuilding C object CMakeFiles/mocap_msgs__rosidl_generator_py.dir/rosidl_generator_py/mocap_msgs/msg/_rigid_body_s.c.o[0m
[ 88%] [32mBuilding C object CMakeFiles/mocap_msgs__rosidl_generator_py.dir/rosidl_generator_py/mocap_msgs/msg/_rigid_bodies_s.c.o[0m
[ 90%] [32m[1mLinking C shared library rosidl_generator_py/mocap_msgs/libmocap_msgs__rosidl_generator_py.so[0m
[ 90%] Built target mocap_msgs__rosidl_generator_py
[ 92%] [32mBuilding C object CMakeFiles/mocap_msgs__rosidl_typesupport_fastrtps_c__pyext.dir/rosidl_generator_py/mocap_msgs/_mocap_msgs_s.ep.rosidl_typesupport_fastrtps_c.c.o[0m
[ 93%] [32mBuilding C object CMakeFiles/mocap_msgs__rosidl_typesupport_introspection_c__pyext.dir/rosidl_generator_py/mocap_msgs/_mocap_msgs_s.ep.rosidl_typesupport_introspection_c.c.o[0m
[ 95%] [32m[1mLinking C shared library rosidl_generator_py/mocap_msgs/mocap_msgs_s__rosidl_typesupport_fastrtps_c.cpython-310-x86_64-linux-gnu.so[0m
[ 96%] [32m[1mLinking C shared library rosidl_generator_py/mocap_msgs/mocap_msgs_s__rosidl_typesupport_introspection_c.cpython-310-x86_64-linux-gnu.so[0m
[ 96%] Built target mocap_msgs__rosidl_typesupport_fastrtps_c__pyext
[ 98%] [32mBuilding C object CMakeFiles/mocap_msgs__rosidl_typesupport_c__pyext.dir/rosidl_generator_py/mocap_msgs/_mocap_msgs_s.ep.rosidl_typesupport_c.c.o[0m
[ 98%] Built target mocap_msgs__rosidl_typesupport_introspection_c__pyext
[100%] [32m[1mLinking C shared library rosidl_generator_py/mocap_msgs/mocap_msgs_s__rosidl_typesupport_c.cpython-310-x86_64-linux-gnu.so[0m
[100%] Built target mocap_msgs__rosidl_typesupport_c__pyext
-- Install configuration: ""
-- Installing: /home/user/ros_ws/install/mocap_msgs/share/ament_index/resource_index/rosidl_interfaces/mocap_msgs
-- Installing: /home/user/ros_ws/install/mocap_msgs/include/mocap_msgs/mocap_msgs
-- Installing: /home/user/ros_ws/install/mocap_msgs/include/mocap_msgs/mocap_msgs/msg
-- Installing: /home/user/ros_ws/install/mocap_msgs/include/mocap_msgs/mocap_msgs/msg/markers.h
-- Installing: /home/user/ros_ws/install/mocap_msgs/include/mocap_msgs/mocap_msgs/msg/rigid_body.h
-- Installing: /home/user/ros_ws/install/mocap_msgs/include/mocap_msgs/mocap_msgs/msg/rigid_bodies.h
-- Installing: /home/user/ros_ws/install/mocap_msgs/include/mocap_msgs/mocap_msgs/msg/detail
-- Installing: /home/user/ros_ws/install/mocap_msgs/include/mocap_msgs/mocap_msgs/msg/detail/markers__type_support.h
-- Installing: /home/user/ros_ws/install/mocap_msgs/include/mocap_msgs/mocap_msgs/msg/detail/imus_info__functions.h
-- Installing: /home/user/ros_ws/install/mocap_msgs/include/mocap_msgs/mocap_msgs/msg/detail/rigid_bodies__type_support.h
-- Installing: /home/user/ros_ws/install/mocap_msgs/include/mocap_msgs/mocap_msgs/msg/detail/marker__functions.h
-- Installing: /home/user/ros_ws/install/mocap_msgs/include/mocap_msgs/mocap_msgs/msg/detail/rigid_bodies__struct.h
-- Installing: /home/user/ros_ws/install/mocap_msgs/include/mocap_msgs/mocap_msgs/msg/detail/imus_info__type_support.h
-- Installing: /home/user/ros_ws/install/mocap_msgs/include/mocap_msgs/mocap_msgs/msg/detail/rigid_body__functions.h
-- Installing: /home/user/ros_ws/install/mocap_msgs/include/mocap_msgs/mocap_msgs/msg/detail/markers__struct.h
-- Installing: /home/user/ros_ws/install/mocap_msgs/include/mocap_msgs/mocap_msgs/msg/detail/marker__type_support.h
-- Installing: /home/user/ros_ws/install/mocap_msgs/include/mocap_msgs/mocap_msgs/msg/detail/markers__functions.c
-- Installing: /home/user/ros_ws/install/mocap_msgs/include/mocap_msgs/mocap_msgs/msg/detail/rigid_body__type_support.h
-- Installing: /home/user/ros_ws/install/mocap_msgs/include/mocap_msgs/mocap_msgs/msg/detail/rigid_body__struct.h
-- Installing: /home/user/ros_ws/install/mocap_msgs/include/mocap_msgs/mocap_msgs/msg/detail/rigid_bodies__functions.h
-- Installing: /home/user/ros_ws/install/mocap_msgs/include/mocap_msgs/mocap_msgs/msg/detail/marker__functions.c
-- Installing: /home/user/ros_ws/install/mocap_msgs/include/mocap_msgs/mocap_msgs/msg/detail/markers__functions.h
-- Installing: /home/user/ros_ws/install/mocap_msgs/include/mocap_msgs/mocap_msgs/msg/detail/imus_info__struct.h
-- Installing: /home/user/ros_ws/install/mocap_msgs/include/mocap_msgs/mocap_msgs/msg/detail/rigid_bodies__functions.c
-- Installing: /home/user/ros_ws/install/mocap_msgs/include/mocap_msgs/mocap_msgs/msg/detail/imus_info__functions.c
-- Installing: /home/user/ros_ws/install/mocap_msgs/include/mocap_msgs/mocap_msgs/msg/detail/rigid_body__functions.c
-- Installing: /home/user/ros_ws/install/mocap_msgs/include/mocap_msgs/mocap_msgs/msg/detail/marker__struct.h
-- Installing: /home/user/ros_ws/install/mocap_msgs/include/mocap_msgs/mocap_msgs/msg/marker.h
-- Installing: /home/user/ros_ws/install/mocap_msgs/include/mocap_msgs/mocap_msgs/msg/imus_info.h
-- Installing: /home/user/ros_ws/install/mocap_msgs/include/mocap_msgs/mocap_msgs/msg/rosidl_generator_c__visibility_control.h
-- Installing: /home/user/ros_ws/install/mocap_msgs/share/mocap_msgs/environment/library_path.sh
-- Installing: /home/user/ros_ws/install/mocap_msgs/share/mocap_msgs/environment/library_path.dsv
-- Installing: /home/user/ros_ws/install/mocap_msgs/lib/libmocap_msgs__rosidl_generator_c.so
-- Set runtime path of "/home/user/ros_ws/install/mocap_msgs/lib/libmocap_msgs__rosidl_generator_c.so" to ""
-- Up-to-date: /home/user/ros_ws/install/mocap_msgs/include/mocap_msgs/mocap_msgs
-- Up-to-date: /home/user/ros_ws/install/mocap_msgs/include/mocap_msgs/mocap_msgs/msg
-- Installing: /home/user/ros_ws/install/mocap_msgs/include/mocap_msgs/mocap_msgs/msg/rosidl_typesupport_fastrtps_c__visibility_control.h
-- Up-to-date: /home/user/ros_ws/install/mocap_msgs/include/mocap_msgs/mocap_msgs/msg/detail
-- Installing: /home/user/ros_ws/install/mocap_msgs/include/mocap_msgs/mocap_msgs/msg/detail/rigid_bodies__rosidl_typesupport_fastrtps_c.h
-- Installing: /home/user/ros_ws/install/mocap_msgs/include/mocap_msgs/mocap_msgs/msg/detail/rigid_body__rosidl_typesupport_fastrtps_c.h
-- Installing: /home/user/ros_ws/install/mocap_msgs/include/mocap_msgs/mocap_msgs/msg/detail/imus_info__rosidl_typesupport_fastrtps_c.h
-- Installing: /home/user/ros_ws/install/mocap_msgs/include/mocap_msgs/mocap_msgs/msg/detail/markers__rosidl_typesupport_fastrtps_c.h
-- Installing: /home/user/ros_ws/install/mocap_msgs/include/mocap_msgs/mocap_msgs/msg/detail/marker__rosidl_typesupport_fastrtps_c.h
-- Installing: /home/user/ros_ws/install/mocap_msgs/lib/libmocap_msgs__rosidl_typesupport_fastrtps_c.so
-- Set runtime path of "/home/user/ros_ws/install/mocap_msgs/lib/libmocap_msgs__rosidl_typesupport_fastrtps_c.so" to ""
-- Up-to-date: /home/user/ros_ws/install/mocap_msgs/include/mocap_msgs/mocap_msgs
-- Up-to-date: /home/user/ros_ws/install/mocap_msgs/include/mocap_msgs/mocap_msgs/msg
-- Installing: /home/user/ros_ws/install/mocap_msgs/include/mocap_msgs/mocap_msgs/msg/rosidl_typesupport_introspection_c__visibility_control.h
-- Up-to-date: /home/user/ros_ws/install/mocap_msgs/include/mocap_msgs/mocap_msgs/msg/detail
-- Installing: /home/user/ros_ws/install/mocap_msgs/include/mocap_msgs/mocap_msgs/msg/detail/rigid_body__type_support.c
-- Installing: /home/user/ros_ws/install/mocap_msgs/include/mocap_msgs/mocap_msgs/msg/detail/markers__rosidl_typesupport_introspection_c.h
-- Installing: /home/user/ros_ws/install/mocap_msgs/include/mocap_msgs/mocap_msgs/msg/detail/rigid_bodies__rosidl_typesupport_introspection_c.h
-- Installing: /home/user/ros_ws/install/mocap_msgs/include/mocap_msgs/mocap_msgs/msg/detail/imus_info__type_support.c
-- Installing: /home/user/ros_ws/install/mocap_msgs/include/mocap_msgs/mocap_msgs/msg/detail/rigid_body__rosidl_typesupport_introspection_c.h
-- Installing: /home/user/ros_ws/install/mocap_msgs/include/mocap_msgs/mocap_msgs/msg/detail/marker__rosidl_typesupport_introspection_c.h
-- Installing: /home/user/ros_ws/install/mocap_msgs/include/mocap_msgs/mocap_msgs/msg/detail/rigid_bodies__type_support.c
-- Installing: /home/user/ros_ws/install/mocap_msgs/include/mocap_msgs/mocap_msgs/msg/detail/imus_info__rosidl_typesupport_introspection_c.h
-- Installing: /home/user/ros_ws/install/mocap_msgs/include/mocap_msgs/mocap_msgs/msg/detail/marker__type_support.c
-- Installing: /home/user/ros_ws/install/mocap_msgs/include/mocap_msgs/mocap_msgs/msg/detail/markers__type_support.c
-- Installing: /home/user/ros_ws/install/mocap_msgs/lib/libmocap_msgs__rosidl_typesupport_introspection_c.so
-- Set runtime path of "/home/user/ros_ws/install/mocap_msgs/lib/libmocap_msgs__rosidl_typesupport_introspection_c.so" to ""
-- Installing: /home/user/ros_ws/install/mocap_msgs/lib/libmocap_msgs__rosidl_typesupport_c.so
-- Set runtime path of "/home/user/ros_ws/install/mocap_msgs/lib/libmocap_msgs__rosidl_typesupport_c.so" to ""
-- Up-to-date: /home/user/ros_ws/install/mocap_msgs/include/mocap_msgs/mocap_msgs
-- Up-to-date: /home/user/ros_ws/install/mocap_msgs/include/mocap_msgs/mocap_msgs/msg
-- Installing: /home/user/ros_ws/install/mocap_msgs/include/mocap_msgs/mocap_msgs/msg/markers.hpp
-- Installing: /home/user/ros_ws/install/mocap_msgs/include/mocap_msgs/mocap_msgs/msg/rigid_bodies.hpp
-- Up-to-date: /home/user/ros_ws/install/mocap_msgs/include/mocap_msgs/mocap_msgs/msg/detail
-- Installing: /home/user/ros_ws/install/mocap_msgs/include/mocap_msgs/mocap_msgs/msg/detail/imus_info__struct.hpp
-- Installing: /home/user/ros_ws/install/mocap_msgs/include/mocap_msgs/mocap_msgs/msg/detail/rigid_bodies__builder.hpp
-- Installing: /home/user/ros_ws/install/mocap_msgs/include/mocap_msgs/mocap_msgs/msg/detail/markers__builder.hpp
-- Installing: /home/user/ros_ws/install/mocap_msgs/include/mocap_msgs/mocap_msgs/msg/detail/rigid_bodies__type_support.hpp
-- Installing: /home/user/ros_ws/install/mocap_msgs/include/mocap_msgs/mocap_msgs/msg/detail/rigid_body__traits.hpp
-- Installing: /home/user/ros_ws/install/mocap_msgs/include/mocap_msgs/mocap_msgs/msg/detail/rigid_body__builder.hpp
-- Installing: /home/user/ros_ws/install/mocap_msgs/include/mocap_msgs/mocap_msgs/msg/detail/markers__type_support.hpp
-- Installing: /home/user/ros_ws/install/mocap_msgs/include/mocap_msgs/mocap_msgs/msg/detail/imus_info__traits.hpp
-- Installing: /home/user/ros_ws/install/mocap_msgs/include/mocap_msgs/mocap_msgs/msg/detail/marker__type_support.hpp
-- Installing: /home/user/ros_ws/install/mocap_msgs/include/mocap_msgs/mocap_msgs/msg/detail/markers__traits.hpp
-- Installing: /home/user/ros_ws/install/mocap_msgs/include/mocap_msgs/mocap_msgs/msg/detail/rigid_body__type_support.hpp
-- Installing: /home/user/ros_ws/install/mocap_msgs/include/mocap_msgs/mocap_msgs/msg/detail/rigid_bodies__struct.hpp
-- Installing: /home/user/ros_ws/install/mocap_msgs/include/mocap_msgs/mocap_msgs/msg/detail/imus_info__type_support.hpp
-- Installing: /home/user/ros_ws/install/mocap_msgs/include/mocap_msgs/mocap_msgs/msg/detail/rigid_body__struct.hpp
-- Installing: /home/user/ros_ws/install/mocap_msgs/include/mocap_msgs/mocap_msgs/msg/detail/rigid_bodies__traits.hpp
-- Installing: /home/user/ros_ws/install/mocap_msgs/include/mocap_msgs/mocap_msgs/msg/detail/imus_info__builder.hpp
-- Installing: /home/user/ros_ws/install/mocap_msgs/include/mocap_msgs/mocap_msgs/msg/detail/marker__builder.hpp
-- Installing: /home/user/ros_ws/install/mocap_msgs/include/mocap_msgs/mocap_msgs/msg/detail/markers__struct.hpp
-- Installing: /home/user/ros_ws/install/mocap_msgs/include/mocap_msgs/mocap_msgs/msg/detail/marker__struct.hpp
-- Installing: /home/user/ros_ws/install/mocap_msgs/include/mocap_msgs/mocap_msgs/msg/detail/marker__traits.hpp
-- Installing: /home/user/ros_ws/install/mocap_msgs/include/mocap_msgs/mocap_msgs/msg/imus_info.hpp
-- Installing: /home/user/ros_ws/install/mocap_msgs/include/mocap_msgs/mocap_msgs/msg/rigid_body.hpp
-- Installing: /home/user/ros_ws/install/mocap_msgs/include/mocap_msgs/mocap_msgs/msg/rosidl_generator_cpp__visibility_control.hpp
-- Installing: /home/user/ros_ws/install/mocap_msgs/include/mocap_msgs/mocap_msgs/msg/marker.hpp
-- Up-to-date: /home/user/ros_ws/install/mocap_msgs/include/mocap_msgs/mocap_msgs
-- Up-to-date: /home/user/ros_ws/install/mocap_msgs/include/mocap_msgs/mocap_msgs/msg
-- Up-to-date: /home/user/ros_ws/install/mocap_msgs/include/mocap_msgs/mocap_msgs/msg/detail
-- Installing: /home/user/ros_ws/install/mocap_msgs/include/mocap_msgs/mocap_msgs/msg/detail/marker__rosidl_typesupport_fastrtps_cpp.hpp
-- Installing: /home/user/ros_ws/install/mocap_msgs/include/mocap_msgs/mocap_msgs/msg/detail/imus_info__rosidl_typesupport_fastrtps_cpp.hpp
-- Installing: /home/user/ros_ws/install/mocap_msgs/include/mocap_msgs/mocap_msgs/msg/detail/rigid_bodies__rosidl_typesupport_fastrtps_cpp.hpp
-- Installing: /home/user/ros_ws/install/mocap_msgs/include/mocap_msgs/mocap_msgs/msg/detail/dds_fastrtps
-- Installing: /home/user/ros_ws/install/mocap_msgs/include/mocap_msgs/mocap_msgs/msg/detail/markers__rosidl_typesupport_fastrtps_cpp.hpp
-- Installing: /home/user/ros_ws/install/mocap_msgs/include/mocap_msgs/mocap_msgs/msg/detail/rigid_body__rosidl_typesupport_fastrtps_cpp.hpp
-- Installing: /home/user/ros_ws/install/mocap_msgs/include/mocap_msgs/mocap_msgs/msg/rosidl_typesupport_fastrtps_cpp__visibility_control.h
-- Installing: /home/user/ros_ws/install/mocap_msgs/lib/libmocap_msgs__rosidl_typesupport_fastrtps_cpp.so
-- Set runtime path of "/home/user/ros_ws/install/mocap_msgs/lib/libmocap_msgs__rosidl_typesupport_fastrtps_cpp.so" to ""
-- Up-to-date: /home/user/ros_ws/install/mocap_msgs/include/mocap_msgs/mocap_msgs
-- Up-to-date: /home/user/ros_ws/install/mocap_msgs/include/mocap_msgs/mocap_msgs/msg
-- Up-to-date: /home/user/ros_ws/install/mocap_msgs/include/mocap_msgs/mocap_msgs/msg/detail
-- Installing: /home/user/ros_ws/install/mocap_msgs/include/mocap_msgs/mocap_msgs/msg/detail/rigid_body__type_support.cpp
-- Installing: /home/user/ros_ws/install/mocap_msgs/include/mocap_msgs/mocap_msgs/msg/detail/imus_info__type_support.cpp
-- Installing: /home/user/ros_ws/install/mocap_msgs/include/mocap_msgs/mocap_msgs/msg/detail/rigid_bodies__rosidl_typesupport_introspection_cpp.hpp
-- Installing: /home/user/ros_ws/install/mocap_msgs/include/mocap_msgs/mocap_msgs/msg/detail/markers__rosidl_typesupport_introspection_cpp.hpp
-- Installing: /home/user/ros_ws/install/mocap_msgs/include/mocap_msgs/mocap_msgs/msg/detail/rigid_bodies__type_support.cpp
-- Installing: /home/user/ros_ws/install/mocap_msgs/include/mocap_msgs/mocap_msgs/msg/detail/rigid_body__rosidl_typesupport_introspection_cpp.hpp
-- Installing: /home/user/ros_ws/install/mocap_msgs/include/mocap_msgs/mocap_msgs/msg/detail/marker__type_support.cpp
-- Installing: /home/user/ros_ws/install/mocap_msgs/include/mocap_msgs/mocap_msgs/msg/detail/imus_info__rosidl_typesupport_introspection_cpp.hpp
-- Installing: /home/user/ros_ws/install/mocap_msgs/include/mocap_msgs/mocap_msgs/msg/detail/marker__rosidl_typesupport_introspection_cpp.hpp
-- Installing: /home/user/ros_ws/install/mocap_msgs/include/mocap_msgs/mocap_msgs/msg/detail/markers__type_support.cpp
-- Installing: /home/user/ros_ws/install/mocap_msgs/lib/libmocap_msgs__rosidl_typesupport_introspection_cpp.so
-- Set runtime path of "/home/user/ros_ws/install/mocap_msgs/lib/libmocap_msgs__rosidl_typesupport_introspection_cpp.so" to ""
-- Installing: /home/user/ros_ws/install/mocap_msgs/lib/libmocap_msgs__rosidl_typesupport_cpp.so
-- Set runtime path of "/home/user/ros_ws/install/mocap_msgs/lib/libmocap_msgs__rosidl_typesupport_cpp.so" to ""
-- Installing: /home/user/ros_ws/install/mocap_msgs/share/mocap_msgs/environment/pythonpath.sh
-- Installing: /home/user/ros_ws/install/mocap_msgs/share/mocap_msgs/environment/pythonpath.dsv
-- Installing: /home/user/ros_ws/install/mocap_msgs/local/lib/python3.10/dist-packages/mocap_msgs-0.0.3-py3.10.egg-info
-- Installing: /home/user/ros_ws/install/mocap_msgs/local/lib/python3.10/dist-packages/mocap_msgs-0.0.3-py3.10.egg-info/dependency_links.txt
-- Installing: /home/user/ros_ws/install/mocap_msgs/local/lib/python3.10/dist-packages/mocap_msgs-0.0.3-py3.10.egg-info/SOURCES.txt
-- Installing: /home/user/ros_ws/install/mocap_msgs/local/lib/python3.10/dist-packages/mocap_msgs-0.0.3-py3.10.egg-info/PKG-INFO
-- Installing: /home/user/ros_ws/install/mocap_msgs/local/lib/python3.10/dist-packages/mocap_msgs-0.0.3-py3.10.egg-info/top_level.txt
-- Installing: /home/user/ros_ws/install/mocap_msgs/local/lib/python3.10/dist-packages/mocap_msgs
-- Installing: /home/user/ros_ws/install/mocap_msgs/local/lib/python3.10/dist-packages/mocap_msgs/libmocap_msgs__rosidl_generator_py.so
-- Installing: /home/user/ros_ws/install/mocap_msgs/local/lib/python3.10/dist-packages/mocap_msgs/_mocap_msgs_s.ep.rosidl_typesupport_c.c
-- Installing: /home/user/ros_ws/install/mocap_msgs/local/lib/python3.10/dist-packages/mocap_msgs/msg
-- Installing: /home/user/ros_ws/install/mocap_msgs/local/lib/python3.10/dist-packages/mocap_msgs/msg/_marker.py
-- Installing: /home/user/ros_ws/install/mocap_msgs/local/lib/python3.10/dist-packages/mocap_msgs/msg/_marker_s.c
-- Installing: /home/user/ros_ws/install/mocap_msgs/local/lib/python3.10/dist-packages/mocap_msgs/msg/_rigid_body.py
-- Installing: /home/user/ros_ws/install/mocap_msgs/local/lib/python3.10/dist-packages/mocap_msgs/msg/_imus_info_s.c
-- Installing: /home/user/ros_ws/install/mocap_msgs/local/lib/python3.10/dist-packages/mocap_msgs/msg/_rigid_bodies_s.c
-- Installing: /home/user/ros_ws/install/mocap_msgs/local/lib/python3.10/dist-packages/mocap_msgs/msg/_rigid_bodies.py
-- Installing: /home/user/ros_ws/install/mocap_msgs/local/lib/python3.10/dist-packages/mocap_msgs/msg/_imus_info.py
-- Installing: /home/user/ros_ws/install/mocap_msgs/local/lib/python3.10/dist-packages/mocap_msgs/msg/__init__.py
-- Installing: /home/user/ros_ws/install/mocap_msgs/local/lib/python3.10/dist-packages/mocap_msgs/msg/_markers.py
-- Installing: /home/user/ros_ws/install/mocap_msgs/local/lib/python3.10/dist-packages/mocap_msgs/msg/_rigid_body_s.c
-- Installing: /home/user/ros_ws/install/mocap_msgs/local/lib/python3.10/dist-packages/mocap_msgs/msg/_markers_s.c
-- Installing: /home/user/ros_ws/install/mocap_msgs/local/lib/python3.10/dist-packages/mocap_msgs/_mocap_msgs_s.ep.rosidl_typesupport_introspection_c.c
-- Installing: /home/user/ros_ws/install/mocap_msgs/local/lib/python3.10/dist-packages/mocap_msgs/mocap_msgs_s__rosidl_typesupport_fastrtps_c.cpython-310-x86_64-linux-gnu.so
-- Installing: /home/user/ros_ws/install/mocap_msgs/local/lib/python3.10/dist-packages/mocap_msgs/mocap_msgs_s__rosidl_typesupport_c.cpython-310-x86_64-linux-gnu.so
-- Installing: /home/user/ros_ws/install/mocap_msgs/local/lib/python3.10/dist-packages/mocap_msgs/mocap_msgs_s__rosidl_typesupport_introspection_c.cpython-310-x86_64-linux-gnu.so
-- Installing: /home/user/ros_ws/install/mocap_msgs/local/lib/python3.10/dist-packages/mocap_msgs/__init__.py
-- Installing: /home/user/ros_ws/install/mocap_msgs/local/lib/python3.10/dist-packages/mocap_msgs/_mocap_msgs_s.ep.rosidl_typesupport_fastrtps_c.c
Listing '/home/user/ros_ws/install/mocap_msgs/local/lib/python3.10/dist-packages/mocap_msgs'...
Compiling '/home/user/ros_ws/install/mocap_msgs/local/lib/python3.10/dist-packages/mocap_msgs/__init__.py'...
Listing '/home/user/ros_ws/install/mocap_msgs/local/lib/python3.10/dist-packages/mocap_msgs/msg'...
Compiling '/home/user/ros_ws/install/mocap_msgs/local/lib/python3.10/dist-packages/mocap_msgs/msg/__init__.py'...
Compiling '/home/user/ros_ws/install/mocap_msgs/local/lib/python3.10/dist-packages/mocap_msgs/msg/_imus_info.py'...
Compiling '/home/user/ros_ws/install/mocap_msgs/local/lib/python3.10/dist-packages/mocap_msgs/msg/_marker.py'...
Compiling '/home/user/ros_ws/install/mocap_msgs/local/lib/python3.10/dist-packages/mocap_msgs/msg/_markers.py'...
Compiling '/home/user/ros_ws/install/mocap_msgs/local/lib/python3.10/dist-packages/mocap_msgs/msg/_rigid_bodies.py'...
Compiling '/home/user/ros_ws/install/mocap_msgs/local/lib/python3.10/dist-packages/mocap_msgs/msg/_rigid_body.py'...
-- Installing: /home/user/ros_ws/install/mocap_msgs/local/lib/python3.10/dist-packages/mocap_msgs/mocap_msgs_s__rosidl_typesupport_fastrtps_c.cpython-310-x86_64-linux-gnu.so
-- Set runtime path of "/home/user/ros_ws/install/mocap_msgs/local/lib/python3.10/dist-packages/mocap_msgs/mocap_msgs_s__rosidl_typesupport_fastrtps_c.cpython-310-x86_64-linux-gnu.so" to ""
-- Installing: /home/user/ros_ws/install/mocap_msgs/local/lib/python3.10/dist-packages/mocap_msgs/mocap_msgs_s__rosidl_typesupport_introspection_c.cpython-310-x86_64-linux-gnu.so
-- Set runtime path of "/home/user/ros_ws/install/mocap_msgs/local/lib/python3.10/dist-packages/mocap_msgs/mocap_msgs_s__rosidl_typesupport_introspection_c.cpython-310-x86_64-linux-gnu.so" to ""
-- Installing: /home/user/ros_ws/install/mocap_msgs/local/lib/python3.10/dist-packages/mocap_msgs/mocap_msgs_s__rosidl_typesupport_c.cpython-310-x86_64-linux-gnu.so
-- Set runtime path of "/home/user/ros_ws/install/mocap_msgs/local/lib/python3.10/dist-packages/mocap_msgs/mocap_msgs_s__rosidl_typesupport_c.cpython-310-x86_64-linux-gnu.so" to ""
-- Installing: /home/user/ros_ws/install/mocap_msgs/lib/libmocap_msgs__rosidl_generator_py.so
-- Set runtime path of "/home/user/ros_ws/install/mocap_msgs/lib/libmocap_msgs__rosidl_generator_py.so" to ""
-- Installing: /home/user/ros_ws/install/mocap_msgs/share/mocap_msgs/msg/Marker.idl
-- Installing: /home/user/ros_ws/install/mocap_msgs/share/mocap_msgs/msg/Markers.idl
-- Installing: /home/user/ros_ws/install/mocap_msgs/share/mocap_msgs/msg/ImusInfo.idl
-- Installing: /home/user/ros_ws/install/mocap_msgs/share/mocap_msgs/msg/RigidBody.idl
-- Installing: /home/user/ros_ws/install/mocap_msgs/share/mocap_msgs/msg/RigidBodies.idl
-- Installing: /home/user/ros_ws/install/mocap_msgs/share/mocap_msgs/msg/Marker.msg
-- Installing: /home/user/ros_ws/install/mocap_msgs/share/mocap_msgs/msg/Markers.msg
-- Installing: /home/user/ros_ws/install/mocap_msgs/share/mocap_msgs/msg/ImusInfo.msg
-- Installing: /home/user/ros_ws/install/mocap_msgs/share/mocap_msgs/msg/RigidBody.msg
-- Installing: /home/user/ros_ws/install/mocap_msgs/share/mocap_msgs/msg/RigidBodies.msg
-- Installing: /home/user/ros_ws/install/mocap_msgs/share/mocap_msgs/mocap_bridge_mapping_rule.yaml
-- Installing: /home/user/ros_ws/install/mocap_msgs/share/ament_index/resource_index/package_run_dependencies/mocap_msgs
-- Installing: /home/user/ros_ws/install/mocap_msgs/share/ament_index/resource_index/parent_prefix_path/mocap_msgs
-- Installing: /home/user/ros_ws/install/mocap_msgs/share/mocap_msgs/environment/ament_prefix_path.sh
-- Installing: /home/user/ros_ws/install/mocap_msgs/share/mocap_msgs/environment/ament_prefix_path.dsv
-- Installing: /home/user/ros_ws/install/mocap_msgs/share/mocap_msgs/environment/path.sh
-- Installing: /home/user/ros_ws/install/mocap_msgs/share/mocap_msgs/environment/path.dsv
-- Installing: /home/user/ros_ws/install/mocap_msgs/share/mocap_msgs/local_setup.bash
-- Installing: /home/user/ros_ws/install/mocap_msgs/share/mocap_msgs/local_setup.sh
-- Installing: /home/user/ros_ws/install/mocap_msgs/share/mocap_msgs/local_setup.zsh
-- Installing: /home/user/ros_ws/install/mocap_msgs/share/mocap_msgs/local_setup.dsv
-- Installing: /home/user/ros_ws/install/mocap_msgs/share/mocap_msgs/package.dsv
-- Installing: /home/user/ros_ws/install/mocap_msgs/share/ament_index/resource_index/packages/mocap_msgs
-- Installing: /home/user/ros_ws/install/mocap_msgs/share/mocap_msgs/cmake/export_mocap_msgs__rosidl_generator_cExport.cmake
-- Installing: /home/user/ros_ws/install/mocap_msgs/share/mocap_msgs/cmake/export_mocap_msgs__rosidl_generator_cExport-noconfig.cmake
-- Installing: /home/user/ros_ws/install/mocap_msgs/share/mocap_msgs/cmake/export_mocap_msgs__rosidl_typesupport_fastrtps_cExport.cmake
-- Installing: /home/user/ros_ws/install/mocap_msgs/share/mocap_msgs/cmake/export_mocap_msgs__rosidl_typesupport_fastrtps_cExport-noconfig.cmake
-- Installing: /home/user/ros_ws/install/mocap_msgs/share/mocap_msgs/cmake/mocap_msgs__rosidl_typesupport_introspection_cExport.cmake
-- Installing: /home/user/ros_ws/install/mocap_msgs/share/mocap_msgs/cmake/mocap_msgs__rosidl_typesupport_introspection_cExport-noconfig.cmake
-- Installing: /home/user/ros_ws/install/mocap_msgs/share/mocap_msgs/cmake/mocap_msgs__rosidl_typesupport_cExport.cmake
-- Installing: /home/user/ros_ws/install/mocap_msgs/share/mocap_msgs/cmake/mocap_msgs__rosidl_typesupport_cExport-noconfig.cmake
-- Installing: /home/user/ros_ws/install/mocap_msgs/share/mocap_msgs/cmake/export_mocap_msgs__rosidl_generator_cppExport.cmake
-- Installing: /home/user/ros_ws/install/mocap_msgs/share/mocap_msgs/cmake/export_mocap_msgs__rosidl_typesupport_fastrtps_cppExport.cmake
-- Installing: /home/user/ros_ws/install/mocap_msgs/share/mocap_msgs/cmake/export_mocap_msgs__rosidl_typesupport_fastrtps_cppExport-noconfig.cmake
-- Installing: /home/user/ros_ws/install/mocap_msgs/share/mocap_msgs/cmake/mocap_msgs__rosidl_typesupport_introspection_cppExport.cmake
-- Installing: /home/user/ros_ws/install/mocap_msgs/share/mocap_msgs/cmake/mocap_msgs__rosidl_typesupport_introspection_cppExport-noconfig.cmake
-- Installing: /home/user/ros_ws/install/mocap_msgs/share/mocap_msgs/cmake/mocap_msgs__rosidl_typesupport_cppExport.cmake
-- Installing: /home/user/ros_ws/install/mocap_msgs/share/mocap_msgs/cmake/mocap_msgs__rosidl_typesupport_cppExport-noconfig.cmake
-- Installing: /home/user/ros_ws/install/mocap_msgs/share/mocap_msgs/cmake/export_mocap_msgs__rosidl_generator_pyExport.cmake
-- Installing: /home/user/ros_ws/install/mocap_msgs/share/mocap_msgs/cmake/export_mocap_msgs__rosidl_generator_pyExport-noconfig.cmake
-- Installing: /home/user/ros_ws/install/mocap_msgs/share/mocap_msgs/cmake/rosidl_cmake-extras.cmake
-- Installing: /home/user/ros_ws/install/mocap_msgs/share/mocap_msgs/cmake/ament_cmake_export_dependencies-extras.cmake
-- Installing: /home/user/ros_ws/install/mocap_msgs/share/mocap_msgs/cmake/ament_cmake_export_include_directories-extras.cmake
-- Installing: /home/user/ros_ws/install/mocap_msgs/share/mocap_msgs/cmake/ament_cmake_export_libraries-extras.cmake
-- Installing: /home/user/ros_ws/install/mocap_msgs/share/mocap_msgs/cmake/ament_cmake_export_targets-extras.cmake
-- Installing: /home/user/ros_ws/install/mocap_msgs/share/mocap_msgs/cmake/rosidl_cmake_export_typesupport_targets-extras.cmake
-- Installing: /home/user/ros_ws/install/mocap_msgs/share/mocap_msgs/cmake/rosidl_cmake_export_typesupport_libraries-extras.cmake
-- Installing: /home/user/ros_ws/install/mocap_msgs/share/mocap_msgs/cmake/mocap_msgsConfig.cmake
-- Installing: /home/user/ros_ws/install/mocap_msgs/share/mocap_msgs/cmake/mocap_msgsConfig-version.cmake
-- Installing: /home/user/ros_ws/install/mocap_msgs/share/mocap_msgs/package.xml
