[2.580s] Invoking command in '/home/user/ros_ws/src/loc_package': PYTHONPATH=/home/user/ros_ws/build/loc_package/prefix_override:/usr/lib/python3/dist-packages/colcon_core/task/python/colcon_distutils_commands:/home/user/ros_ws/install/loc_package/lib/python3.10/site-packages:${PYTHONPATH} /usr/bin/python3 -W ignore:setup.py install is deprecated -W ignore:easy_install command is deprecated setup.py egg_info --egg-base ../../build/loc_package build --build-base /home/user/ros_ws/build/loc_package/build install --record /home/user/ros_ws/build/loc_package/install.log --single-version-externally-managed install_data
[3.408s] running egg_info
[3.411s] writing ../../build/loc_package/loc_package.egg-info/PKG-INFO
[3.411s] writing dependency_links to ../../build/loc_package/loc_package.egg-info/dependency_links.txt
[3.412s] writing entry points to ../../build/loc_package/loc_package.egg-info/entry_points.txt
[3.415s] writing requirements to ../../build/loc_package/loc_package.egg-info/requires.txt
[3.415s] writing top-level names to ../../build/loc_package/loc_package.egg-info/top_level.txt
[3.417s] reading manifest file '../../build/loc_package/loc_package.egg-info/SOURCES.txt'
[3.417s] adding license file 'LICENSE'
[3.420s] writing manifest file '../../build/loc_package/loc_package.egg-info/SOURCES.txt'
[3.420s] running build
[3.420s] running build_py
[3.420s] running install
[3.422s] running install_lib
[3.426s] running install_data
[3.426s] running install_egg_info
[3.430s] removing '/home/user/ros_ws/install/loc_package/lib/python3.10/site-packages/loc_package-0.0.0-py3.10.egg-info' (and everything under it)
[3.431s] Copying ../../build/loc_package/loc_package.egg-info to /home/user/ros_ws/install/loc_package/lib/python3.10/site-packages/loc_package-0.0.0-py3.10.egg-info
[3.431s] running install_scripts
[3.482s] Installing loc_node script to /home/user/ros_ws/install/loc_package/lib/loc_package
[3.482s] writing list of installed files to '/home/user/ros_ws/build/loc_package/install.log'
[3.541s] Invoked command in '/home/user/ros_ws/src/loc_package' returned '0': PYTHONPATH=/home/user/ros_ws/build/loc_package/prefix_override:/usr/lib/python3/dist-packages/colcon_core/task/python/colcon_distutils_commands:/home/user/ros_ws/install/loc_package/lib/python3.10/site-packages:${PYTHONPATH} /usr/bin/python3 -W ignore:setup.py install is deprecated -W ignore:easy_install command is deprecated setup.py egg_info --egg-base ../../build/loc_package build --build-base /home/user/ros_ws/build/loc_package/build install --record /home/user/ros_ws/build/loc_package/install.log --single-version-externally-managed install_data
