[1.771s] Invoking command in '/home/user/ros_ws/src/loc_package': PYTHONPATH=/home/user/ros_ws/build/loc_package/prefix_override:/usr/lib/python3/dist-packages/colcon_core/task/python/colcon_distutils_commands:/home/user/ros_ws/install/loc_package/lib/python3.10/site-packages:${PYTHONPATH} /usr/bin/python3 -W ignore:setup.py install is deprecated -W ignore:easy_install command is deprecated setup.py egg_info --egg-base ../../build/loc_package build --build-base /home/user/ros_ws/build/loc_package/build install --record /home/user/ros_ws/build/loc_package/install.log --single-version-externally-managed install_data
[2.439s] running egg_info
[2.440s] writing ../../build/loc_package/loc_package.egg-info/PKG-INFO
[2.441s] writing dependency_links to ../../build/loc_package/loc_package.egg-info/dependency_links.txt
[2.441s] writing entry points to ../../build/loc_package/loc_package.egg-info/entry_points.txt
[2.442s] writing requirements to ../../build/loc_package/loc_package.egg-info/requires.txt
[2.442s] writing top-level names to ../../build/loc_package/loc_package.egg-info/top_level.txt
[2.447s] reading manifest file '../../build/loc_package/loc_package.egg-info/SOURCES.txt'
[2.447s] adding license file 'LICENSE'
[2.449s] writing manifest file '../../build/loc_package/loc_package.egg-info/SOURCES.txt'
[2.449s] running build
[2.449s] running build_py
[2.449s] running install
[2.452s] running install_lib
[2.453s] running install_data
[2.455s] running install_egg_info
[2.456s] removing '/home/user/ros_ws/install/loc_package/lib/python3.10/site-packages/loc_package-0.0.0-py3.10.egg-info' (and everything under it)
[2.459s] Copying ../../build/loc_package/loc_package.egg-info to /home/user/ros_ws/install/loc_package/lib/python3.10/site-packages/loc_package-0.0.0-py3.10.egg-info
[2.459s] running install_scripts
[2.506s] Installing loc_node script to /home/user/ros_ws/install/loc_package/lib/loc_package
[2.508s] writing list of installed files to '/home/user/ros_ws/build/loc_package/install.log'
[2.550s] Invoked command in '/home/user/ros_ws/src/loc_package' returned '0': PYTHONPATH=/home/user/ros_ws/build/loc_package/prefix_override:/usr/lib/python3/dist-packages/colcon_core/task/python/colcon_distutils_commands:/home/user/ros_ws/install/loc_package/lib/python3.10/site-packages:${PYTHONPATH} /usr/bin/python3 -W ignore:setup.py install is deprecated -W ignore:easy_install command is deprecated setup.py egg_info --egg-base ../../build/loc_package build --build-base /home/user/ros_ws/build/loc_package/build install --record /home/user/ros_ws/build/loc_package/install.log --single-version-externally-managed install_data
