[1.549s] Invoking command in '/home/user/ros_ws/src/loc_package': PYTHONPATH=/home/user/ros_ws/build/loc_package/prefix_override:/usr/lib/python3/dist-packages/colcon_core/task/python/colcon_distutils_commands:/home/user/ros_ws/install/loc_package/lib/python3.10/site-packages:${PYTHONPATH} /usr/bin/python3 -W ignore:setup.py install is deprecated -W ignore:easy_install command is deprecated setup.py egg_info --egg-base ../../build/loc_package build --build-base /home/user/ros_ws/build/loc_package/build install --record /home/user/ros_ws/build/loc_package/install.log --single-version-externally-managed install_data
[2.205s] running egg_info
[2.206s] writing ../../build/loc_package/loc_package.egg-info/PKG-INFO
[2.207s] writing dependency_links to ../../build/loc_package/loc_package.egg-info/dependency_links.txt
[2.207s] writing entry points to ../../build/loc_package/loc_package.egg-info/entry_points.txt
[2.208s] writing requirements to ../../build/loc_package/loc_package.egg-info/requires.txt
[2.208s] writing top-level names to ../../build/loc_package/loc_package.egg-info/top_level.txt
[2.212s] reading manifest file '../../build/loc_package/loc_package.egg-info/SOURCES.txt'
[2.212s] adding license file 'LICENSE'
[2.213s] writing manifest file '../../build/loc_package/loc_package.egg-info/SOURCES.txt'
[2.214s] running build
[2.214s] running build_py
[2.214s] running install
[2.215s] running install_lib
[2.217s] running install_data
[2.218s] running install_egg_info
[2.221s] removing '/home/user/ros_ws/install/loc_package/lib/python3.10/site-packages/loc_package-0.0.0-py3.10.egg-info' (and everything under it)
[2.221s] Copying ../../build/loc_package/loc_package.egg-info to /home/user/ros_ws/install/loc_package/lib/python3.10/site-packages/loc_package-0.0.0-py3.10.egg-info
[2.222s] running install_scripts
[2.260s] Installing loc_node script to /home/user/ros_ws/install/loc_package/lib/loc_package
[2.262s] writing list of installed files to '/home/user/ros_ws/build/loc_package/install.log'
[2.307s] Invoked command in '/home/user/ros_ws/src/loc_package' returned '0': PYTHONPATH=/home/user/ros_ws/build/loc_package/prefix_override:/usr/lib/python3/dist-packages/colcon_core/task/python/colcon_distutils_commands:/home/user/ros_ws/install/loc_package/lib/python3.10/site-packages:${PYTHONPATH} /usr/bin/python3 -W ignore:setup.py install is deprecated -W ignore:easy_install command is deprecated setup.py egg_info --egg-base ../../build/loc_package build --build-base /home/user/ros_ws/build/loc_package/build install --record /home/user/ros_ws/build/loc_package/install.log --single-version-externally-managed install_data
