[0.213s] DEBUG:colcon:Command line arguments: ['/usr/bin/colcon', 'build']
[0.213s] DEBUG:colcon:Parsed command line arguments: Namespace(log_base=None, log_level=None, verb_name='build', build_base='build', install_base='install', merge_install=False, symlink_install=False, test_result_base=None, continue_on_error=False, executor='parallel', parallel_workers=2, event_handlers=None, ignore_user_meta=False, metas=['./colcon.meta'], base_paths=['.'], packages_ignore=None, packages_ignore_regex=None, paths=None, packages_up_to=None, packages_up_to_regex=None, packages_above=None, packages_above_and_dependencies=None, packages_above_depth=None, packages_select_by_dep=None, packages_skip_by_dep=None, packages_skip_up_to=None, packages_select_build_failed=False, packages_skip_build_finished=False, packages_select_test_failures=False, packages_skip_test_passed=False, packages_select=None, packages_skip=None, packages_select_regex=None, packages_skip_regex=None, packages_start=None, packages_end=None, allow_overriding=[], cmake_args=None, cmake_target=None, cmake_target_skip_unavailable=False, cmake_clean_cache=False, cmake_clean_first=False, cmake_force_configure=False, ament_cmake_args=None, catkin_cmake_args=None, catkin_skip_building_tests=False, mixin_files=None, mixin=None, verb_parser=<colcon_mixin.mixin.mixin_argument.MixinArgumentDecorator object at 0x762d9ac48e80>, verb_extension=<colcon_core.verb.build.BuildVerb object at 0x762d9ad52380>, main=<bound method BuildVerb.main of <colcon_core.verb.build.BuildVerb object at 0x762d9ad52380>>, mixin_verb=('build',))
[0.562s] Level 1:colcon.colcon_core.package_discovery:discover_packages(colcon_meta) check parameters
[0.563s] Level 1:colcon.colcon_core.package_discovery:discover_packages(recursive) check parameters
[0.563s] Level 1:colcon.colcon_core.package_discovery:discover_packages(ignore) check parameters
[0.563s] Level 1:colcon.colcon_core.package_discovery:discover_packages(path) check parameters
[0.563s] Level 1:colcon.colcon_core.package_discovery:discover_packages(colcon_meta) discover
[0.563s] Level 1:colcon.colcon_core.package_discovery:discover_packages(recursive) discover
[0.563s] INFO:colcon.colcon_core.package_discovery:Crawling recursively for packages in '/home/user/ros_ws'
[0.563s] Level 1:colcon.colcon_core.package_identification:_identify(.) by extensions ['ignore', 'ignore_ament_install']
[0.563s] Level 1:colcon.colcon_core.package_identification:_identify(.) by extension 'ignore'
[0.563s] Level 1:colcon.colcon_core.package_identification:_identify(.) by extension 'ignore_ament_install'
[0.563s] Level 1:colcon.colcon_core.package_identification:_identify(.) by extensions ['colcon_pkg']
[0.563s] Level 1:colcon.colcon_core.package_identification:_identify(.) by extension 'colcon_pkg'
[0.563s] Level 1:colcon.colcon_core.package_identification:_identify(.) by extensions ['colcon_meta']
[0.564s] Level 1:colcon.colcon_core.package_identification:_identify(.) by extension 'colcon_meta'
[0.564s] Level 1:colcon.colcon_core.package_identification:_identify(.) by extensions ['ros']
[0.564s] Level 1:colcon.colcon_core.package_identification:_identify(.) by extension 'ros'
[0.585s] Level 1:colcon.colcon_core.package_identification:_identify(.) by extensions ['cmake', 'python']
[0.585s] Level 1:colcon.colcon_core.package_identification:_identify(.) by extension 'cmake'
[0.585s] Level 1:colcon.colcon_core.package_identification:_identify(.) by extension 'python'
[0.585s] Level 1:colcon.colcon_core.package_identification:_identify(.) by extensions ['python_setup_py']
[0.585s] Level 1:colcon.colcon_core.package_identification:_identify(.) by extension 'python_setup_py'
[0.585s] Level 1:colcon.colcon_core.package_identification:_identify(build) by extensions ['ignore', 'ignore_ament_install']
[0.586s] Level 1:colcon.colcon_core.package_identification:_identify(build) by extension 'ignore'
[0.586s] Level 1:colcon.colcon_core.package_identification:_identify(build) ignored
[0.586s] Level 1:colcon.colcon_core.package_identification:_identify(install) by extensions ['ignore', 'ignore_ament_install']
[0.586s] Level 1:colcon.colcon_core.package_identification:_identify(install) by extension 'ignore'
[0.586s] Level 1:colcon.colcon_core.package_identification:_identify(install) ignored
[0.586s] Level 1:colcon.colcon_core.package_identification:_identify(log) by extensions ['ignore', 'ignore_ament_install']
[0.586s] Level 1:colcon.colcon_core.package_identification:_identify(log) by extension 'ignore'
[0.587s] Level 1:colcon.colcon_core.package_identification:_identify(log) ignored
[0.587s] Level 1:colcon.colcon_core.package_identification:_identify(src) by extensions ['ignore', 'ignore_ament_install']
[0.587s] Level 1:colcon.colcon_core.package_identification:_identify(src) by extension 'ignore'
[0.587s] Level 1:colcon.colcon_core.package_identification:_identify(src) by extension 'ignore_ament_install'
[0.587s] Level 1:colcon.colcon_core.package_identification:_identify(src) by extensions ['colcon_pkg']
[0.587s] Level 1:colcon.colcon_core.package_identification:_identify(src) by extension 'colcon_pkg'
[0.587s] Level 1:colcon.colcon_core.package_identification:_identify(src) by extensions ['colcon_meta']
[0.587s] Level 1:colcon.colcon_core.package_identification:_identify(src) by extension 'colcon_meta'
[0.587s] Level 1:colcon.colcon_core.package_identification:_identify(src) by extensions ['ros']
[0.587s] Level 1:colcon.colcon_core.package_identification:_identify(src) by extension 'ros'
[0.587s] Level 1:colcon.colcon_core.package_identification:_identify(src) by extensions ['cmake', 'python']
[0.588s] Level 1:colcon.colcon_core.package_identification:_identify(src) by extension 'cmake'
[0.588s] Level 1:colcon.colcon_core.package_identification:_identify(src) by extension 'python'
[0.588s] Level 1:colcon.colcon_core.package_identification:_identify(src) by extensions ['python_setup_py']
[0.588s] Level 1:colcon.colcon_core.package_identification:_identify(src) by extension 'python_setup_py'
[0.588s] Level 1:colcon.colcon_core.package_identification:_identify(src/loc_package) by extensions ['ignore', 'ignore_ament_install']
[0.588s] Level 1:colcon.colcon_core.package_identification:_identify(src/loc_package) by extension 'ignore'
[0.588s] Level 1:colcon.colcon_core.package_identification:_identify(src/loc_package) by extension 'ignore_ament_install'
[0.588s] Level 1:colcon.colcon_core.package_identification:_identify(src/loc_package) by extensions ['colcon_pkg']
[0.588s] Level 1:colcon.colcon_core.package_identification:_identify(src/loc_package) by extension 'colcon_pkg'
[0.588s] Level 1:colcon.colcon_core.package_identification:_identify(src/loc_package) by extensions ['colcon_meta']
[0.588s] Level 1:colcon.colcon_core.package_identification:_identify(src/loc_package) by extension 'colcon_meta'
[0.588s] Level 1:colcon.colcon_core.package_identification:_identify(src/loc_package) by extensions ['ros']
[0.588s] Level 1:colcon.colcon_core.package_identification:_identify(src/loc_package) by extension 'ros'
[0.593s] DEBUG:colcon.colcon_core.package_identification:Package 'src/loc_package' with type 'ros.ament_python' and name 'loc_package'
[0.593s] Level 1:colcon.colcon_core.package_identification:_identify(src/mocap_msgs) by extensions ['ignore', 'ignore_ament_install']
[0.593s] Level 1:colcon.colcon_core.package_identification:_identify(src/mocap_msgs) by extension 'ignore'
[0.593s] Level 1:colcon.colcon_core.package_identification:_identify(src/mocap_msgs) by extension 'ignore_ament_install'
[0.593s] Level 1:colcon.colcon_core.package_identification:_identify(src/mocap_msgs) by extensions ['colcon_pkg']
[0.593s] Level 1:colcon.colcon_core.package_identification:_identify(src/mocap_msgs) by extension 'colcon_pkg'
[0.594s] Level 1:colcon.colcon_core.package_identification:_identify(src/mocap_msgs) by extensions ['colcon_meta']
[0.594s] Level 1:colcon.colcon_core.package_identification:_identify(src/mocap_msgs) by extension 'colcon_meta'
[0.594s] Level 1:colcon.colcon_core.package_identification:_identify(src/mocap_msgs) by extensions ['ros']
[0.594s] Level 1:colcon.colcon_core.package_identification:_identify(src/mocap_msgs) by extension 'ros'
[0.596s] DEBUG:colcon.colcon_core.package_identification:Package 'src/mocap_msgs' with type 'ros.ament_cmake' and name 'mocap_msgs'
[0.596s] Level 1:colcon.colcon_core.package_identification:_identify(src/rosbag2_2025_01_14-14_39_25) by extensions ['ignore', 'ignore_ament_install']
[0.597s] Level 1:colcon.colcon_core.package_identification:_identify(src/rosbag2_2025_01_14-14_39_25) by extension 'ignore'
[0.597s] Level 1:colcon.colcon_core.package_identification:_identify(src/rosbag2_2025_01_14-14_39_25) by extension 'ignore_ament_install'
[0.597s] Level 1:colcon.colcon_core.package_identification:_identify(src/rosbag2_2025_01_14-14_39_25) by extensions ['colcon_pkg']
[0.597s] Level 1:colcon.colcon_core.package_identification:_identify(src/rosbag2_2025_01_14-14_39_25) by extension 'colcon_pkg'
[0.597s] Level 1:colcon.colcon_core.package_identification:_identify(src/rosbag2_2025_01_14-14_39_25) by extensions ['colcon_meta']
[0.597s] Level 1:colcon.colcon_core.package_identification:_identify(src/rosbag2_2025_01_14-14_39_25) by extension 'colcon_meta'
[0.597s] Level 1:colcon.colcon_core.package_identification:_identify(src/rosbag2_2025_01_14-14_39_25) by extensions ['ros']
[0.597s] Level 1:colcon.colcon_core.package_identification:_identify(src/rosbag2_2025_01_14-14_39_25) by extension 'ros'
[0.597s] Level 1:colcon.colcon_core.package_identification:_identify(src/rosbag2_2025_01_14-14_39_25) by extensions ['cmake', 'python']
[0.597s] Level 1:colcon.colcon_core.package_identification:_identify(src/rosbag2_2025_01_14-14_39_25) by extension 'cmake'
[0.597s] Level 1:colcon.colcon_core.package_identification:_identify(src/rosbag2_2025_01_14-14_39_25) by extension 'python'
[0.597s] Level 1:colcon.colcon_core.package_identification:_identify(src/rosbag2_2025_01_14-14_39_25) by extensions ['python_setup_py']
[0.597s] Level 1:colcon.colcon_core.package_identification:_identify(src/rosbag2_2025_01_14-14_39_25) by extension 'python_setup_py'
[0.597s] Level 1:colcon.colcon_core.package_discovery:discover_packages(recursive) using defaults
[0.598s] Level 1:colcon.colcon_core.package_discovery:discover_packages(ignore) discover
[0.598s] Level 1:colcon.colcon_core.package_discovery:discover_packages(ignore) using defaults
[0.598s] Level 1:colcon.colcon_core.package_discovery:discover_packages(path) discover
[0.598s] Level 1:colcon.colcon_core.package_discovery:discover_packages(path) using defaults
[0.653s] Level 1:colcon.colcon_core.package_discovery:discover_packages(prefix_path) check parameters
[0.653s] Level 1:colcon.colcon_core.package_discovery:discover_packages(prefix_path) discover
[0.658s] DEBUG:colcon.colcon_installed_package_information.package_discovery:Found 271 installed packages in /opt/ros/humble
[0.662s] Level 1:colcon.colcon_core.package_discovery:discover_packages(prefix_path) using defaults
[0.760s] Level 5:colcon.colcon_core.verb:set package 'loc_package' build argument 'cmake_args' from command line to 'None'
[0.760s] Level 5:colcon.colcon_core.verb:set package 'loc_package' build argument 'cmake_target' from command line to 'None'
[0.760s] Level 5:colcon.colcon_core.verb:set package 'loc_package' build argument 'cmake_target_skip_unavailable' from command line to 'False'
[0.760s] Level 5:colcon.colcon_core.verb:set package 'loc_package' build argument 'cmake_clean_cache' from command line to 'False'
[0.760s] Level 5:colcon.colcon_core.verb:set package 'loc_package' build argument 'cmake_clean_first' from command line to 'False'
[0.760s] Level 5:colcon.colcon_core.verb:set package 'loc_package' build argument 'cmake_force_configure' from command line to 'False'
[0.760s] Level 5:colcon.colcon_core.verb:set package 'loc_package' build argument 'ament_cmake_args' from command line to 'None'
[0.760s] Level 5:colcon.colcon_core.verb:set package 'loc_package' build argument 'catkin_cmake_args' from command line to 'None'
[0.760s] Level 5:colcon.colcon_core.verb:set package 'loc_package' build argument 'catkin_skip_building_tests' from command line to 'False'
[0.760s] DEBUG:colcon.colcon_core.verb:Building package 'loc_package' with the following arguments: {'ament_cmake_args': None, 'build_base': '/home/user/ros_ws/build/loc_package', 'catkin_cmake_args': None, 'catkin_skip_building_tests': False, 'cmake_args': None, 'cmake_clean_cache': False, 'cmake_clean_first': False, 'cmake_force_configure': False, 'cmake_target': None, 'cmake_target_skip_unavailable': False, 'install_base': '/home/user/ros_ws/install/loc_package', 'merge_install': False, 'path': '/home/user/ros_ws/src/loc_package', 'symlink_install': False, 'test_result_base': None}
[0.761s] Level 5:colcon.colcon_core.verb:set package 'mocap_msgs' build argument 'cmake_args' from command line to 'None'
[0.761s] Level 5:colcon.colcon_core.verb:set package 'mocap_msgs' build argument 'cmake_target' from command line to 'None'
[0.761s] Level 5:colcon.colcon_core.verb:set package 'mocap_msgs' build argument 'cmake_target_skip_unavailable' from command line to 'False'
[0.761s] Level 5:colcon.colcon_core.verb:set package 'mocap_msgs' build argument 'cmake_clean_cache' from command line to 'False'
[0.761s] Level 5:colcon.colcon_core.verb:set package 'mocap_msgs' build argument 'cmake_clean_first' from command line to 'False'
[0.761s] Level 5:colcon.colcon_core.verb:set package 'mocap_msgs' build argument 'cmake_force_configure' from command line to 'False'
[0.761s] Level 5:colcon.colcon_core.verb:set package 'mocap_msgs' build argument 'ament_cmake_args' from command line to 'None'
[0.761s] Level 5:colcon.colcon_core.verb:set package 'mocap_msgs' build argument 'catkin_cmake_args' from command line to 'None'
[0.762s] Level 5:colcon.colcon_core.verb:set package 'mocap_msgs' build argument 'catkin_skip_building_tests' from command line to 'False'
[0.762s] DEBUG:colcon.colcon_core.verb:Building package 'mocap_msgs' with the following arguments: {'ament_cmake_args': None, 'build_base': '/home/user/ros_ws/build/mocap_msgs', 'catkin_cmake_args': None, 'catkin_skip_building_tests': False, 'cmake_args': None, 'cmake_clean_cache': False, 'cmake_clean_first': False, 'cmake_force_configure': False, 'cmake_target': None, 'cmake_target_skip_unavailable': False, 'install_base': '/home/user/ros_ws/install/mocap_msgs', 'merge_install': False, 'path': '/home/user/ros_ws/src/mocap_msgs', 'symlink_install': False, 'test_result_base': None}
[0.762s] INFO:colcon.colcon_core.executor:Executing jobs using 'parallel' executor
[0.764s] DEBUG:colcon.colcon_parallel_executor.executor.parallel:run_until_complete
[0.764s] INFO:colcon.colcon_ros.task.ament_python.build:Building ROS package in '/home/user/ros_ws/src/loc_package' with build type 'ament_python'
[0.764s] Level 1:colcon.colcon_core.shell:create_environment_hook('loc_package', 'ament_prefix_path')
[0.768s] INFO:colcon.colcon_core.plugin_system:Skipping extension 'colcon_core.shell.bat': Not used on non-Windows systems
[0.768s] INFO:colcon.colcon_core.shell:Creating environment hook '/home/user/ros_ws/install/loc_package/share/loc_package/hook/ament_prefix_path.ps1'
[0.769s] INFO:colcon.colcon_core.shell:Creating environment descriptor '/home/user/ros_ws/install/loc_package/share/loc_package/hook/ament_prefix_path.dsv'
[0.771s] INFO:colcon.colcon_core.shell:Creating environment hook '/home/user/ros_ws/install/loc_package/share/loc_package/hook/ament_prefix_path.sh'
[0.772s] INFO:colcon.colcon_core.shell:Skip shell extension 'powershell' for command environment: Not usable outside of PowerShell
[0.773s] DEBUG:colcon.colcon_core.shell:Skip shell extension 'dsv' for command environment
[0.780s] INFO:colcon.colcon_ros.task.ament_cmake.build:Building ROS package in '/home/user/ros_ws/src/mocap_msgs' with build type 'ament_cmake'
[0.780s] INFO:colcon.colcon_cmake.task.cmake.build:Building CMake package in '/home/user/ros_ws/src/mocap_msgs'
[0.780s] INFO:colcon.colcon_core.shell:Skip shell extension 'powershell' for command environment: Not usable outside of PowerShell
[0.780s] DEBUG:colcon.colcon_core.shell:Skip shell extension 'dsv' for command environment
[1.339s] INFO:colcon.colcon_core.task.python.build:Building Python package in '/home/user/ros_ws/src/loc_package'
[1.340s] INFO:colcon.colcon_core.shell:Skip shell extension 'powershell' for command environment: Not usable outside of PowerShell
[1.340s] DEBUG:colcon.colcon_core.shell:Skip shell extension 'dsv' for command environment
[1.355s] DEBUG:colcon.colcon_core.event_handler.log_command:Invoking command in '/home/user/ros_ws/build/mocap_msgs': CMAKE_PREFIX_PATH=/opt/ros/humble /usr/bin/cmake --build /home/user/ros_ws/build/mocap_msgs -- -j2 -l2
[2.315s] DEBUG:colcon.colcon_core.event_handler.log_command:Invoking command in '/home/user/ros_ws/src/loc_package': PYTHONPATH=/home/user/ros_ws/build/loc_package/prefix_override:/usr/lib/python3/dist-packages/colcon_core/task/python/colcon_distutils_commands:/home/user/ros_ws/install/loc_package/lib/python3.10/site-packages:${PYTHONPATH} /usr/bin/python3 -W ignore:setup.py install is deprecated -W ignore:easy_install command is deprecated setup.py egg_info --egg-base ../../build/loc_package build --build-base /home/user/ros_ws/build/loc_package/build install --record /home/user/ros_ws/build/loc_package/install.log --single-version-externally-managed install_data
[2.506s] DEBUG:colcon.colcon_core.event_handler.log_command:Invoked command in '/home/user/ros_ws/build/mocap_msgs' returned '0': CMAKE_PREFIX_PATH=/opt/ros/humble /usr/bin/cmake --build /home/user/ros_ws/build/mocap_msgs -- -j2 -l2
[2.525s] DEBUG:colcon.colcon_core.event_handler.log_command:Invoking command in '/home/user/ros_ws/build/mocap_msgs': CMAKE_PREFIX_PATH=/opt/ros/humble /usr/bin/cmake --install /home/user/ros_ws/build/mocap_msgs
[2.664s] Level 1:colcon.colcon_core.environment:create_environment_scripts_only(mocap_msgs)
[2.668s] DEBUG:colcon.colcon_core.event_handler.log_command:Invoked command in '/home/user/ros_ws/build/mocap_msgs' returned '0': CMAKE_PREFIX_PATH=/opt/ros/humble /usr/bin/cmake --install /home/user/ros_ws/build/mocap_msgs
[2.673s] Level 1:colcon.colcon_core.environment:checking '/home/user/ros_ws/install/mocap_msgs' for CMake module files
[2.675s] Level 1:colcon.colcon_core.environment:checking '/home/user/ros_ws/install/mocap_msgs' for CMake config files
[2.677s] Level 1:colcon.colcon_core.shell:create_environment_hook('mocap_msgs', 'cmake_prefix_path')
[2.678s] INFO:colcon.colcon_core.shell:Creating environment hook '/home/user/ros_ws/install/mocap_msgs/share/mocap_msgs/hook/cmake_prefix_path.ps1'
[2.679s] INFO:colcon.colcon_core.shell:Creating environment descriptor '/home/user/ros_ws/install/mocap_msgs/share/mocap_msgs/hook/cmake_prefix_path.dsv'
[2.680s] INFO:colcon.colcon_core.shell:Creating environment hook '/home/user/ros_ws/install/mocap_msgs/share/mocap_msgs/hook/cmake_prefix_path.sh'
[2.682s] Level 1:colcon.colcon_core.environment:checking '/home/user/ros_ws/install/mocap_msgs/lib'
[2.683s] Level 1:colcon.colcon_core.shell:create_environment_hook('mocap_msgs', 'ld_library_path_lib')
[2.684s] INFO:colcon.colcon_core.shell:Creating environment hook '/home/user/ros_ws/install/mocap_msgs/share/mocap_msgs/hook/ld_library_path_lib.ps1'
[2.685s] INFO:colcon.colcon_core.shell:Creating environment descriptor '/home/user/ros_ws/install/mocap_msgs/share/mocap_msgs/hook/ld_library_path_lib.dsv'
[2.685s] INFO:colcon.colcon_core.shell:Creating environment hook '/home/user/ros_ws/install/mocap_msgs/share/mocap_msgs/hook/ld_library_path_lib.sh'
[2.686s] Level 1:colcon.colcon_core.environment:checking '/home/user/ros_ws/install/mocap_msgs/bin'
[2.687s] Level 1:colcon.colcon_core.environment:checking '/home/user/ros_ws/install/mocap_msgs/lib/pkgconfig/mocap_msgs.pc'
[2.687s] Level 1:colcon.colcon_core.environment:checking '/home/user/ros_ws/install/mocap_msgs/lib/python3.10/site-packages'
[2.688s] Level 1:colcon.colcon_core.environment:checking '/home/user/ros_ws/install/mocap_msgs/bin'
[2.689s] INFO:colcon.colcon_core.shell:Creating package script '/home/user/ros_ws/install/mocap_msgs/share/mocap_msgs/package.ps1'
[2.692s] INFO:colcon.colcon_core.shell:Creating package descriptor '/home/user/ros_ws/install/mocap_msgs/share/mocap_msgs/package.dsv'
[2.693s] INFO:colcon.colcon_core.shell:Creating package script '/home/user/ros_ws/install/mocap_msgs/share/mocap_msgs/package.sh'
[2.695s] INFO:colcon.colcon_core.shell:Creating package script '/home/user/ros_ws/install/mocap_msgs/share/mocap_msgs/package.bash'
[2.698s] INFO:colcon.colcon_core.shell:Creating package script '/home/user/ros_ws/install/mocap_msgs/share/mocap_msgs/package.zsh'
[2.699s] Level 1:colcon.colcon_core.environment:create_file_with_runtime_dependencies(/home/user/ros_ws/install/mocap_msgs/share/colcon-core/packages/mocap_msgs)
[2.701s] Level 1:colcon.colcon_core.environment:create_environment_scripts_only(mocap_msgs)
[2.701s] Level 1:colcon.colcon_core.environment:checking '/home/user/ros_ws/install/mocap_msgs' for CMake module files
[2.703s] Level 1:colcon.colcon_core.environment:checking '/home/user/ros_ws/install/mocap_msgs' for CMake config files
[2.705s] Level 1:colcon.colcon_core.shell:create_environment_hook('mocap_msgs', 'cmake_prefix_path')
[2.705s] INFO:colcon.colcon_core.shell:Creating environment hook '/home/user/ros_ws/install/mocap_msgs/share/mocap_msgs/hook/cmake_prefix_path.ps1'
[2.706s] INFO:colcon.colcon_core.shell:Creating environment descriptor '/home/user/ros_ws/install/mocap_msgs/share/mocap_msgs/hook/cmake_prefix_path.dsv'
[2.707s] INFO:colcon.colcon_core.shell:Creating environment hook '/home/user/ros_ws/install/mocap_msgs/share/mocap_msgs/hook/cmake_prefix_path.sh'
[2.709s] Level 1:colcon.colcon_core.environment:checking '/home/user/ros_ws/install/mocap_msgs/lib'
[2.709s] Level 1:colcon.colcon_core.shell:create_environment_hook('mocap_msgs', 'ld_library_path_lib')
[2.709s] INFO:colcon.colcon_core.shell:Creating environment hook '/home/user/ros_ws/install/mocap_msgs/share/mocap_msgs/hook/ld_library_path_lib.ps1'
[2.713s] INFO:colcon.colcon_core.shell:Creating environment descriptor '/home/user/ros_ws/install/mocap_msgs/share/mocap_msgs/hook/ld_library_path_lib.dsv'
[2.714s] INFO:colcon.colcon_core.shell:Creating environment hook '/home/user/ros_ws/install/mocap_msgs/share/mocap_msgs/hook/ld_library_path_lib.sh'
[2.717s] Level 1:colcon.colcon_core.environment:checking '/home/user/ros_ws/install/mocap_msgs/bin'
[2.717s] Level 1:colcon.colcon_core.environment:checking '/home/user/ros_ws/install/mocap_msgs/lib/pkgconfig/mocap_msgs.pc'
[2.717s] Level 1:colcon.colcon_core.environment:checking '/home/user/ros_ws/install/mocap_msgs/lib/python3.10/site-packages'
[2.718s] Level 1:colcon.colcon_core.environment:checking '/home/user/ros_ws/install/mocap_msgs/bin'
[2.720s] INFO:colcon.colcon_core.shell:Creating package script '/home/user/ros_ws/install/mocap_msgs/share/mocap_msgs/package.ps1'
[2.722s] INFO:colcon.colcon_core.shell:Creating package descriptor '/home/user/ros_ws/install/mocap_msgs/share/mocap_msgs/package.dsv'
[2.724s] INFO:colcon.colcon_core.shell:Creating package script '/home/user/ros_ws/install/mocap_msgs/share/mocap_msgs/package.sh'
[2.725s] INFO:colcon.colcon_core.shell:Creating package script '/home/user/ros_ws/install/mocap_msgs/share/mocap_msgs/package.bash'
[2.726s] INFO:colcon.colcon_core.shell:Creating package script '/home/user/ros_ws/install/mocap_msgs/share/mocap_msgs/package.zsh'
[2.727s] Level 1:colcon.colcon_core.environment:create_file_with_runtime_dependencies(/home/user/ros_ws/install/mocap_msgs/share/colcon-core/packages/mocap_msgs)
[3.072s] Level 1:colcon.colcon_core.environment:checking '/home/user/ros_ws/install/loc_package' for CMake module files
[3.073s] DEBUG:colcon.colcon_core.event_handler.log_command:Invoked command in '/home/user/ros_ws/src/loc_package' returned '0': PYTHONPATH=/home/user/ros_ws/build/loc_package/prefix_override:/usr/lib/python3/dist-packages/colcon_core/task/python/colcon_distutils_commands:/home/user/ros_ws/install/loc_package/lib/python3.10/site-packages:${PYTHONPATH} /usr/bin/python3 -W ignore:setup.py install is deprecated -W ignore:easy_install command is deprecated setup.py egg_info --egg-base ../../build/loc_package build --build-base /home/user/ros_ws/build/loc_package/build install --record /home/user/ros_ws/build/loc_package/install.log --single-version-externally-managed install_data
[3.074s] Level 1:colcon.colcon_core.environment:checking '/home/user/ros_ws/install/loc_package' for CMake config files
[3.074s] Level 1:colcon.colcon_core.environment:checking '/home/user/ros_ws/install/loc_package/lib'
[3.074s] Level 1:colcon.colcon_core.environment:checking '/home/user/ros_ws/install/loc_package/bin'
[3.074s] Level 1:colcon.colcon_core.environment:checking '/home/user/ros_ws/install/loc_package/lib/pkgconfig/loc_package.pc'
[3.075s] Level 1:colcon.colcon_core.environment:checking '/home/user/ros_ws/install/loc_package/lib/python3.10/site-packages'
[3.075s] Level 1:colcon.colcon_core.shell:create_environment_hook('loc_package', 'pythonpath')
[3.076s] INFO:colcon.colcon_core.shell:Creating environment hook '/home/user/ros_ws/install/loc_package/share/loc_package/hook/pythonpath.ps1'
[3.077s] INFO:colcon.colcon_core.shell:Creating environment descriptor '/home/user/ros_ws/install/loc_package/share/loc_package/hook/pythonpath.dsv'
[3.077s] INFO:colcon.colcon_core.shell:Creating environment hook '/home/user/ros_ws/install/loc_package/share/loc_package/hook/pythonpath.sh'
[3.079s] Level 1:colcon.colcon_core.environment:checking '/home/user/ros_ws/install/loc_package/bin'
[3.079s] Level 1:colcon.colcon_core.environment:create_environment_scripts_only(loc_package)
[3.080s] INFO:colcon.colcon_core.shell:Creating package script '/home/user/ros_ws/install/loc_package/share/loc_package/package.ps1'
[3.081s] INFO:colcon.colcon_core.shell:Creating package descriptor '/home/user/ros_ws/install/loc_package/share/loc_package/package.dsv'
[3.082s] INFO:colcon.colcon_core.shell:Creating package script '/home/user/ros_ws/install/loc_package/share/loc_package/package.sh'
[3.083s] INFO:colcon.colcon_core.shell:Creating package script '/home/user/ros_ws/install/loc_package/share/loc_package/package.bash'
[3.084s] INFO:colcon.colcon_core.shell:Creating package script '/home/user/ros_ws/install/loc_package/share/loc_package/package.zsh'
[3.084s] Level 1:colcon.colcon_core.environment:create_file_with_runtime_dependencies(/home/user/ros_ws/install/loc_package/share/colcon-core/packages/loc_package)
[3.085s] DEBUG:colcon.colcon_parallel_executor.executor.parallel:closing loop
[3.085s] DEBUG:colcon.colcon_parallel_executor.executor.parallel:loop closed
[3.086s] DEBUG:colcon.colcon_parallel_executor.executor.parallel:run_until_complete finished with '0'
[3.086s] DEBUG:colcon.colcon_core.event_reactor:joining thread
[3.097s] INFO:colcon.colcon_core.plugin_system:Skipping extension 'colcon_notification.desktop_notification.terminal_notifier': Not used on non-Darwin systems
[3.097s] INFO:colcon.colcon_core.plugin_system:Skipping extension 'colcon_notification.desktop_notification.win32': Not used on non-Windows systems
[3.097s] INFO:colcon.colcon_notification.desktop_notification:Sending desktop notification using 'notify2'
[3.123s] DEBUG:colcon.colcon_core.event_reactor:joined thread
[3.124s] INFO:colcon.colcon_core.shell:Creating prefix script '/home/user/ros_ws/install/local_setup.ps1'
[3.126s] INFO:colcon.colcon_core.shell:Creating prefix util module '/home/user/ros_ws/install/_local_setup_util_ps1.py'
[3.131s] INFO:colcon.colcon_core.shell:Creating prefix chain script '/home/user/ros_ws/install/setup.ps1'
[3.133s] INFO:colcon.colcon_core.shell:Creating prefix script '/home/user/ros_ws/install/local_setup.sh'
[3.137s] INFO:colcon.colcon_core.shell:Creating prefix util module '/home/user/ros_ws/install/_local_setup_util_sh.py'
[3.138s] INFO:colcon.colcon_core.shell:Creating prefix chain script '/home/user/ros_ws/install/setup.sh'
[3.140s] INFO:colcon.colcon_core.shell:Creating prefix script '/home/user/ros_ws/install/local_setup.bash'
[3.142s] INFO:colcon.colcon_core.shell:Creating prefix chain script '/home/user/ros_ws/install/setup.bash'
[3.144s] INFO:colcon.colcon_core.shell:Creating prefix script '/home/user/ros_ws/install/local_setup.zsh'
[3.145s] INFO:colcon.colcon_core.shell:Creating prefix chain script '/home/user/ros_ws/install/setup.zsh'
