running egg_info
writing ../../build/loc_package/loc_package.egg-info/PKG-INFO
writing dependency_links to ../../build/loc_package/loc_package.egg-info/dependency_links.txt
writing entry points to ../../build/loc_package/loc_package.egg-info/entry_points.txt
writing requirements to ../../build/loc_package/loc_package.egg-info/requires.txt
writing top-level names to ../../build/loc_package/loc_package.egg-info/top_level.txt
reading manifest file '../../build/loc_package/loc_package.egg-info/SOURCES.txt'
adding license file 'LICENSE'
writing manifest file '../../build/loc_package/loc_package.egg-info/SOURCES.txt'
running build
running build_py
copying loc_package/loc_node.py -> /home/user/ros_ws/build/loc_package/build/lib/loc_package
running install
running install_lib
copying /home/user/ros_ws/build/loc_package/build/lib/loc_package/loc_node.py -> /home/user/ros_ws/install/loc_package/lib/python3.10/site-packages/loc_package
byte-compiling /home/user/ros_ws/install/loc_package/lib/python3.10/site-packages/loc_package/loc_node.py to loc_node.cpython-310.pyc
running install_data
running install_egg_info
removing '/home/user/ros_ws/install/loc_package/lib/python3.10/site-packages/loc_package-0.0.0-py3.10.egg-info' (and everything under it)
Copying ../../build/loc_package/loc_package.egg-info to /home/user/ros_ws/install/loc_package/lib/python3.10/site-packages/loc_package-0.0.0-py3.10.egg-info
running install_scripts
Installing loc_node script to /home/user/ros_ws/install/loc_package/lib/loc_package
writing list of installed files to '/home/user/ros_ws/build/loc_package/install.log'
