[0.348s] DEBUG:colcon:Command line arguments: ['/usr/bin/colcon', 'build']
[0.348s] DEBUG:colcon:Parsed command line arguments: Namespace(log_base=None, log_level=None, verb_name='build', build_base='build', install_base='install', merge_install=False, symlink_install=False, test_result_base=None, continue_on_error=False, executor='parallel', parallel_workers=2, event_handlers=None, ignore_user_meta=False, metas=['./colcon.meta'], base_paths=['.'], packages_ignore=None, packages_ignore_regex=None, paths=None, packages_up_to=None, packages_up_to_regex=None, packages_above=None, packages_above_and_dependencies=None, packages_above_depth=None, packages_select_by_dep=None, packages_skip_by_dep=None, packages_skip_up_to=None, packages_select_build_failed=False, packages_skip_build_finished=False, packages_select_test_failures=False, packages_skip_test_passed=False, packages_select=None, packages_skip=None, packages_select_regex=None, packages_skip_regex=None, packages_start=None, packages_end=None, allow_overriding=[], cmake_args=None, cmake_target=None, cmake_target_skip_unavailable=False, cmake_clean_cache=False, cmake_clean_first=False, cmake_force_configure=False, ament_cmake_args=None, catkin_cmake_args=None, catkin_skip_building_tests=False, mixin_files=None, mixin=None, verb_parser=<colcon_mixin.mixin.mixin_argument.MixinArgumentDecorator object at 0x7104a4a48e50>, verb_extension=<colcon_core.verb.build.BuildVerb object at 0x7104a4b52350>, main=<bound method BuildVerb.main of <colcon_core.verb.build.BuildVerb object at 0x7104a4b52350>>, mixin_verb=('build',))
[1.350s] Level 1:colcon.colcon_core.package_discovery:discover_packages(colcon_meta) check parameters
[1.350s] Level 1:colcon.colcon_core.package_discovery:discover_packages(recursive) check parameters
[1.350s] Level 1:colcon.colcon_core.package_discovery:discover_packages(ignore) check parameters
[1.350s] Level 1:colcon.colcon_core.package_discovery:discover_packages(path) check parameters
[1.350s] Level 1:colcon.colcon_core.package_discovery:discover_packages(colcon_meta) discover
[1.350s] Level 1:colcon.colcon_core.package_discovery:discover_packages(recursive) discover
[1.350s] INFO:colcon.colcon_core.package_discovery:Crawling recursively for packages in '/home/user/ros_ws'
[1.350s] Level 1:colcon.colcon_core.package_identification:_identify(.) by extensions ['ignore', 'ignore_ament_install']
[1.351s] Level 1:colcon.colcon_core.package_identification:_identify(.) by extension 'ignore'
[1.351s] Level 1:colcon.colcon_core.package_identification:_identify(.) by extension 'ignore_ament_install'
[1.351s] Level 1:colcon.colcon_core.package_identification:_identify(.) by extensions ['colcon_pkg']
[1.351s] Level 1:colcon.colcon_core.package_identification:_identify(.) by extension 'colcon_pkg'
[1.351s] Level 1:colcon.colcon_core.package_identification:_identify(.) by extensions ['colcon_meta']
[1.351s] Level 1:colcon.colcon_core.package_identification:_identify(.) by extension 'colcon_meta'
[1.351s] Level 1:colcon.colcon_core.package_identification:_identify(.) by extensions ['ros']
[1.351s] Level 1:colcon.colcon_core.package_identification:_identify(.) by extension 'ros'
[1.375s] Level 1:colcon.colcon_core.package_identification:_identify(.) by extensions ['cmake', 'python']
[1.375s] Level 1:colcon.colcon_core.package_identification:_identify(.) by extension 'cmake'
[1.375s] Level 1:colcon.colcon_core.package_identification:_identify(.) by extension 'python'
[1.375s] Level 1:colcon.colcon_core.package_identification:_identify(.) by extensions ['python_setup_py']
[1.375s] Level 1:colcon.colcon_core.package_identification:_identify(.) by extension 'python_setup_py'
[1.376s] Level 1:colcon.colcon_core.package_identification:_identify(build) by extensions ['ignore', 'ignore_ament_install']
[1.376s] Level 1:colcon.colcon_core.package_identification:_identify(build) by extension 'ignore'
[1.376s] Level 1:colcon.colcon_core.package_identification:_identify(build) ignored
[1.376s] Level 1:colcon.colcon_core.package_identification:_identify(install) by extensions ['ignore', 'ignore_ament_install']
[1.376s] Level 1:colcon.colcon_core.package_identification:_identify(install) by extension 'ignore'
[1.376s] Level 1:colcon.colcon_core.package_identification:_identify(install) ignored
[1.377s] Level 1:colcon.colcon_core.package_identification:_identify(log) by extensions ['ignore', 'ignore_ament_install']
[1.377s] Level 1:colcon.colcon_core.package_identification:_identify(log) by extension 'ignore'
[1.377s] Level 1:colcon.colcon_core.package_identification:_identify(log) ignored
[1.377s] Level 1:colcon.colcon_core.package_identification:_identify(src) by extensions ['ignore', 'ignore_ament_install']
[1.377s] Level 1:colcon.colcon_core.package_identification:_identify(src) by extension 'ignore'
[1.377s] Level 1:colcon.colcon_core.package_identification:_identify(src) by extension 'ignore_ament_install'
[1.377s] Level 1:colcon.colcon_core.package_identification:_identify(src) by extensions ['colcon_pkg']
[1.377s] Level 1:colcon.colcon_core.package_identification:_identify(src) by extension 'colcon_pkg'
[1.378s] Level 1:colcon.colcon_core.package_identification:_identify(src) by extensions ['colcon_meta']
[1.378s] Level 1:colcon.colcon_core.package_identification:_identify(src) by extension 'colcon_meta'
[1.378s] Level 1:colcon.colcon_core.package_identification:_identify(src) by extensions ['ros']
[1.378s] Level 1:colcon.colcon_core.package_identification:_identify(src) by extension 'ros'
[1.378s] Level 1:colcon.colcon_core.package_identification:_identify(src) by extensions ['cmake', 'python']
[1.378s] Level 1:colcon.colcon_core.package_identification:_identify(src) by extension 'cmake'
[1.378s] Level 1:colcon.colcon_core.package_identification:_identify(src) by extension 'python'
[1.378s] Level 1:colcon.colcon_core.package_identification:_identify(src) by extensions ['python_setup_py']
[1.378s] Level 1:colcon.colcon_core.package_identification:_identify(src) by extension 'python_setup_py'
[1.378s] Level 1:colcon.colcon_core.package_identification:_identify(src/loc_package) by extensions ['ignore', 'ignore_ament_install']
[1.379s] Level 1:colcon.colcon_core.package_identification:_identify(src/loc_package) by extension 'ignore'
[1.379s] Level 1:colcon.colcon_core.package_identification:_identify(src/loc_package) by extension 'ignore_ament_install'
[1.379s] Level 1:colcon.colcon_core.package_identification:_identify(src/loc_package) by extensions ['colcon_pkg']
[1.379s] Level 1:colcon.colcon_core.package_identification:_identify(src/loc_package) by extension 'colcon_pkg'
[1.379s] Level 1:colcon.colcon_core.package_identification:_identify(src/loc_package) by extensions ['colcon_meta']
[1.379s] Level 1:colcon.colcon_core.package_identification:_identify(src/loc_package) by extension 'colcon_meta'
[1.379s] Level 1:colcon.colcon_core.package_identification:_identify(src/loc_package) by extensions ['ros']
[1.379s] Level 1:colcon.colcon_core.package_identification:_identify(src/loc_package) by extension 'ros'
[1.389s] DEBUG:colcon.colcon_core.package_identification:Package 'src/loc_package' with type 'ros.ament_python' and name 'loc_package'
[1.389s] Level 1:colcon.colcon_core.package_identification:_identify(src/mocap_msgs) by extensions ['ignore', 'ignore_ament_install']
[1.390s] Level 1:colcon.colcon_core.package_identification:_identify(src/mocap_msgs) by extension 'ignore'
[1.390s] Level 1:colcon.colcon_core.package_identification:_identify(src/mocap_msgs) by extension 'ignore_ament_install'
[1.390s] Level 1:colcon.colcon_core.package_identification:_identify(src/mocap_msgs) by extensions ['colcon_pkg']
[1.390s] Level 1:colcon.colcon_core.package_identification:_identify(src/mocap_msgs) by extension 'colcon_pkg'
[1.390s] Level 1:colcon.colcon_core.package_identification:_identify(src/mocap_msgs) by extensions ['colcon_meta']
[1.390s] Level 1:colcon.colcon_core.package_identification:_identify(src/mocap_msgs) by extension 'colcon_meta'
[1.390s] Level 1:colcon.colcon_core.package_identification:_identify(src/mocap_msgs) by extensions ['ros']
[1.390s] Level 1:colcon.colcon_core.package_identification:_identify(src/mocap_msgs) by extension 'ros'
[1.393s] DEBUG:colcon.colcon_core.package_identification:Package 'src/mocap_msgs' with type 'ros.ament_cmake' and name 'mocap_msgs'
[1.393s] Level 1:colcon.colcon_core.package_identification:_identify(src/rosbag2_2025_01_14-14_39_25) by extensions ['ignore', 'ignore_ament_install']
[1.394s] Level 1:colcon.colcon_core.package_identification:_identify(src/rosbag2_2025_01_14-14_39_25) by extension 'ignore'
[1.394s] Level 1:colcon.colcon_core.package_identification:_identify(src/rosbag2_2025_01_14-14_39_25) by extension 'ignore_ament_install'
[1.394s] Level 1:colcon.colcon_core.package_identification:_identify(src/rosbag2_2025_01_14-14_39_25) by extensions ['colcon_pkg']
[1.394s] Level 1:colcon.colcon_core.package_identification:_identify(src/rosbag2_2025_01_14-14_39_25) by extension 'colcon_pkg'
[1.394s] Level 1:colcon.colcon_core.package_identification:_identify(src/rosbag2_2025_01_14-14_39_25) by extensions ['colcon_meta']
[1.394s] Level 1:colcon.colcon_core.package_identification:_identify(src/rosbag2_2025_01_14-14_39_25) by extension 'colcon_meta'
[1.394s] Level 1:colcon.colcon_core.package_identification:_identify(src/rosbag2_2025_01_14-14_39_25) by extensions ['ros']
[1.394s] Level 1:colcon.colcon_core.package_identification:_identify(src/rosbag2_2025_01_14-14_39_25) by extension 'ros'
[1.395s] Level 1:colcon.colcon_core.package_identification:_identify(src/rosbag2_2025_01_14-14_39_25) by extensions ['cmake', 'python']
[1.395s] Level 1:colcon.colcon_core.package_identification:_identify(src/rosbag2_2025_01_14-14_39_25) by extension 'cmake'
[1.395s] Level 1:colcon.colcon_core.package_identification:_identify(src/rosbag2_2025_01_14-14_39_25) by extension 'python'
[1.395s] Level 1:colcon.colcon_core.package_identification:_identify(src/rosbag2_2025_01_14-14_39_25) by extensions ['python_setup_py']
[1.395s] Level 1:colcon.colcon_core.package_identification:_identify(src/rosbag2_2025_01_14-14_39_25) by extension 'python_setup_py'
[1.395s] Level 1:colcon.colcon_core.package_discovery:discover_packages(recursive) using defaults
[1.395s] Level 1:colcon.colcon_core.package_discovery:discover_packages(ignore) discover
[1.395s] Level 1:colcon.colcon_core.package_discovery:discover_packages(ignore) using defaults
[1.395s] Level 1:colcon.colcon_core.package_discovery:discover_packages(path) discover
[1.395s] Level 1:colcon.colcon_core.package_discovery:discover_packages(path) using defaults
[1.474s] Level 1:colcon.colcon_core.package_discovery:discover_packages(prefix_path) check parameters
[1.475s] Level 1:colcon.colcon_core.package_discovery:discover_packages(prefix_path) discover
[1.483s] DEBUG:colcon.colcon_installed_package_information.package_discovery:Found 271 installed packages in /opt/ros/humble
[1.487s] Level 1:colcon.colcon_core.package_discovery:discover_packages(prefix_path) using defaults
[1.574s] Level 5:colcon.colcon_core.verb:set package 'loc_package' build argument 'cmake_args' from command line to 'None'
[1.574s] Level 5:colcon.colcon_core.verb:set package 'loc_package' build argument 'cmake_target' from command line to 'None'
[1.574s] Level 5:colcon.colcon_core.verb:set package 'loc_package' build argument 'cmake_target_skip_unavailable' from command line to 'False'
[1.574s] Level 5:colcon.colcon_core.verb:set package 'loc_package' build argument 'cmake_clean_cache' from command line to 'False'
[1.574s] Level 5:colcon.colcon_core.verb:set package 'loc_package' build argument 'cmake_clean_first' from command line to 'False'
[1.574s] Level 5:colcon.colcon_core.verb:set package 'loc_package' build argument 'cmake_force_configure' from command line to 'False'
[1.574s] Level 5:colcon.colcon_core.verb:set package 'loc_package' build argument 'ament_cmake_args' from command line to 'None'
[1.574s] Level 5:colcon.colcon_core.verb:set package 'loc_package' build argument 'catkin_cmake_args' from command line to 'None'
[1.574s] Level 5:colcon.colcon_core.verb:set package 'loc_package' build argument 'catkin_skip_building_tests' from command line to 'False'
[1.574s] DEBUG:colcon.colcon_core.verb:Building package 'loc_package' with the following arguments: {'ament_cmake_args': None, 'build_base': '/home/user/ros_ws/build/loc_package', 'catkin_cmake_args': None, 'catkin_skip_building_tests': False, 'cmake_args': None, 'cmake_clean_cache': False, 'cmake_clean_first': False, 'cmake_force_configure': False, 'cmake_target': None, 'cmake_target_skip_unavailable': False, 'install_base': '/home/user/ros_ws/install/loc_package', 'merge_install': False, 'path': '/home/user/ros_ws/src/loc_package', 'symlink_install': False, 'test_result_base': None}
[1.575s] Level 5:colcon.colcon_core.verb:set package 'mocap_msgs' build argument 'cmake_args' from command line to 'None'
[1.575s] Level 5:colcon.colcon_core.verb:set package 'mocap_msgs' build argument 'cmake_target' from command line to 'None'
[1.575s] Level 5:colcon.colcon_core.verb:set package 'mocap_msgs' build argument 'cmake_target_skip_unavailable' from command line to 'False'
[1.575s] Level 5:colcon.colcon_core.verb:set package 'mocap_msgs' build argument 'cmake_clean_cache' from command line to 'False'
[1.575s] Level 5:colcon.colcon_core.verb:set package 'mocap_msgs' build argument 'cmake_clean_first' from command line to 'False'
[1.575s] Level 5:colcon.colcon_core.verb:set package 'mocap_msgs' build argument 'cmake_force_configure' from command line to 'False'
[1.575s] Level 5:colcon.colcon_core.verb:set package 'mocap_msgs' build argument 'ament_cmake_args' from command line to 'None'
[1.575s] Level 5:colcon.colcon_core.verb:set package 'mocap_msgs' build argument 'catkin_cmake_args' from command line to 'None'
[1.576s] Level 5:colcon.colcon_core.verb:set package 'mocap_msgs' build argument 'catkin_skip_building_tests' from command line to 'False'
[1.576s] DEBUG:colcon.colcon_core.verb:Building package 'mocap_msgs' with the following arguments: {'ament_cmake_args': None, 'build_base': '/home/user/ros_ws/build/mocap_msgs', 'catkin_cmake_args': None, 'catkin_skip_building_tests': False, 'cmake_args': None, 'cmake_clean_cache': False, 'cmake_clean_first': False, 'cmake_force_configure': False, 'cmake_target': None, 'cmake_target_skip_unavailable': False, 'install_base': '/home/user/ros_ws/install/mocap_msgs', 'merge_install': False, 'path': '/home/user/ros_ws/src/mocap_msgs', 'symlink_install': False, 'test_result_base': None}
[1.576s] INFO:colcon.colcon_core.executor:Executing jobs using 'parallel' executor
[1.578s] DEBUG:colcon.colcon_parallel_executor.executor.parallel:run_until_complete
[1.578s] INFO:colcon.colcon_ros.task.ament_python.build:Building ROS package in '/home/user/ros_ws/src/loc_package' with build type 'ament_python'
[1.579s] Level 1:colcon.colcon_core.shell:create_environment_hook('loc_package', 'ament_prefix_path')
[1.595s] INFO:colcon.colcon_core.plugin_system:Skipping extension 'colcon_core.shell.bat': Not used on non-Windows systems
[1.596s] INFO:colcon.colcon_core.shell:Creating environment hook '/home/user/ros_ws/install/loc_package/share/loc_package/hook/ament_prefix_path.ps1'
[1.598s] INFO:colcon.colcon_core.shell:Creating environment descriptor '/home/user/ros_ws/install/loc_package/share/loc_package/hook/ament_prefix_path.dsv'
[1.600s] INFO:colcon.colcon_core.shell:Creating environment hook '/home/user/ros_ws/install/loc_package/share/loc_package/hook/ament_prefix_path.sh'
[1.602s] INFO:colcon.colcon_core.shell:Skip shell extension 'powershell' for command environment: Not usable outside of PowerShell
[1.602s] DEBUG:colcon.colcon_core.shell:Skip shell extension 'dsv' for command environment
[1.608s] INFO:colcon.colcon_ros.task.ament_cmake.build:Building ROS package in '/home/user/ros_ws/src/mocap_msgs' with build type 'ament_cmake'
[1.609s] INFO:colcon.colcon_cmake.task.cmake.build:Building CMake package in '/home/user/ros_ws/src/mocap_msgs'
[1.609s] INFO:colcon.colcon_core.shell:Skip shell extension 'powershell' for command environment: Not usable outside of PowerShell
[1.609s] DEBUG:colcon.colcon_core.shell:Skip shell extension 'dsv' for command environment
[2.178s] INFO:colcon.colcon_core.task.python.build:Building Python package in '/home/user/ros_ws/src/loc_package'
[2.179s] INFO:colcon.colcon_core.shell:Skip shell extension 'powershell' for command environment: Not usable outside of PowerShell
[2.179s] DEBUG:colcon.colcon_core.shell:Skip shell extension 'dsv' for command environment
[2.196s] DEBUG:colcon.colcon_core.event_handler.log_command:Invoking command in '/home/user/ros_ws/build/mocap_msgs': CMAKE_PREFIX_PATH=/opt/ros/humble /usr/bin/cmake /home/user/ros_ws/src/mocap_msgs -DCMAKE_INSTALL_PREFIX=/home/user/ros_ws/install/mocap_msgs
[3.253s] DEBUG:colcon.colcon_core.event_handler.log_command:Invoking command in '/home/user/ros_ws/src/loc_package': PYTHONPATH=/home/user/ros_ws/build/loc_package/prefix_override:/usr/lib/python3/dist-packages/colcon_core/task/python/colcon_distutils_commands:/home/user/ros_ws/install/loc_package/lib/python3.10/site-packages:${PYTHONPATH} /usr/bin/python3 -W ignore:setup.py install is deprecated -W ignore:easy_install command is deprecated setup.py egg_info --egg-base ../../build/loc_package build --build-base /home/user/ros_ws/build/loc_package/build install --record /home/user/ros_ws/build/loc_package/install.log --single-version-externally-managed install_data
[4.169s] DEBUG:colcon.colcon_core.event_handler.log_command:Invoked command in '/home/user/ros_ws/src/loc_package' returned '0': PYTHONPATH=/home/user/ros_ws/build/loc_package/prefix_override:/usr/lib/python3/dist-packages/colcon_core/task/python/colcon_distutils_commands:/home/user/ros_ws/install/loc_package/lib/python3.10/site-packages:${PYTHONPATH} /usr/bin/python3 -W ignore:setup.py install is deprecated -W ignore:easy_install command is deprecated setup.py egg_info --egg-base ../../build/loc_package build --build-base /home/user/ros_ws/build/loc_package/build install --record /home/user/ros_ws/build/loc_package/install.log --single-version-externally-managed install_data
[4.181s] Level 1:colcon.colcon_core.environment:checking '/home/user/ros_ws/install/loc_package' for CMake module files
[4.182s] Level 1:colcon.colcon_core.environment:checking '/home/user/ros_ws/install/loc_package' for CMake config files
[4.183s] Level 1:colcon.colcon_core.environment:checking '/home/user/ros_ws/install/loc_package/lib'
[4.183s] Level 1:colcon.colcon_core.environment:checking '/home/user/ros_ws/install/loc_package/bin'
[4.183s] Level 1:colcon.colcon_core.environment:checking '/home/user/ros_ws/install/loc_package/lib/pkgconfig/loc_package.pc'
[4.184s] Level 1:colcon.colcon_core.environment:checking '/home/user/ros_ws/install/loc_package/lib/python3.10/site-packages'
[4.184s] Level 1:colcon.colcon_core.shell:create_environment_hook('loc_package', 'pythonpath')
[4.184s] INFO:colcon.colcon_core.shell:Creating environment hook '/home/user/ros_ws/install/loc_package/share/loc_package/hook/pythonpath.ps1'
[4.185s] INFO:colcon.colcon_core.shell:Creating environment descriptor '/home/user/ros_ws/install/loc_package/share/loc_package/hook/pythonpath.dsv'
[4.186s] INFO:colcon.colcon_core.shell:Creating environment hook '/home/user/ros_ws/install/loc_package/share/loc_package/hook/pythonpath.sh'
[4.187s] Level 1:colcon.colcon_core.environment:checking '/home/user/ros_ws/install/loc_package/bin'
[4.187s] Level 1:colcon.colcon_core.environment:create_environment_scripts_only(loc_package)
[4.187s] INFO:colcon.colcon_core.shell:Creating package script '/home/user/ros_ws/install/loc_package/share/loc_package/package.ps1'
[4.189s] INFO:colcon.colcon_core.shell:Creating package descriptor '/home/user/ros_ws/install/loc_package/share/loc_package/package.dsv'
[4.190s] INFO:colcon.colcon_core.shell:Creating package script '/home/user/ros_ws/install/loc_package/share/loc_package/package.sh'
[4.192s] INFO:colcon.colcon_core.shell:Creating package script '/home/user/ros_ws/install/loc_package/share/loc_package/package.bash'
[4.193s] INFO:colcon.colcon_core.shell:Creating package script '/home/user/ros_ws/install/loc_package/share/loc_package/package.zsh'
[4.195s] Level 1:colcon.colcon_core.environment:create_file_with_runtime_dependencies(/home/user/ros_ws/install/loc_package/share/colcon-core/packages/loc_package)
[7.047s] DEBUG:colcon.colcon_core.event_handler.log_command:Invoked command in '/home/user/ros_ws/build/mocap_msgs' returned '0': CMAKE_PREFIX_PATH=/opt/ros/humble /usr/bin/cmake /home/user/ros_ws/src/mocap_msgs -DCMAKE_INSTALL_PREFIX=/home/user/ros_ws/install/mocap_msgs
[7.047s] DEBUG:colcon.colcon_core.event_handler.log_command:Invoking command in '/home/user/ros_ws/build/mocap_msgs': CMAKE_PREFIX_PATH=/opt/ros/humble /usr/bin/cmake --build /home/user/ros_ws/build/mocap_msgs -- -j2 -l2
[24.779s] DEBUG:colcon.colcon_core.event_handler.log_command:Invoked command in '/home/user/ros_ws/build/mocap_msgs' returned '0': CMAKE_PREFIX_PATH=/opt/ros/humble /usr/bin/cmake --build /home/user/ros_ws/build/mocap_msgs -- -j2 -l2
[24.794s] DEBUG:colcon.colcon_core.event_handler.log_command:Invoking command in '/home/user/ros_ws/build/mocap_msgs': CMAKE_PREFIX_PATH=/opt/ros/humble /usr/bin/cmake --install /home/user/ros_ws/build/mocap_msgs
[24.957s] Level 1:colcon.colcon_core.environment:create_environment_scripts_only(mocap_msgs)
[24.958s] Level 1:colcon.colcon_core.environment:checking '/home/user/ros_ws/install/mocap_msgs' for CMake module files
[24.959s] DEBUG:colcon.colcon_core.event_handler.log_command:Invoked command in '/home/user/ros_ws/build/mocap_msgs' returned '0': CMAKE_PREFIX_PATH=/opt/ros/humble /usr/bin/cmake --install /home/user/ros_ws/build/mocap_msgs
[24.960s] Level 1:colcon.colcon_core.environment:checking '/home/user/ros_ws/install/mocap_msgs' for CMake config files
[24.961s] Level 1:colcon.colcon_core.shell:create_environment_hook('mocap_msgs', 'cmake_prefix_path')
[24.962s] INFO:colcon.colcon_core.shell:Creating environment hook '/home/user/ros_ws/install/mocap_msgs/share/mocap_msgs/hook/cmake_prefix_path.ps1'
[24.963s] INFO:colcon.colcon_core.shell:Creating environment descriptor '/home/user/ros_ws/install/mocap_msgs/share/mocap_msgs/hook/cmake_prefix_path.dsv'
[24.963s] INFO:colcon.colcon_core.shell:Creating environment hook '/home/user/ros_ws/install/mocap_msgs/share/mocap_msgs/hook/cmake_prefix_path.sh'
[24.964s] Level 1:colcon.colcon_core.environment:checking '/home/user/ros_ws/install/mocap_msgs/lib'
[24.964s] Level 1:colcon.colcon_core.shell:create_environment_hook('mocap_msgs', 'ld_library_path_lib')
[24.965s] INFO:colcon.colcon_core.shell:Creating environment hook '/home/user/ros_ws/install/mocap_msgs/share/mocap_msgs/hook/ld_library_path_lib.ps1'
[24.965s] INFO:colcon.colcon_core.shell:Creating environment descriptor '/home/user/ros_ws/install/mocap_msgs/share/mocap_msgs/hook/ld_library_path_lib.dsv'
[24.966s] INFO:colcon.colcon_core.shell:Creating environment hook '/home/user/ros_ws/install/mocap_msgs/share/mocap_msgs/hook/ld_library_path_lib.sh'
[24.966s] Level 1:colcon.colcon_core.environment:checking '/home/user/ros_ws/install/mocap_msgs/bin'
[24.966s] Level 1:colcon.colcon_core.environment:checking '/home/user/ros_ws/install/mocap_msgs/lib/pkgconfig/mocap_msgs.pc'
[24.967s] Level 1:colcon.colcon_core.environment:checking '/home/user/ros_ws/install/mocap_msgs/lib/python3.10/site-packages'
[24.967s] Level 1:colcon.colcon_core.environment:checking '/home/user/ros_ws/install/mocap_msgs/bin'
[24.968s] INFO:colcon.colcon_core.shell:Creating package script '/home/user/ros_ws/install/mocap_msgs/share/mocap_msgs/package.ps1'
[24.969s] INFO:colcon.colcon_core.shell:Creating package descriptor '/home/user/ros_ws/install/mocap_msgs/share/mocap_msgs/package.dsv'
[24.970s] INFO:colcon.colcon_core.shell:Creating package script '/home/user/ros_ws/install/mocap_msgs/share/mocap_msgs/package.sh'
[24.970s] INFO:colcon.colcon_core.shell:Creating package script '/home/user/ros_ws/install/mocap_msgs/share/mocap_msgs/package.bash'
[24.971s] INFO:colcon.colcon_core.shell:Creating package script '/home/user/ros_ws/install/mocap_msgs/share/mocap_msgs/package.zsh'
[24.971s] Level 1:colcon.colcon_core.environment:create_file_with_runtime_dependencies(/home/user/ros_ws/install/mocap_msgs/share/colcon-core/packages/mocap_msgs)
[24.972s] Level 1:colcon.colcon_core.environment:create_environment_scripts_only(mocap_msgs)
[24.973s] Level 1:colcon.colcon_core.environment:checking '/home/user/ros_ws/install/mocap_msgs' for CMake module files
[24.974s] Level 1:colcon.colcon_core.environment:checking '/home/user/ros_ws/install/mocap_msgs' for CMake config files
[24.975s] Level 1:colcon.colcon_core.shell:create_environment_hook('mocap_msgs', 'cmake_prefix_path')
[24.975s] INFO:colcon.colcon_core.shell:Creating environment hook '/home/user/ros_ws/install/mocap_msgs/share/mocap_msgs/hook/cmake_prefix_path.ps1'
[24.976s] INFO:colcon.colcon_core.shell:Creating environment descriptor '/home/user/ros_ws/install/mocap_msgs/share/mocap_msgs/hook/cmake_prefix_path.dsv'
[24.977s] INFO:colcon.colcon_core.shell:Creating environment hook '/home/user/ros_ws/install/mocap_msgs/share/mocap_msgs/hook/cmake_prefix_path.sh'
[24.978s] Level 1:colcon.colcon_core.environment:checking '/home/user/ros_ws/install/mocap_msgs/lib'
[24.978s] Level 1:colcon.colcon_core.shell:create_environment_hook('mocap_msgs', 'ld_library_path_lib')
[24.979s] INFO:colcon.colcon_core.shell:Creating environment hook '/home/user/ros_ws/install/mocap_msgs/share/mocap_msgs/hook/ld_library_path_lib.ps1'
[24.979s] INFO:colcon.colcon_core.shell:Creating environment descriptor '/home/user/ros_ws/install/mocap_msgs/share/mocap_msgs/hook/ld_library_path_lib.dsv'
[24.980s] INFO:colcon.colcon_core.shell:Creating environment hook '/home/user/ros_ws/install/mocap_msgs/share/mocap_msgs/hook/ld_library_path_lib.sh'
[24.980s] Level 1:colcon.colcon_core.environment:checking '/home/user/ros_ws/install/mocap_msgs/bin'
[24.981s] Level 1:colcon.colcon_core.environment:checking '/home/user/ros_ws/install/mocap_msgs/lib/pkgconfig/mocap_msgs.pc'
[24.981s] Level 1:colcon.colcon_core.environment:checking '/home/user/ros_ws/install/mocap_msgs/lib/python3.10/site-packages'
[24.981s] Level 1:colcon.colcon_core.environment:checking '/home/user/ros_ws/install/mocap_msgs/bin'
[24.982s] INFO:colcon.colcon_core.shell:Creating package script '/home/user/ros_ws/install/mocap_msgs/share/mocap_msgs/package.ps1'
[24.983s] INFO:colcon.colcon_core.shell:Creating package descriptor '/home/user/ros_ws/install/mocap_msgs/share/mocap_msgs/package.dsv'
[24.984s] INFO:colcon.colcon_core.shell:Creating package script '/home/user/ros_ws/install/mocap_msgs/share/mocap_msgs/package.sh'
[24.985s] INFO:colcon.colcon_core.shell:Creating package script '/home/user/ros_ws/install/mocap_msgs/share/mocap_msgs/package.bash'
[24.985s] INFO:colcon.colcon_core.shell:Creating package script '/home/user/ros_ws/install/mocap_msgs/share/mocap_msgs/package.zsh'
[24.986s] Level 1:colcon.colcon_core.environment:create_file_with_runtime_dependencies(/home/user/ros_ws/install/mocap_msgs/share/colcon-core/packages/mocap_msgs)
[24.987s] DEBUG:colcon.colcon_parallel_executor.executor.parallel:closing loop
[24.988s] DEBUG:colcon.colcon_parallel_executor.executor.parallel:loop closed
[24.988s] DEBUG:colcon.colcon_parallel_executor.executor.parallel:run_until_complete finished with '0'
[24.988s] DEBUG:colcon.colcon_core.event_reactor:joining thread
[25.000s] INFO:colcon.colcon_core.plugin_system:Skipping extension 'colcon_notification.desktop_notification.terminal_notifier': Not used on non-Darwin systems
[25.001s] INFO:colcon.colcon_core.plugin_system:Skipping extension 'colcon_notification.desktop_notification.win32': Not used on non-Windows systems
[25.001s] INFO:colcon.colcon_notification.desktop_notification:Sending desktop notification using 'notify2'
[25.033s] DEBUG:colcon.colcon_core.event_reactor:joined thread
[25.034s] INFO:colcon.colcon_core.shell:Creating prefix script '/home/user/ros_ws/install/local_setup.ps1'
[25.036s] INFO:colcon.colcon_core.shell:Creating prefix util module '/home/user/ros_ws/install/_local_setup_util_ps1.py'
[25.039s] INFO:colcon.colcon_core.shell:Creating prefix chain script '/home/user/ros_ws/install/setup.ps1'
[25.041s] INFO:colcon.colcon_core.shell:Creating prefix script '/home/user/ros_ws/install/local_setup.sh'
[25.042s] INFO:colcon.colcon_core.shell:Creating prefix util module '/home/user/ros_ws/install/_local_setup_util_sh.py'
[25.044s] INFO:colcon.colcon_core.shell:Creating prefix chain script '/home/user/ros_ws/install/setup.sh'
[25.046s] INFO:colcon.colcon_core.shell:Creating prefix script '/home/user/ros_ws/install/local_setup.bash'
[25.048s] INFO:colcon.colcon_core.shell:Creating prefix chain script '/home/user/ros_ws/install/setup.bash'
[25.049s] INFO:colcon.colcon_core.shell:Creating prefix script '/home/user/ros_ws/install/local_setup.zsh'
[25.050s] INFO:colcon.colcon_core.shell:Creating prefix chain script '/home/user/ros_ws/install/setup.zsh'
