[0.571s] Invoking command in '/home/user/ros_ws/build/mocap_msgs': CMAKE_PREFIX_PATH=/opt/ros/humble /usr/bin/cmake --build /home/user/ros_ws/build/mocap_msgs -- -j2 -l2
[0.675s] [  1%] Built target mocap_msgs__cpp
[0.705s] [ 12%] Built target mocap_msgs__rosidl_generator_c
[0.753s] [ 12%] Built target ament_cmake_python_copy_mocap_msgs
[0.774s] [ 23%] Built target mocap_msgs__rosidl_typesupport_cpp
[0.833s] [ 34%] Built target mocap_msgs__rosidl_typesupport_introspection_c
[0.841s] [ 46%] Built target mocap_msgs__rosidl_typesupport_fastrtps_c
[0.880s] [ 57%] Built target mocap_msgs__rosidl_typesupport_c
[0.939s] [ 68%] Built target mocap_msgs__rosidl_typesupport_fastrtps_cpp
[0.943s] [ 79%] Built target mocap_msgs__rosidl_typesupport_introspection_cpp
[1.008s] [ 79%] Built target mocap_msgs
[1.076s] [ 80%] Built target mocap_msgs__py
[1.154s] [ 90%] Built target mocap_msgs__rosidl_generator_py
[1.219s] [ 93%] Built target mocap_msgs__rosidl_typesupport_fastrtps_c__pyext
[1.290s] [ 96%] Built target mocap_msgs__rosidl_typesupport_introspection_c__pyext
[1.361s] [100%] Built target mocap_msgs__rosidl_typesupport_c__pyext
[1.630s] running egg_info
[1.630s] writing mocap_msgs.egg-info/PKG-INFO
[1.630s] writing dependency_links to mocap_msgs.egg-info/dependency_links.txt
[1.631s] writing top-level names to mocap_msgs.egg-info/top_level.txt
[1.639s] reading manifest file 'mocap_msgs.egg-info/SOURCES.txt'
[1.642s] writing manifest file 'mocap_msgs.egg-info/SOURCES.txt'
[1.698s] [100%] Built target ament_cmake_python_build_mocap_msgs_egg
[1.723s] Invoked command in '/home/user/ros_ws/build/mocap_msgs' returned '0': CMAKE_PREFIX_PATH=/opt/ros/humble /usr/bin/cmake --build /home/user/ros_ws/build/mocap_msgs -- -j2 -l2
[1.742s] Invoking command in '/home/user/ros_ws/build/mocap_msgs': CMAKE_PREFIX_PATH=/opt/ros/humble /usr/bin/cmake --install /home/user/ros_ws/build/mocap_msgs
[1.768s] -- Install configuration: ""
[1.768s] -- Up-to-date: /home/user/ros_ws/install/mocap_msgs/share/ament_index/resource_index/rosidl_interfaces/mocap_msgs
[1.769s] -- Up-to-date: /home/user/ros_ws/install/mocap_msgs/include/mocap_msgs/mocap_msgs
[1.769s] -- Up-to-date: /home/user/ros_ws/install/mocap_msgs/include/mocap_msgs/mocap_msgs/msg
[1.769s] -- Up-to-date: /home/user/ros_ws/install/mocap_msgs/include/mocap_msgs/mocap_msgs/msg/markers.h
[1.769s] -- Up-to-date: /home/user/ros_ws/install/mocap_msgs/include/mocap_msgs/mocap_msgs/msg/rigid_body.h
[1.769s] -- Up-to-date: /home/user/ros_ws/install/mocap_msgs/include/mocap_msgs/mocap_msgs/msg/rigid_bodies.h
[1.770s] -- Up-to-date: /home/user/ros_ws/install/mocap_msgs/include/mocap_msgs/mocap_msgs/msg/detail
[1.770s] -- Up-to-date: /home/user/ros_ws/install/mocap_msgs/include/mocap_msgs/mocap_msgs/msg/detail/markers__type_support.h
[1.770s] -- Up-to-date: /home/user/ros_ws/install/mocap_msgs/include/mocap_msgs/mocap_msgs/msg/detail/imus_info__functions.h
[1.770s] -- Up-to-date: /home/user/ros_ws/install/mocap_msgs/include/mocap_msgs/mocap_msgs/msg/detail/rigid_bodies__type_support.h
[1.774s] -- Up-to-date: /home/user/ros_ws/install/mocap_msgs/include/mocap_msgs/mocap_msgs/msg/detail/marker__functions.h
[1.774s] -- Up-to-date: /home/user/ros_ws/install/mocap_msgs/include/mocap_msgs/mocap_msgs/msg/detail/rigid_bodies__struct.h
[1.774s] -- Up-to-date: /home/user/ros_ws/install/mocap_msgs/include/mocap_msgs/mocap_msgs/msg/detail/imus_info__type_support.h
[1.774s] -- Up-to-date: /home/user/ros_ws/install/mocap_msgs/include/mocap_msgs/mocap_msgs/msg/detail/rigid_body__functions.h
[1.774s] -- Up-to-date: /home/user/ros_ws/install/mocap_msgs/include/mocap_msgs/mocap_msgs/msg/detail/markers__struct.h
[1.775s] -- Up-to-date: /home/user/ros_ws/install/mocap_msgs/include/mocap_msgs/mocap_msgs/msg/detail/marker__type_support.h
[1.775s] -- Up-to-date: /home/user/ros_ws/install/mocap_msgs/include/mocap_msgs/mocap_msgs/msg/detail/markers__functions.c
[1.775s] -- Up-to-date: /home/user/ros_ws/install/mocap_msgs/include/mocap_msgs/mocap_msgs/msg/detail/rigid_body__type_support.h
[1.775s] -- Up-to-date: /home/user/ros_ws/install/mocap_msgs/include/mocap_msgs/mocap_msgs/msg/detail/rigid_body__struct.h
[1.775s] -- Up-to-date: /home/user/ros_ws/install/mocap_msgs/include/mocap_msgs/mocap_msgs/msg/detail/rigid_bodies__functions.h
[1.775s] -- Up-to-date: /home/user/ros_ws/install/mocap_msgs/include/mocap_msgs/mocap_msgs/msg/detail/marker__functions.c
[1.775s] -- Up-to-date: /home/user/ros_ws/install/mocap_msgs/include/mocap_msgs/mocap_msgs/msg/detail/markers__functions.h
[1.775s] -- Up-to-date: /home/user/ros_ws/install/mocap_msgs/include/mocap_msgs/mocap_msgs/msg/detail/imus_info__struct.h
[1.776s] -- Up-to-date: /home/user/ros_ws/install/mocap_msgs/include/mocap_msgs/mocap_msgs/msg/detail/rigid_bodies__functions.c
[1.776s] -- Up-to-date: /home/user/ros_ws/install/mocap_msgs/include/mocap_msgs/mocap_msgs/msg/detail/imus_info__functions.c
[1.776s] -- Up-to-date: /home/user/ros_ws/install/mocap_msgs/include/mocap_msgs/mocap_msgs/msg/detail/rigid_body__functions.c
[1.778s] -- Up-to-date: /home/user/ros_ws/install/mocap_msgs/include/mocap_msgs/mocap_msgs/msg/detail/marker__struct.h
[1.779s] -- Up-to-date: /home/user/ros_ws/install/mocap_msgs/include/mocap_msgs/mocap_msgs/msg/marker.h
[1.779s] -- Up-to-date: /home/user/ros_ws/install/mocap_msgs/include/mocap_msgs/mocap_msgs/msg/imus_info.h
[1.779s] -- Up-to-date: /home/user/ros_ws/install/mocap_msgs/include/mocap_msgs/mocap_msgs/msg/rosidl_generator_c__visibility_control.h
[1.779s] -- Up-to-date: /home/user/ros_ws/install/mocap_msgs/share/mocap_msgs/environment/library_path.sh
[1.779s] -- Up-to-date: /home/user/ros_ws/install/mocap_msgs/share/mocap_msgs/environment/library_path.dsv
[1.779s] -- Up-to-date: /home/user/ros_ws/install/mocap_msgs/lib/libmocap_msgs__rosidl_generator_c.so
[1.779s] -- Up-to-date: /home/user/ros_ws/install/mocap_msgs/include/mocap_msgs/mocap_msgs
[1.779s] -- Up-to-date: /home/user/ros_ws/install/mocap_msgs/include/mocap_msgs/mocap_msgs/msg
[1.780s] -- Up-to-date: /home/user/ros_ws/install/mocap_msgs/include/mocap_msgs/mocap_msgs/msg/rosidl_typesupport_fastrtps_c__visibility_control.h
[1.780s] -- Up-to-date: /home/user/ros_ws/install/mocap_msgs/include/mocap_msgs/mocap_msgs/msg/detail
[1.780s] -- Up-to-date: /home/user/ros_ws/install/mocap_msgs/include/mocap_msgs/mocap_msgs/msg/detail/rigid_bodies__rosidl_typesupport_fastrtps_c.h
[1.780s] -- Up-to-date: /home/user/ros_ws/install/mocap_msgs/include/mocap_msgs/mocap_msgs/msg/detail/rigid_body__rosidl_typesupport_fastrtps_c.h
[1.780s] -- Up-to-date: /home/user/ros_ws/install/mocap_msgs/include/mocap_msgs/mocap_msgs/msg/detail/imus_info__rosidl_typesupport_fastrtps_c.h
[1.780s] -- Up-to-date: /home/user/ros_ws/install/mocap_msgs/include/mocap_msgs/mocap_msgs/msg/detail/markers__rosidl_typesupport_fastrtps_c.h
[1.781s] -- Up-to-date: /home/user/ros_ws/install/mocap_msgs/include/mocap_msgs/mocap_msgs/msg/detail/marker__rosidl_typesupport_fastrtps_c.h
[1.781s] -- Up-to-date: /home/user/ros_ws/install/mocap_msgs/lib/libmocap_msgs__rosidl_typesupport_fastrtps_c.so
[1.783s] -- Up-to-date: /home/user/ros_ws/install/mocap_msgs/include/mocap_msgs/mocap_msgs
[1.784s] -- Up-to-date: /home/user/ros_ws/install/mocap_msgs/include/mocap_msgs/mocap_msgs/msg
[1.784s] -- Up-to-date: /home/user/ros_ws/install/mocap_msgs/include/mocap_msgs/mocap_msgs/msg/rosidl_typesupport_introspection_c__visibility_control.h
[1.784s] -- Up-to-date: /home/user/ros_ws/install/mocap_msgs/include/mocap_msgs/mocap_msgs/msg/detail
[1.784s] -- Up-to-date: /home/user/ros_ws/install/mocap_msgs/include/mocap_msgs/mocap_msgs/msg/detail/rigid_body__type_support.c
[1.784s] -- Up-to-date: /home/user/ros_ws/install/mocap_msgs/include/mocap_msgs/mocap_msgs/msg/detail/markers__rosidl_typesupport_introspection_c.h
[1.784s] -- Up-to-date: /home/user/ros_ws/install/mocap_msgs/include/mocap_msgs/mocap_msgs/msg/detail/rigid_bodies__rosidl_typesupport_introspection_c.h
[1.784s] -- Up-to-date: /home/user/ros_ws/install/mocap_msgs/include/mocap_msgs/mocap_msgs/msg/detail/imus_info__type_support.c
[1.785s] -- Up-to-date: /home/user/ros_ws/install/mocap_msgs/include/mocap_msgs/mocap_msgs/msg/detail/rigid_body__rosidl_typesupport_introspection_c.h
[1.787s] -- Up-to-date: /home/user/ros_ws/install/mocap_msgs/include/mocap_msgs/mocap_msgs/msg/detail/marker__rosidl_typesupport_introspection_c.h
[1.787s] -- Up-to-date: /home/user/ros_ws/install/mocap_msgs/include/mocap_msgs/mocap_msgs/msg/detail/rigid_bodies__type_support.c
[1.787s] -- Up-to-date: /home/user/ros_ws/install/mocap_msgs/include/mocap_msgs/mocap_msgs/msg/detail/imus_info__rosidl_typesupport_introspection_c.h
[1.787s] -- Up-to-date: /home/user/ros_ws/install/mocap_msgs/include/mocap_msgs/mocap_msgs/msg/detail/marker__type_support.c
[1.787s] -- Up-to-date: /home/user/ros_ws/install/mocap_msgs/include/mocap_msgs/mocap_msgs/msg/detail/markers__type_support.c
[1.788s] -- Up-to-date: /home/user/ros_ws/install/mocap_msgs/lib/libmocap_msgs__rosidl_typesupport_introspection_c.so
[1.788s] -- Up-to-date: /home/user/ros_ws/install/mocap_msgs/lib/libmocap_msgs__rosidl_typesupport_c.so
[1.788s] -- Up-to-date: /home/user/ros_ws/install/mocap_msgs/include/mocap_msgs/mocap_msgs
[1.788s] -- Up-to-date: /home/user/ros_ws/install/mocap_msgs/include/mocap_msgs/mocap_msgs/msg
[1.788s] -- Up-to-date: /home/user/ros_ws/install/mocap_msgs/include/mocap_msgs/mocap_msgs/msg/markers.hpp
[1.788s] -- Up-to-date: /home/user/ros_ws/install/mocap_msgs/include/mocap_msgs/mocap_msgs/msg/rigid_bodies.hpp
[1.789s] -- Up-to-date: /home/user/ros_ws/install/mocap_msgs/include/mocap_msgs/mocap_msgs/msg/detail
[1.791s] -- Up-to-date: /home/user/ros_ws/install/mocap_msgs/include/mocap_msgs/mocap_msgs/msg/detail/imus_info__struct.hpp
[1.791s] -- Up-to-date: /home/user/ros_ws/install/mocap_msgs/include/mocap_msgs/mocap_msgs/msg/detail/rigid_bodies__builder.hpp
[1.791s] -- Up-to-date: /home/user/ros_ws/install/mocap_msgs/include/mocap_msgs/mocap_msgs/msg/detail/markers__builder.hpp
[1.791s] -- Up-to-date: /home/user/ros_ws/install/mocap_msgs/include/mocap_msgs/mocap_msgs/msg/detail/rigid_bodies__type_support.hpp
[1.791s] -- Up-to-date: /home/user/ros_ws/install/mocap_msgs/include/mocap_msgs/mocap_msgs/msg/detail/rigid_body__traits.hpp
[1.791s] -- Up-to-date: /home/user/ros_ws/install/mocap_msgs/include/mocap_msgs/mocap_msgs/msg/detail/rigid_body__builder.hpp
[1.792s] -- Up-to-date: /home/user/ros_ws/install/mocap_msgs/include/mocap_msgs/mocap_msgs/msg/detail/markers__type_support.hpp
[1.792s] -- Up-to-date: /home/user/ros_ws/install/mocap_msgs/include/mocap_msgs/mocap_msgs/msg/detail/imus_info__traits.hpp
[1.792s] -- Up-to-date: /home/user/ros_ws/install/mocap_msgs/include/mocap_msgs/mocap_msgs/msg/detail/marker__type_support.hpp
[1.792s] -- Up-to-date: /home/user/ros_ws/install/mocap_msgs/include/mocap_msgs/mocap_msgs/msg/detail/markers__traits.hpp
[1.792s] -- Up-to-date: /home/user/ros_ws/install/mocap_msgs/include/mocap_msgs/mocap_msgs/msg/detail/rigid_body__type_support.hpp
[1.792s] -- Up-to-date: /home/user/ros_ws/install/mocap_msgs/include/mocap_msgs/mocap_msgs/msg/detail/rigid_bodies__struct.hpp
[1.792s] -- Up-to-date: /home/user/ros_ws/install/mocap_msgs/include/mocap_msgs/mocap_msgs/msg/detail/imus_info__type_support.hpp
[1.792s] -- Up-to-date: /home/user/ros_ws/install/mocap_msgs/include/mocap_msgs/mocap_msgs/msg/detail/rigid_body__struct.hpp
[1.793s] -- Up-to-date: /home/user/ros_ws/install/mocap_msgs/include/mocap_msgs/mocap_msgs/msg/detail/rigid_bodies__traits.hpp
[1.793s] -- Up-to-date: /home/user/ros_ws/install/mocap_msgs/include/mocap_msgs/mocap_msgs/msg/detail/imus_info__builder.hpp
[1.794s] -- Up-to-date: /home/user/ros_ws/install/mocap_msgs/include/mocap_msgs/mocap_msgs/msg/detail/marker__builder.hpp
[1.794s] -- Up-to-date: /home/user/ros_ws/install/mocap_msgs/include/mocap_msgs/mocap_msgs/msg/detail/markers__struct.hpp
[1.794s] -- Up-to-date: /home/user/ros_ws/install/mocap_msgs/include/mocap_msgs/mocap_msgs/msg/detail/marker__struct.hpp
[1.794s] -- Up-to-date: /home/user/ros_ws/install/mocap_msgs/include/mocap_msgs/mocap_msgs/msg/detail/marker__traits.hpp
[1.794s] -- Up-to-date: /home/user/ros_ws/install/mocap_msgs/include/mocap_msgs/mocap_msgs/msg/imus_info.hpp
[1.794s] -- Up-to-date: /home/user/ros_ws/install/mocap_msgs/include/mocap_msgs/mocap_msgs/msg/rigid_body.hpp
[1.795s] -- Up-to-date: /home/user/ros_ws/install/mocap_msgs/include/mocap_msgs/mocap_msgs/msg/rosidl_generator_cpp__visibility_control.hpp
[1.795s] -- Up-to-date: /home/user/ros_ws/install/mocap_msgs/include/mocap_msgs/mocap_msgs/msg/marker.hpp
[1.795s] -- Up-to-date: /home/user/ros_ws/install/mocap_msgs/include/mocap_msgs/mocap_msgs
[1.795s] -- Up-to-date: /home/user/ros_ws/install/mocap_msgs/include/mocap_msgs/mocap_msgs/msg
[1.799s] -- Up-to-date: /home/user/ros_ws/install/mocap_msgs/include/mocap_msgs/mocap_msgs/msg/detail
[1.799s] -- Up-to-date: /home/user/ros_ws/install/mocap_msgs/include/mocap_msgs/mocap_msgs/msg/detail/marker__rosidl_typesupport_fastrtps_cpp.hpp
[1.799s] -- Up-to-date: /home/user/ros_ws/install/mocap_msgs/include/mocap_msgs/mocap_msgs/msg/detail/imus_info__rosidl_typesupport_fastrtps_cpp.hpp
[1.800s] -- Up-to-date: /home/user/ros_ws/install/mocap_msgs/include/mocap_msgs/mocap_msgs/msg/detail/rigid_bodies__rosidl_typesupport_fastrtps_cpp.hpp
[1.800s] -- Up-to-date: /home/user/ros_ws/install/mocap_msgs/include/mocap_msgs/mocap_msgs/msg/detail/dds_fastrtps
[1.800s] -- Up-to-date: /home/user/ros_ws/install/mocap_msgs/include/mocap_msgs/mocap_msgs/msg/detail/markers__rosidl_typesupport_fastrtps_cpp.hpp
[1.800s] -- Up-to-date: /home/user/ros_ws/install/mocap_msgs/include/mocap_msgs/mocap_msgs/msg/detail/rigid_body__rosidl_typesupport_fastrtps_cpp.hpp
[1.800s] -- Up-to-date: /home/user/ros_ws/install/mocap_msgs/include/mocap_msgs/mocap_msgs/msg/rosidl_typesupport_fastrtps_cpp__visibility_control.h
[1.801s] -- Up-to-date: /home/user/ros_ws/install/mocap_msgs/lib/libmocap_msgs__rosidl_typesupport_fastrtps_cpp.so
[1.803s] -- Up-to-date: /home/user/ros_ws/install/mocap_msgs/include/mocap_msgs/mocap_msgs
[1.803s] -- Up-to-date: /home/user/ros_ws/install/mocap_msgs/include/mocap_msgs/mocap_msgs/msg
[1.803s] -- Up-to-date: /home/user/ros_ws/install/mocap_msgs/include/mocap_msgs/mocap_msgs/msg/detail
[1.803s] -- Up-to-date: /home/user/ros_ws/install/mocap_msgs/include/mocap_msgs/mocap_msgs/msg/detail/rigid_body__type_support.cpp
[1.804s] -- Up-to-date: /home/user/ros_ws/install/mocap_msgs/include/mocap_msgs/mocap_msgs/msg/detail/imus_info__type_support.cpp
[1.804s] -- Up-to-date: /home/user/ros_ws/install/mocap_msgs/include/mocap_msgs/mocap_msgs/msg/detail/rigid_bodies__rosidl_typesupport_introspection_cpp.hpp
[1.804s] -- Up-to-date: /home/user/ros_ws/install/mocap_msgs/include/mocap_msgs/mocap_msgs/msg/detail/markers__rosidl_typesupport_introspection_cpp.hpp
[1.804s] -- Up-to-date: /home/user/ros_ws/install/mocap_msgs/include/mocap_msgs/mocap_msgs/msg/detail/rigid_bodies__type_support.cpp
[1.804s] -- Up-to-date: /home/user/ros_ws/install/mocap_msgs/include/mocap_msgs/mocap_msgs/msg/detail/rigid_body__rosidl_typesupport_introspection_cpp.hpp
[1.807s] -- Up-to-date: /home/user/ros_ws/install/mocap_msgs/include/mocap_msgs/mocap_msgs/msg/detail/marker__type_support.cpp
[1.807s] -- Up-to-date: /home/user/ros_ws/install/mocap_msgs/include/mocap_msgs/mocap_msgs/msg/detail/imus_info__rosidl_typesupport_introspection_cpp.hpp
[1.807s] -- Up-to-date: /home/user/ros_ws/install/mocap_msgs/include/mocap_msgs/mocap_msgs/msg/detail/marker__rosidl_typesupport_introspection_cpp.hpp
[1.807s] -- Up-to-date: /home/user/ros_ws/install/mocap_msgs/include/mocap_msgs/mocap_msgs/msg/detail/markers__type_support.cpp
[1.807s] -- Up-to-date: /home/user/ros_ws/install/mocap_msgs/lib/libmocap_msgs__rosidl_typesupport_introspection_cpp.so
[1.808s] -- Up-to-date: /home/user/ros_ws/install/mocap_msgs/lib/libmocap_msgs__rosidl_typesupport_cpp.so
[1.808s] -- Up-to-date: /home/user/ros_ws/install/mocap_msgs/share/mocap_msgs/environment/pythonpath.sh
[1.808s] -- Up-to-date: /home/user/ros_ws/install/mocap_msgs/share/mocap_msgs/environment/pythonpath.dsv
[1.808s] -- Up-to-date: /home/user/ros_ws/install/mocap_msgs/local/lib/python3.10/dist-packages/mocap_msgs-0.0.3-py3.10.egg-info
[1.808s] -- Installing: /home/user/ros_ws/install/mocap_msgs/local/lib/python3.10/dist-packages/mocap_msgs-0.0.3-py3.10.egg-info/dependency_links.txt
[1.808s] -- Installing: /home/user/ros_ws/install/mocap_msgs/local/lib/python3.10/dist-packages/mocap_msgs-0.0.3-py3.10.egg-info/SOURCES.txt
[1.808s] -- Installing: /home/user/ros_ws/install/mocap_msgs/local/lib/python3.10/dist-packages/mocap_msgs-0.0.3-py3.10.egg-info/PKG-INFO
[1.809s] -- Installing: /home/user/ros_ws/install/mocap_msgs/local/lib/python3.10/dist-packages/mocap_msgs-0.0.3-py3.10.egg-info/top_level.txt
[1.811s] -- Up-to-date: /home/user/ros_ws/install/mocap_msgs/local/lib/python3.10/dist-packages/mocap_msgs
[1.811s] -- Up-to-date: /home/user/ros_ws/install/mocap_msgs/local/lib/python3.10/dist-packages/mocap_msgs/libmocap_msgs__rosidl_generator_py.so
[1.811s] -- Up-to-date: /home/user/ros_ws/install/mocap_msgs/local/lib/python3.10/dist-packages/mocap_msgs/_mocap_msgs_s.ep.rosidl_typesupport_c.c
[1.812s] -- Up-to-date: /home/user/ros_ws/install/mocap_msgs/local/lib/python3.10/dist-packages/mocap_msgs/msg
[1.812s] -- Up-to-date: /home/user/ros_ws/install/mocap_msgs/local/lib/python3.10/dist-packages/mocap_msgs/msg/_marker.py
[1.812s] -- Up-to-date: /home/user/ros_ws/install/mocap_msgs/local/lib/python3.10/dist-packages/mocap_msgs/msg/_marker_s.c
[1.812s] -- Up-to-date: /home/user/ros_ws/install/mocap_msgs/local/lib/python3.10/dist-packages/mocap_msgs/msg/_rigid_body.py
[1.812s] -- Up-to-date: /home/user/ros_ws/install/mocap_msgs/local/lib/python3.10/dist-packages/mocap_msgs/msg/_imus_info_s.c
[1.812s] -- Up-to-date: /home/user/ros_ws/install/mocap_msgs/local/lib/python3.10/dist-packages/mocap_msgs/msg/_rigid_bodies_s.c
[1.813s] -- Up-to-date: /home/user/ros_ws/install/mocap_msgs/local/lib/python3.10/dist-packages/mocap_msgs/msg/_rigid_bodies.py
[1.815s] -- Up-to-date: /home/user/ros_ws/install/mocap_msgs/local/lib/python3.10/dist-packages/mocap_msgs/msg/_imus_info.py
[1.815s] -- Up-to-date: /home/user/ros_ws/install/mocap_msgs/local/lib/python3.10/dist-packages/mocap_msgs/msg/__init__.py
[1.815s] -- Up-to-date: /home/user/ros_ws/install/mocap_msgs/local/lib/python3.10/dist-packages/mocap_msgs/msg/_markers.py
[1.815s] -- Up-to-date: /home/user/ros_ws/install/mocap_msgs/local/lib/python3.10/dist-packages/mocap_msgs/msg/_rigid_body_s.c
[1.816s] -- Up-to-date: /home/user/ros_ws/install/mocap_msgs/local/lib/python3.10/dist-packages/mocap_msgs/msg/_markers_s.c
[1.816s] -- Up-to-date: /home/user/ros_ws/install/mocap_msgs/local/lib/python3.10/dist-packages/mocap_msgs/_mocap_msgs_s.ep.rosidl_typesupport_introspection_c.c
[1.816s] -- Up-to-date: /home/user/ros_ws/install/mocap_msgs/local/lib/python3.10/dist-packages/mocap_msgs/mocap_msgs_s__rosidl_typesupport_fastrtps_c.cpython-310-x86_64-linux-gnu.so
[1.816s] -- Up-to-date: /home/user/ros_ws/install/mocap_msgs/local/lib/python3.10/dist-packages/mocap_msgs/mocap_msgs_s__rosidl_typesupport_c.cpython-310-x86_64-linux-gnu.so
[1.816s] -- Up-to-date: /home/user/ros_ws/install/mocap_msgs/local/lib/python3.10/dist-packages/mocap_msgs/mocap_msgs_s__rosidl_typesupport_introspection_c.cpython-310-x86_64-linux-gnu.so
[1.817s] -- Up-to-date: /home/user/ros_ws/install/mocap_msgs/local/lib/python3.10/dist-packages/mocap_msgs/__init__.py
[1.819s] -- Up-to-date: /home/user/ros_ws/install/mocap_msgs/local/lib/python3.10/dist-packages/mocap_msgs/_mocap_msgs_s.ep.rosidl_typesupport_fastrtps_c.c
[1.855s] Listing '/home/user/ros_ws/install/mocap_msgs/local/lib/python3.10/dist-packages/mocap_msgs'...
[1.856s] Listing '/home/user/ros_ws/install/mocap_msgs/local/lib/python3.10/dist-packages/mocap_msgs/msg'...
[1.867s] -- Up-to-date: /home/user/ros_ws/install/mocap_msgs/local/lib/python3.10/dist-packages/mocap_msgs/mocap_msgs_s__rosidl_typesupport_fastrtps_c.cpython-310-x86_64-linux-gnu.so
[1.867s] -- Up-to-date: /home/user/ros_ws/install/mocap_msgs/local/lib/python3.10/dist-packages/mocap_msgs/mocap_msgs_s__rosidl_typesupport_introspection_c.cpython-310-x86_64-linux-gnu.so
[1.868s] -- Up-to-date: /home/user/ros_ws/install/mocap_msgs/local/lib/python3.10/dist-packages/mocap_msgs/mocap_msgs_s__rosidl_typesupport_c.cpython-310-x86_64-linux-gnu.so
[1.869s] -- Up-to-date: /home/user/ros_ws/install/mocap_msgs/lib/libmocap_msgs__rosidl_generator_py.so
[1.869s] -- Up-to-date: /home/user/ros_ws/install/mocap_msgs/share/mocap_msgs/msg/Marker.idl
[1.869s] -- Up-to-date: /home/user/ros_ws/install/mocap_msgs/share/mocap_msgs/msg/Markers.idl
[1.869s] -- Up-to-date: /home/user/ros_ws/install/mocap_msgs/share/mocap_msgs/msg/ImusInfo.idl
[1.869s] -- Up-to-date: /home/user/ros_ws/install/mocap_msgs/share/mocap_msgs/msg/RigidBody.idl
[1.870s] -- Up-to-date: /home/user/ros_ws/install/mocap_msgs/share/mocap_msgs/msg/RigidBodies.idl
[1.870s] -- Up-to-date: /home/user/ros_ws/install/mocap_msgs/share/mocap_msgs/msg/Marker.msg
[1.870s] -- Up-to-date: /home/user/ros_ws/install/mocap_msgs/share/mocap_msgs/msg/Markers.msg
[1.870s] -- Up-to-date: /home/user/ros_ws/install/mocap_msgs/share/mocap_msgs/msg/ImusInfo.msg
[1.870s] -- Up-to-date: /home/user/ros_ws/install/mocap_msgs/share/mocap_msgs/msg/RigidBody.msg
[1.870s] -- Up-to-date: /home/user/ros_ws/install/mocap_msgs/share/mocap_msgs/msg/RigidBodies.msg
[1.870s] -- Up-to-date: /home/user/ros_ws/install/mocap_msgs/share/mocap_msgs/mocap_bridge_mapping_rule.yaml
[1.871s] -- Up-to-date: /home/user/ros_ws/install/mocap_msgs/share/ament_index/resource_index/package_run_dependencies/mocap_msgs
[1.871s] -- Up-to-date: /home/user/ros_ws/install/mocap_msgs/share/ament_index/resource_index/parent_prefix_path/mocap_msgs
[1.874s] -- Up-to-date: /home/user/ros_ws/install/mocap_msgs/share/mocap_msgs/environment/ament_prefix_path.sh
[1.874s] -- Up-to-date: /home/user/ros_ws/install/mocap_msgs/share/mocap_msgs/environment/ament_prefix_path.dsv
[1.874s] -- Up-to-date: /home/user/ros_ws/install/mocap_msgs/share/mocap_msgs/environment/path.sh
[1.874s] -- Up-to-date: /home/user/ros_ws/install/mocap_msgs/share/mocap_msgs/environment/path.dsv
[1.874s] -- Up-to-date: /home/user/ros_ws/install/mocap_msgs/share/mocap_msgs/local_setup.bash
[1.874s] -- Up-to-date: /home/user/ros_ws/install/mocap_msgs/share/mocap_msgs/local_setup.sh
[1.874s] -- Up-to-date: /home/user/ros_ws/install/mocap_msgs/share/mocap_msgs/local_setup.zsh
[1.875s] -- Up-to-date: /home/user/ros_ws/install/mocap_msgs/share/mocap_msgs/local_setup.dsv
[1.875s] -- Installing: /home/user/ros_ws/install/mocap_msgs/share/mocap_msgs/package.dsv
[1.875s] -- Up-to-date: /home/user/ros_ws/install/mocap_msgs/share/ament_index/resource_index/packages/mocap_msgs
[1.875s] -- Up-to-date: /home/user/ros_ws/install/mocap_msgs/share/mocap_msgs/cmake/export_mocap_msgs__rosidl_generator_cExport.cmake
[1.875s] -- Up-to-date: /home/user/ros_ws/install/mocap_msgs/share/mocap_msgs/cmake/export_mocap_msgs__rosidl_generator_cExport-noconfig.cmake
[1.875s] -- Up-to-date: /home/user/ros_ws/install/mocap_msgs/share/mocap_msgs/cmake/export_mocap_msgs__rosidl_typesupport_fastrtps_cExport.cmake
[1.875s] -- Up-to-date: /home/user/ros_ws/install/mocap_msgs/share/mocap_msgs/cmake/export_mocap_msgs__rosidl_typesupport_fastrtps_cExport-noconfig.cmake
[1.875s] -- Up-to-date: /home/user/ros_ws/install/mocap_msgs/share/mocap_msgs/cmake/mocap_msgs__rosidl_typesupport_introspection_cExport.cmake
[1.878s] -- Up-to-date: /home/user/ros_ws/install/mocap_msgs/share/mocap_msgs/cmake/mocap_msgs__rosidl_typesupport_introspection_cExport-noconfig.cmake
[1.878s] -- Up-to-date: /home/user/ros_ws/install/mocap_msgs/share/mocap_msgs/cmake/mocap_msgs__rosidl_typesupport_cExport.cmake
[1.878s] -- Up-to-date: /home/user/ros_ws/install/mocap_msgs/share/mocap_msgs/cmake/mocap_msgs__rosidl_typesupport_cExport-noconfig.cmake
[1.878s] -- Up-to-date: /home/user/ros_ws/install/mocap_msgs/share/mocap_msgs/cmake/export_mocap_msgs__rosidl_generator_cppExport.cmake
[1.878s] -- Up-to-date: /home/user/ros_ws/install/mocap_msgs/share/mocap_msgs/cmake/export_mocap_msgs__rosidl_typesupport_fastrtps_cppExport.cmake
[1.878s] -- Up-to-date: /home/user/ros_ws/install/mocap_msgs/share/mocap_msgs/cmake/export_mocap_msgs__rosidl_typesupport_fastrtps_cppExport-noconfig.cmake
[1.879s] -- Up-to-date: /home/user/ros_ws/install/mocap_msgs/share/mocap_msgs/cmake/mocap_msgs__rosidl_typesupport_introspection_cppExport.cmake
[1.879s] -- Up-to-date: /home/user/ros_ws/install/mocap_msgs/share/mocap_msgs/cmake/mocap_msgs__rosidl_typesupport_introspection_cppExport-noconfig.cmake
[1.879s] -- Up-to-date: /home/user/ros_ws/install/mocap_msgs/share/mocap_msgs/cmake/mocap_msgs__rosidl_typesupport_cppExport.cmake
[1.879s] -- Up-to-date: /home/user/ros_ws/install/mocap_msgs/share/mocap_msgs/cmake/mocap_msgs__rosidl_typesupport_cppExport-noconfig.cmake
[1.879s] -- Up-to-date: /home/user/ros_ws/install/mocap_msgs/share/mocap_msgs/cmake/export_mocap_msgs__rosidl_generator_pyExport.cmake
[1.879s] -- Up-to-date: /home/user/ros_ws/install/mocap_msgs/share/mocap_msgs/cmake/export_mocap_msgs__rosidl_generator_pyExport-noconfig.cmake
[1.879s] -- Up-to-date: /home/user/ros_ws/install/mocap_msgs/share/mocap_msgs/cmake/rosidl_cmake-extras.cmake
[1.880s] -- Up-to-date: /home/user/ros_ws/install/mocap_msgs/share/mocap_msgs/cmake/ament_cmake_export_dependencies-extras.cmake
[1.880s] -- Up-to-date: /home/user/ros_ws/install/mocap_msgs/share/mocap_msgs/cmake/ament_cmake_export_include_directories-extras.cmake
[1.881s] -- Up-to-date: /home/user/ros_ws/install/mocap_msgs/share/mocap_msgs/cmake/ament_cmake_export_libraries-extras.cmake
[1.883s] -- Up-to-date: /home/user/ros_ws/install/mocap_msgs/share/mocap_msgs/cmake/ament_cmake_export_targets-extras.cmake
[1.883s] -- Up-to-date: /home/user/ros_ws/install/mocap_msgs/share/mocap_msgs/cmake/rosidl_cmake_export_typesupport_targets-extras.cmake
[1.883s] -- Up-to-date: /home/user/ros_ws/install/mocap_msgs/share/mocap_msgs/cmake/rosidl_cmake_export_typesupport_libraries-extras.cmake
[1.884s] -- Up-to-date: /home/user/ros_ws/install/mocap_msgs/share/mocap_msgs/cmake/mocap_msgsConfig.cmake
[1.884s] -- Up-to-date: /home/user/ros_ws/install/mocap_msgs/share/mocap_msgs/cmake/mocap_msgsConfig-version.cmake
[1.884s] -- Up-to-date: /home/user/ros_ws/install/mocap_msgs/share/mocap_msgs/package.xml
[1.885s] Invoked command in '/home/user/ros_ws/build/mocap_msgs' returned '0': CMAKE_PREFIX_PATH=/opt/ros/humble /usr/bin/cmake --install /home/user/ros_ws/build/mocap_msgs
