[0.583s] Invoking command in '/home/user/ros_ws/build/mocap_msgs': CMAKE_PREFIX_PATH=${CMAKE_PREFIX_PATH}:/home/user/ros_ws/install/loc_package:/opt/ros/humble /usr/bin/cmake --build /home/user/ros_ws/build/mocap_msgs -- -j2 -l2
[0.680s] [  1%] Built target mocap_msgs__cpp
[0.708s] [ 12%] Built target mocap_msgs__rosidl_generator_c
[0.725s] [ 12%] Built target ament_cmake_python_copy_mocap_msgs
[0.792s] [ 23%] Built target mocap_msgs__rosidl_typesupport_fastrtps_c
[0.800s] [ 34%] Built target mocap_msgs__rosidl_typesupport_cpp
[0.837s] [ 46%] Built target mocap_msgs__rosidl_typesupport_c
[0.873s] [ 57%] Built target mocap_msgs__rosidl_typesupport_introspection_c
[0.925s] [ 68%] Built target mocap_msgs__rosidl_typesupport_introspection_cpp
[0.929s] [ 79%] Built target mocap_msgs__rosidl_typesupport_fastrtps_cpp
[1.010s] [ 79%] Built target mocap_msgs
[1.090s] [ 80%] Built target mocap_msgs__py
[1.179s] [ 90%] Built target mocap_msgs__rosidl_generator_py
[1.248s] [ 93%] Built target mocap_msgs__rosidl_typesupport_fastrtps_c__pyext
[1.326s] [ 96%] Built target mocap_msgs__rosidl_typesupport_introspection_c__pyext
[1.400s] [100%] Built target mocap_msgs__rosidl_typesupport_c__pyext
[1.628s] running egg_info
[1.628s] writing mocap_msgs.egg-info/PKG-INFO
[1.628s] writing dependency_links to mocap_msgs.egg-info/dependency_links.txt
[1.628s] writing top-level names to mocap_msgs.egg-info/top_level.txt
[1.636s] reading manifest file 'mocap_msgs.egg-info/SOURCES.txt'
[1.636s] writing manifest file 'mocap_msgs.egg-info/SOURCES.txt'
[1.688s] [100%] Built target ament_cmake_python_build_mocap_msgs_egg
[1.708s] Invoked command in '/home/user/ros_ws/build/mocap_msgs' returned '0': CMAKE_PREFIX_PATH=${CMAKE_PREFIX_PATH}:/home/user/ros_ws/install/loc_package:/opt/ros/humble /usr/bin/cmake --build /home/user/ros_ws/build/mocap_msgs -- -j2 -l2
[1.728s] Invoking command in '/home/user/ros_ws/build/mocap_msgs': CMAKE_PREFIX_PATH=${CMAKE_PREFIX_PATH}:/home/user/ros_ws/install/loc_package:/opt/ros/humble /usr/bin/cmake --install /home/user/ros_ws/build/mocap_msgs
[1.746s] -- Install configuration: ""
[1.747s] -- Up-to-date: /home/user/ros_ws/install/mocap_msgs/share/ament_index/resource_index/rosidl_interfaces/mocap_msgs
[1.747s] -- Up-to-date: /home/user/ros_ws/install/mocap_msgs/include/mocap_msgs/mocap_msgs
[1.747s] -- Up-to-date: /home/user/ros_ws/install/mocap_msgs/include/mocap_msgs/mocap_msgs/msg
[1.748s] -- Up-to-date: /home/user/ros_ws/install/mocap_msgs/include/mocap_msgs/mocap_msgs/msg/markers.h
[1.749s] -- Up-to-date: /home/user/ros_ws/install/mocap_msgs/include/mocap_msgs/mocap_msgs/msg/rigid_body.h
[1.749s] -- Up-to-date: /home/user/ros_ws/install/mocap_msgs/include/mocap_msgs/mocap_msgs/msg/rigid_bodies.h
[1.749s] -- Up-to-date: /home/user/ros_ws/install/mocap_msgs/include/mocap_msgs/mocap_msgs/msg/detail
[1.750s] -- Up-to-date: /home/user/ros_ws/install/mocap_msgs/include/mocap_msgs/mocap_msgs/msg/detail/markers__type_support.h
[1.750s] -- Up-to-date: /home/user/ros_ws/install/mocap_msgs/include/mocap_msgs/mocap_msgs/msg/detail/imus_info__functions.h
[1.750s] -- Up-to-date: /home/user/ros_ws/install/mocap_msgs/include/mocap_msgs/mocap_msgs/msg/detail/rigid_bodies__type_support.h
[1.750s] -- Up-to-date: /home/user/ros_ws/install/mocap_msgs/include/mocap_msgs/mocap_msgs/msg/detail/marker__functions.h
[1.751s] -- Up-to-date: /home/user/ros_ws/install/mocap_msgs/include/mocap_msgs/mocap_msgs/msg/detail/rigid_bodies__struct.h
[1.751s] -- Up-to-date: /home/user/ros_ws/install/mocap_msgs/include/mocap_msgs/mocap_msgs/msg/detail/imus_info__type_support.h
[1.751s] -- Up-to-date: /home/user/ros_ws/install/mocap_msgs/include/mocap_msgs/mocap_msgs/msg/detail/rigid_body__functions.h
[1.751s] -- Up-to-date: /home/user/ros_ws/install/mocap_msgs/include/mocap_msgs/mocap_msgs/msg/detail/markers__struct.h
[1.752s] -- Up-to-date: /home/user/ros_ws/install/mocap_msgs/include/mocap_msgs/mocap_msgs/msg/detail/marker__type_support.h
[1.752s] -- Up-to-date: /home/user/ros_ws/install/mocap_msgs/include/mocap_msgs/mocap_msgs/msg/detail/markers__functions.c
[1.753s] -- Up-to-date: /home/user/ros_ws/install/mocap_msgs/include/mocap_msgs/mocap_msgs/msg/detail/rigid_body__type_support.h
[1.753s] -- Up-to-date: /home/user/ros_ws/install/mocap_msgs/include/mocap_msgs/mocap_msgs/msg/detail/rigid_body__struct.h
[1.753s] -- Up-to-date: /home/user/ros_ws/install/mocap_msgs/include/mocap_msgs/mocap_msgs/msg/detail/rigid_bodies__functions.h
[1.753s] -- Up-to-date: /home/user/ros_ws/install/mocap_msgs/include/mocap_msgs/mocap_msgs/msg/detail/marker__functions.c
[1.753s] -- Up-to-date: /home/user/ros_ws/install/mocap_msgs/include/mocap_msgs/mocap_msgs/msg/detail/markers__functions.h
[1.753s] -- Up-to-date: /home/user/ros_ws/install/mocap_msgs/include/mocap_msgs/mocap_msgs/msg/detail/imus_info__struct.h
[1.753s] -- Up-to-date: /home/user/ros_ws/install/mocap_msgs/include/mocap_msgs/mocap_msgs/msg/detail/rigid_bodies__functions.c
[1.754s] -- Up-to-date: /home/user/ros_ws/install/mocap_msgs/include/mocap_msgs/mocap_msgs/msg/detail/imus_info__functions.c
[1.754s] -- Up-to-date: /home/user/ros_ws/install/mocap_msgs/include/mocap_msgs/mocap_msgs/msg/detail/rigid_body__functions.c
[1.754s] -- Up-to-date: /home/user/ros_ws/install/mocap_msgs/include/mocap_msgs/mocap_msgs/msg/detail/marker__struct.h
[1.754s] -- Up-to-date: /home/user/ros_ws/install/mocap_msgs/include/mocap_msgs/mocap_msgs/msg/marker.h
[1.754s] -- Up-to-date: /home/user/ros_ws/install/mocap_msgs/include/mocap_msgs/mocap_msgs/msg/imus_info.h
[1.754s] -- Up-to-date: /home/user/ros_ws/install/mocap_msgs/include/mocap_msgs/mocap_msgs/msg/rosidl_generator_c__visibility_control.h
[1.754s] -- Up-to-date: /home/user/ros_ws/install/mocap_msgs/share/mocap_msgs/environment/library_path.sh
[1.757s] -- Up-to-date: /home/user/ros_ws/install/mocap_msgs/share/mocap_msgs/environment/library_path.dsv
[1.757s] -- Up-to-date: /home/user/ros_ws/install/mocap_msgs/lib/libmocap_msgs__rosidl_generator_c.so
[1.757s] -- Up-to-date: /home/user/ros_ws/install/mocap_msgs/include/mocap_msgs/mocap_msgs
[1.757s] -- Up-to-date: /home/user/ros_ws/install/mocap_msgs/include/mocap_msgs/mocap_msgs/msg
[1.757s] -- Up-to-date: /home/user/ros_ws/install/mocap_msgs/include/mocap_msgs/mocap_msgs/msg/rosidl_typesupport_fastrtps_c__visibility_control.h
[1.757s] -- Up-to-date: /home/user/ros_ws/install/mocap_msgs/include/mocap_msgs/mocap_msgs/msg/detail
[1.757s] -- Up-to-date: /home/user/ros_ws/install/mocap_msgs/include/mocap_msgs/mocap_msgs/msg/detail/rigid_bodies__rosidl_typesupport_fastrtps_c.h
[1.758s] -- Up-to-date: /home/user/ros_ws/install/mocap_msgs/include/mocap_msgs/mocap_msgs/msg/detail/rigid_body__rosidl_typesupport_fastrtps_c.h
[1.758s] -- Up-to-date: /home/user/ros_ws/install/mocap_msgs/include/mocap_msgs/mocap_msgs/msg/detail/imus_info__rosidl_typesupport_fastrtps_c.h
[1.758s] -- Up-to-date: /home/user/ros_ws/install/mocap_msgs/include/mocap_msgs/mocap_msgs/msg/detail/markers__rosidl_typesupport_fastrtps_c.h
[1.758s] -- Up-to-date: /home/user/ros_ws/install/mocap_msgs/include/mocap_msgs/mocap_msgs/msg/detail/marker__rosidl_typesupport_fastrtps_c.h
[1.759s] -- Up-to-date: /home/user/ros_ws/install/mocap_msgs/lib/libmocap_msgs__rosidl_typesupport_fastrtps_c.so
[1.759s] -- Up-to-date: /home/user/ros_ws/install/mocap_msgs/include/mocap_msgs/mocap_msgs
[1.759s] -- Up-to-date: /home/user/ros_ws/install/mocap_msgs/include/mocap_msgs/mocap_msgs/msg
[1.759s] -- Up-to-date: /home/user/ros_ws/install/mocap_msgs/include/mocap_msgs/mocap_msgs/msg/rosidl_typesupport_introspection_c__visibility_control.h
[1.760s] -- Up-to-date: /home/user/ros_ws/install/mocap_msgs/include/mocap_msgs/mocap_msgs/msg/detail
[1.760s] -- Up-to-date: /home/user/ros_ws/install/mocap_msgs/include/mocap_msgs/mocap_msgs/msg/detail/rigid_body__type_support.c
[1.760s] -- Up-to-date: /home/user/ros_ws/install/mocap_msgs/include/mocap_msgs/mocap_msgs/msg/detail/markers__rosidl_typesupport_introspection_c.h
[1.761s] -- Up-to-date: /home/user/ros_ws/install/mocap_msgs/include/mocap_msgs/mocap_msgs/msg/detail/rigid_bodies__rosidl_typesupport_introspection_c.h
[1.761s] -- Up-to-date: /home/user/ros_ws/install/mocap_msgs/include/mocap_msgs/mocap_msgs/msg/detail/imus_info__type_support.c
[1.761s] -- Up-to-date: /home/user/ros_ws/install/mocap_msgs/include/mocap_msgs/mocap_msgs/msg/detail/rigid_body__rosidl_typesupport_introspection_c.h
[1.761s] -- Up-to-date: /home/user/ros_ws/install/mocap_msgs/include/mocap_msgs/mocap_msgs/msg/detail/marker__rosidl_typesupport_introspection_c.h
[1.762s] -- Up-to-date: /home/user/ros_ws/install/mocap_msgs/include/mocap_msgs/mocap_msgs/msg/detail/rigid_bodies__type_support.c
[1.762s] -- Up-to-date: /home/user/ros_ws/install/mocap_msgs/include/mocap_msgs/mocap_msgs/msg/detail/imus_info__rosidl_typesupport_introspection_c.h
[1.762s] -- Up-to-date: /home/user/ros_ws/install/mocap_msgs/include/mocap_msgs/mocap_msgs/msg/detail/marker__type_support.c
[1.763s] -- Up-to-date: /home/user/ros_ws/install/mocap_msgs/include/mocap_msgs/mocap_msgs/msg/detail/markers__type_support.c
[1.763s] -- Up-to-date: /home/user/ros_ws/install/mocap_msgs/lib/libmocap_msgs__rosidl_typesupport_introspection_c.so
[1.764s] -- Up-to-date: /home/user/ros_ws/install/mocap_msgs/lib/libmocap_msgs__rosidl_typesupport_c.so
[1.764s] -- Up-to-date: /home/user/ros_ws/install/mocap_msgs/include/mocap_msgs/mocap_msgs
[1.766s] -- Up-to-date: /home/user/ros_ws/install/mocap_msgs/include/mocap_msgs/mocap_msgs/msg
[1.768s] -- Up-to-date: /home/user/ros_ws/install/mocap_msgs/include/mocap_msgs/mocap_msgs/msg/markers.hpp
[1.768s] -- Up-to-date: /home/user/ros_ws/install/mocap_msgs/include/mocap_msgs/mocap_msgs/msg/rigid_bodies.hpp
[1.768s] -- Up-to-date: /home/user/ros_ws/install/mocap_msgs/include/mocap_msgs/mocap_msgs/msg/detail
[1.769s] -- Up-to-date: /home/user/ros_ws/install/mocap_msgs/include/mocap_msgs/mocap_msgs/msg/detail/imus_info__struct.hpp
[1.769s] -- Up-to-date: /home/user/ros_ws/install/mocap_msgs/include/mocap_msgs/mocap_msgs/msg/detail/rigid_bodies__builder.hpp
[1.769s] -- Up-to-date: /home/user/ros_ws/install/mocap_msgs/include/mocap_msgs/mocap_msgs/msg/detail/markers__builder.hpp
[1.769s] -- Up-to-date: /home/user/ros_ws/install/mocap_msgs/include/mocap_msgs/mocap_msgs/msg/detail/rigid_bodies__type_support.hpp
[1.769s] -- Up-to-date: /home/user/ros_ws/install/mocap_msgs/include/mocap_msgs/mocap_msgs/msg/detail/rigid_body__traits.hpp
[1.771s] -- Up-to-date: /home/user/ros_ws/install/mocap_msgs/include/mocap_msgs/mocap_msgs/msg/detail/rigid_body__builder.hpp
[1.771s] -- Up-to-date: /home/user/ros_ws/install/mocap_msgs/include/mocap_msgs/mocap_msgs/msg/detail/markers__type_support.hpp
[1.771s] -- Up-to-date: /home/user/ros_ws/install/mocap_msgs/include/mocap_msgs/mocap_msgs/msg/detail/imus_info__traits.hpp
[1.771s] -- Up-to-date: /home/user/ros_ws/install/mocap_msgs/include/mocap_msgs/mocap_msgs/msg/detail/marker__type_support.hpp
[1.771s] -- Up-to-date: /home/user/ros_ws/install/mocap_msgs/include/mocap_msgs/mocap_msgs/msg/detail/markers__traits.hpp
[1.772s] -- Up-to-date: /home/user/ros_ws/install/mocap_msgs/include/mocap_msgs/mocap_msgs/msg/detail/rigid_body__type_support.hpp
[1.772s] -- Up-to-date: /home/user/ros_ws/install/mocap_msgs/include/mocap_msgs/mocap_msgs/msg/detail/rigid_bodies__struct.hpp
[1.772s] -- Up-to-date: /home/user/ros_ws/install/mocap_msgs/include/mocap_msgs/mocap_msgs/msg/detail/imus_info__type_support.hpp
[1.772s] -- Up-to-date: /home/user/ros_ws/install/mocap_msgs/include/mocap_msgs/mocap_msgs/msg/detail/rigid_body__struct.hpp
[1.772s] -- Up-to-date: /home/user/ros_ws/install/mocap_msgs/include/mocap_msgs/mocap_msgs/msg/detail/rigid_bodies__traits.hpp
[1.775s] -- Up-to-date: /home/user/ros_ws/install/mocap_msgs/include/mocap_msgs/mocap_msgs/msg/detail/imus_info__builder.hpp
[1.775s] -- Up-to-date: /home/user/ros_ws/install/mocap_msgs/include/mocap_msgs/mocap_msgs/msg/detail/marker__builder.hpp
[1.776s] -- Up-to-date: /home/user/ros_ws/install/mocap_msgs/include/mocap_msgs/mocap_msgs/msg/detail/markers__struct.hpp
[1.776s] -- Up-to-date: /home/user/ros_ws/install/mocap_msgs/include/mocap_msgs/mocap_msgs/msg/detail/marker__struct.hpp
[1.776s] -- Up-to-date: /home/user/ros_ws/install/mocap_msgs/include/mocap_msgs/mocap_msgs/msg/detail/marker__traits.hpp
[1.776s] -- Up-to-date: /home/user/ros_ws/install/mocap_msgs/include/mocap_msgs/mocap_msgs/msg/imus_info.hpp
[1.776s] -- Up-to-date: /home/user/ros_ws/install/mocap_msgs/include/mocap_msgs/mocap_msgs/msg/rigid_body.hpp
[1.777s] -- Up-to-date: /home/user/ros_ws/install/mocap_msgs/include/mocap_msgs/mocap_msgs/msg/rosidl_generator_cpp__visibility_control.hpp
[1.777s] -- Up-to-date: /home/user/ros_ws/install/mocap_msgs/include/mocap_msgs/mocap_msgs/msg/marker.hpp
[1.777s] -- Up-to-date: /home/user/ros_ws/install/mocap_msgs/include/mocap_msgs/mocap_msgs
[1.777s] -- Up-to-date: /home/user/ros_ws/install/mocap_msgs/include/mocap_msgs/mocap_msgs/msg
[1.777s] -- Up-to-date: /home/user/ros_ws/install/mocap_msgs/include/mocap_msgs/mocap_msgs/msg/detail
[1.777s] -- Up-to-date: /home/user/ros_ws/install/mocap_msgs/include/mocap_msgs/mocap_msgs/msg/detail/marker__rosidl_typesupport_fastrtps_cpp.hpp
[1.780s] -- Up-to-date: /home/user/ros_ws/install/mocap_msgs/include/mocap_msgs/mocap_msgs/msg/detail/imus_info__rosidl_typesupport_fastrtps_cpp.hpp
[1.780s] -- Up-to-date: /home/user/ros_ws/install/mocap_msgs/include/mocap_msgs/mocap_msgs/msg/detail/rigid_bodies__rosidl_typesupport_fastrtps_cpp.hpp
[1.780s] -- Up-to-date: /home/user/ros_ws/install/mocap_msgs/include/mocap_msgs/mocap_msgs/msg/detail/dds_fastrtps
[1.780s] -- Up-to-date: /home/user/ros_ws/install/mocap_msgs/include/mocap_msgs/mocap_msgs/msg/detail/markers__rosidl_typesupport_fastrtps_cpp.hpp
[1.781s] -- Up-to-date: /home/user/ros_ws/install/mocap_msgs/include/mocap_msgs/mocap_msgs/msg/detail/rigid_body__rosidl_typesupport_fastrtps_cpp.hpp
[1.781s] -- Up-to-date: /home/user/ros_ws/install/mocap_msgs/include/mocap_msgs/mocap_msgs/msg/rosidl_typesupport_fastrtps_cpp__visibility_control.h
[1.781s] -- Up-to-date: /home/user/ros_ws/install/mocap_msgs/lib/libmocap_msgs__rosidl_typesupport_fastrtps_cpp.so
[1.781s] -- Up-to-date: /home/user/ros_ws/install/mocap_msgs/include/mocap_msgs/mocap_msgs
[1.781s] -- Up-to-date: /home/user/ros_ws/install/mocap_msgs/include/mocap_msgs/mocap_msgs/msg
[1.784s] -- Up-to-date: /home/user/ros_ws/install/mocap_msgs/include/mocap_msgs/mocap_msgs/msg/detail
[1.784s] -- Up-to-date: /home/user/ros_ws/install/mocap_msgs/include/mocap_msgs/mocap_msgs/msg/detail/rigid_body__type_support.cpp
[1.784s] -- Up-to-date: /home/user/ros_ws/install/mocap_msgs/include/mocap_msgs/mocap_msgs/msg/detail/imus_info__type_support.cpp
[1.784s] -- Up-to-date: /home/user/ros_ws/install/mocap_msgs/include/mocap_msgs/mocap_msgs/msg/detail/rigid_bodies__rosidl_typesupport_introspection_cpp.hpp
[1.784s] -- Up-to-date: /home/user/ros_ws/install/mocap_msgs/include/mocap_msgs/mocap_msgs/msg/detail/markers__rosidl_typesupport_introspection_cpp.hpp
[1.785s] -- Up-to-date: /home/user/ros_ws/install/mocap_msgs/include/mocap_msgs/mocap_msgs/msg/detail/rigid_bodies__type_support.cpp
[1.785s] -- Up-to-date: /home/user/ros_ws/install/mocap_msgs/include/mocap_msgs/mocap_msgs/msg/detail/rigid_body__rosidl_typesupport_introspection_cpp.hpp
[1.785s] -- Up-to-date: /home/user/ros_ws/install/mocap_msgs/include/mocap_msgs/mocap_msgs/msg/detail/marker__type_support.cpp
[1.785s] -- Up-to-date: /home/user/ros_ws/install/mocap_msgs/include/mocap_msgs/mocap_msgs/msg/detail/imus_info__rosidl_typesupport_introspection_cpp.hpp
[1.785s] -- Up-to-date: /home/user/ros_ws/install/mocap_msgs/include/mocap_msgs/mocap_msgs/msg/detail/marker__rosidl_typesupport_introspection_cpp.hpp
[1.786s] -- Up-to-date: /home/user/ros_ws/install/mocap_msgs/include/mocap_msgs/mocap_msgs/msg/detail/markers__type_support.cpp
[1.786s] -- Up-to-date: /home/user/ros_ws/install/mocap_msgs/lib/libmocap_msgs__rosidl_typesupport_introspection_cpp.so
[1.786s] -- Up-to-date: /home/user/ros_ws/install/mocap_msgs/lib/libmocap_msgs__rosidl_typesupport_cpp.so
[1.786s] -- Up-to-date: /home/user/ros_ws/install/mocap_msgs/share/mocap_msgs/environment/pythonpath.sh
[1.786s] -- Up-to-date: /home/user/ros_ws/install/mocap_msgs/share/mocap_msgs/environment/pythonpath.dsv
[1.786s] -- Up-to-date: /home/user/ros_ws/install/mocap_msgs/local/lib/python3.10/dist-packages/mocap_msgs-0.0.3-py3.10.egg-info
[1.787s] -- Installing: /home/user/ros_ws/install/mocap_msgs/local/lib/python3.10/dist-packages/mocap_msgs-0.0.3-py3.10.egg-info/dependency_links.txt
[1.787s] -- Installing: /home/user/ros_ws/install/mocap_msgs/local/lib/python3.10/dist-packages/mocap_msgs-0.0.3-py3.10.egg-info/SOURCES.txt
[1.787s] -- Installing: /home/user/ros_ws/install/mocap_msgs/local/lib/python3.10/dist-packages/mocap_msgs-0.0.3-py3.10.egg-info/PKG-INFO
[1.787s] -- Installing: /home/user/ros_ws/install/mocap_msgs/local/lib/python3.10/dist-packages/mocap_msgs-0.0.3-py3.10.egg-info/top_level.txt
[1.787s] -- Up-to-date: /home/user/ros_ws/install/mocap_msgs/local/lib/python3.10/dist-packages/mocap_msgs
[1.787s] -- Up-to-date: /home/user/ros_ws/install/mocap_msgs/local/lib/python3.10/dist-packages/mocap_msgs/libmocap_msgs__rosidl_generator_py.so
[1.788s] -- Up-to-date: /home/user/ros_ws/install/mocap_msgs/local/lib/python3.10/dist-packages/mocap_msgs/_mocap_msgs_s.ep.rosidl_typesupport_c.c
[1.788s] -- Up-to-date: /home/user/ros_ws/install/mocap_msgs/local/lib/python3.10/dist-packages/mocap_msgs/msg
[1.788s] -- Up-to-date: /home/user/ros_ws/install/mocap_msgs/local/lib/python3.10/dist-packages/mocap_msgs/msg/_marker.py
[1.788s] -- Up-to-date: /home/user/ros_ws/install/mocap_msgs/local/lib/python3.10/dist-packages/mocap_msgs/msg/_marker_s.c
[1.788s] -- Up-to-date: /home/user/ros_ws/install/mocap_msgs/local/lib/python3.10/dist-packages/mocap_msgs/msg/_rigid_body.py
[1.789s] -- Up-to-date: /home/user/ros_ws/install/mocap_msgs/local/lib/python3.10/dist-packages/mocap_msgs/msg/_imus_info_s.c
[1.789s] -- Up-to-date: /home/user/ros_ws/install/mocap_msgs/local/lib/python3.10/dist-packages/mocap_msgs/msg/_rigid_bodies_s.c
[1.789s] -- Up-to-date: /home/user/ros_ws/install/mocap_msgs/local/lib/python3.10/dist-packages/mocap_msgs/msg/_rigid_bodies.py
[1.789s] -- Up-to-date: /home/user/ros_ws/install/mocap_msgs/local/lib/python3.10/dist-packages/mocap_msgs/msg/_imus_info.py
[1.789s] -- Up-to-date: /home/user/ros_ws/install/mocap_msgs/local/lib/python3.10/dist-packages/mocap_msgs/msg/__init__.py
[1.789s] -- Up-to-date: /home/user/ros_ws/install/mocap_msgs/local/lib/python3.10/dist-packages/mocap_msgs/msg/_markers.py
[1.790s] -- Up-to-date: /home/user/ros_ws/install/mocap_msgs/local/lib/python3.10/dist-packages/mocap_msgs/msg/_rigid_body_s.c
[1.790s] -- Up-to-date: /home/user/ros_ws/install/mocap_msgs/local/lib/python3.10/dist-packages/mocap_msgs/msg/_markers_s.c
[1.790s] -- Up-to-date: /home/user/ros_ws/install/mocap_msgs/local/lib/python3.10/dist-packages/mocap_msgs/_mocap_msgs_s.ep.rosidl_typesupport_introspection_c.c
[1.790s] -- Up-to-date: /home/user/ros_ws/install/mocap_msgs/local/lib/python3.10/dist-packages/mocap_msgs/mocap_msgs_s__rosidl_typesupport_fastrtps_c.cpython-310-x86_64-linux-gnu.so
[1.790s] -- Up-to-date: /home/user/ros_ws/install/mocap_msgs/local/lib/python3.10/dist-packages/mocap_msgs/mocap_msgs_s__rosidl_typesupport_c.cpython-310-x86_64-linux-gnu.so
[1.790s] -- Up-to-date: /home/user/ros_ws/install/mocap_msgs/local/lib/python3.10/dist-packages/mocap_msgs/mocap_msgs_s__rosidl_typesupport_introspection_c.cpython-310-x86_64-linux-gnu.so
[1.790s] -- Up-to-date: /home/user/ros_ws/install/mocap_msgs/local/lib/python3.10/dist-packages/mocap_msgs/__init__.py
[1.791s] -- Up-to-date: /home/user/ros_ws/install/mocap_msgs/local/lib/python3.10/dist-packages/mocap_msgs/_mocap_msgs_s.ep.rosidl_typesupport_fastrtps_c.c
[1.863s] Listing '/home/user/ros_ws/install/mocap_msgs/local/lib/python3.10/dist-packages/mocap_msgs'...
[1.864s] Listing '/home/user/ros_ws/install/mocap_msgs/local/lib/python3.10/dist-packages/mocap_msgs/msg'...
[1.873s] -- Up-to-date: /home/user/ros_ws/install/mocap_msgs/local/lib/python3.10/dist-packages/mocap_msgs/mocap_msgs_s__rosidl_typesupport_fastrtps_c.cpython-310-x86_64-linux-gnu.so
[1.874s] -- Up-to-date: /home/user/ros_ws/install/mocap_msgs/local/lib/python3.10/dist-packages/mocap_msgs/mocap_msgs_s__rosidl_typesupport_introspection_c.cpython-310-x86_64-linux-gnu.so
[1.875s] -- Up-to-date: /home/user/ros_ws/install/mocap_msgs/local/lib/python3.10/dist-packages/mocap_msgs/mocap_msgs_s__rosidl_typesupport_c.cpython-310-x86_64-linux-gnu.so
[1.876s] -- Up-to-date: /home/user/ros_ws/install/mocap_msgs/lib/libmocap_msgs__rosidl_generator_py.so
[1.876s] -- Up-to-date: /home/user/ros_ws/install/mocap_msgs/share/mocap_msgs/msg/Marker.idl
[1.877s] -- Up-to-date: /home/user/ros_ws/install/mocap_msgs/share/mocap_msgs/msg/Markers.idl
[1.877s] -- Up-to-date: /home/user/ros_ws/install/mocap_msgs/share/mocap_msgs/msg/ImusInfo.idl
[1.877s] -- Up-to-date: /home/user/ros_ws/install/mocap_msgs/share/mocap_msgs/msg/RigidBody.idl
[1.878s] -- Up-to-date: /home/user/ros_ws/install/mocap_msgs/share/mocap_msgs/msg/RigidBodies.idl
[1.878s] -- Up-to-date: /home/user/ros_ws/install/mocap_msgs/share/mocap_msgs/msg/Marker.msg
[1.878s] -- Up-to-date: /home/user/ros_ws/install/mocap_msgs/share/mocap_msgs/msg/Markers.msg
[1.878s] -- Up-to-date: /home/user/ros_ws/install/mocap_msgs/share/mocap_msgs/msg/ImusInfo.msg
[1.878s] -- Up-to-date: /home/user/ros_ws/install/mocap_msgs/share/mocap_msgs/msg/RigidBody.msg
[1.879s] -- Up-to-date: /home/user/ros_ws/install/mocap_msgs/share/mocap_msgs/msg/RigidBodies.msg
[1.879s] -- Up-to-date: /home/user/ros_ws/install/mocap_msgs/share/mocap_msgs/mocap_bridge_mapping_rule.yaml
[1.879s] -- Up-to-date: /home/user/ros_ws/install/mocap_msgs/share/ament_index/resource_index/package_run_dependencies/mocap_msgs
[1.880s] -- Up-to-date: /home/user/ros_ws/install/mocap_msgs/share/ament_index/resource_index/parent_prefix_path/mocap_msgs
[1.880s] -- Up-to-date: /home/user/ros_ws/install/mocap_msgs/share/mocap_msgs/environment/ament_prefix_path.sh
[1.880s] -- Up-to-date: /home/user/ros_ws/install/mocap_msgs/share/mocap_msgs/environment/ament_prefix_path.dsv
[1.880s] -- Up-to-date: /home/user/ros_ws/install/mocap_msgs/share/mocap_msgs/environment/path.sh
[1.881s] -- Up-to-date: /home/user/ros_ws/install/mocap_msgs/share/mocap_msgs/environment/path.dsv
[1.881s] -- Up-to-date: /home/user/ros_ws/install/mocap_msgs/share/mocap_msgs/local_setup.bash
[1.883s] -- Up-to-date: /home/user/ros_ws/install/mocap_msgs/share/mocap_msgs/local_setup.sh
[1.883s] -- Up-to-date: /home/user/ros_ws/install/mocap_msgs/share/mocap_msgs/local_setup.zsh
[1.883s] -- Up-to-date: /home/user/ros_ws/install/mocap_msgs/share/mocap_msgs/local_setup.dsv
[1.884s] -- Installing: /home/user/ros_ws/install/mocap_msgs/share/mocap_msgs/package.dsv
[1.884s] -- Up-to-date: /home/user/ros_ws/install/mocap_msgs/share/ament_index/resource_index/packages/mocap_msgs
[1.884s] -- Up-to-date: /home/user/ros_ws/install/mocap_msgs/share/mocap_msgs/cmake/export_mocap_msgs__rosidl_generator_cExport.cmake
[1.884s] -- Up-to-date: /home/user/ros_ws/install/mocap_msgs/share/mocap_msgs/cmake/export_mocap_msgs__rosidl_generator_cExport-noconfig.cmake
[1.885s] -- Up-to-date: /home/user/ros_ws/install/mocap_msgs/share/mocap_msgs/cmake/export_mocap_msgs__rosidl_typesupport_fastrtps_cExport.cmake
[1.885s] -- Up-to-date: /home/user/ros_ws/install/mocap_msgs/share/mocap_msgs/cmake/export_mocap_msgs__rosidl_typesupport_fastrtps_cExport-noconfig.cmake
[1.885s] -- Up-to-date: /home/user/ros_ws/install/mocap_msgs/share/mocap_msgs/cmake/mocap_msgs__rosidl_typesupport_introspection_cExport.cmake
[1.886s] -- Up-to-date: /home/user/ros_ws/install/mocap_msgs/share/mocap_msgs/cmake/mocap_msgs__rosidl_typesupport_introspection_cExport-noconfig.cmake
[1.886s] -- Up-to-date: /home/user/ros_ws/install/mocap_msgs/share/mocap_msgs/cmake/mocap_msgs__rosidl_typesupport_cExport.cmake
[1.886s] -- Up-to-date: /home/user/ros_ws/install/mocap_msgs/share/mocap_msgs/cmake/mocap_msgs__rosidl_typesupport_cExport-noconfig.cmake
[1.887s] -- Up-to-date: /home/user/ros_ws/install/mocap_msgs/share/mocap_msgs/cmake/export_mocap_msgs__rosidl_generator_cppExport.cmake
[1.887s] -- Up-to-date: /home/user/ros_ws/install/mocap_msgs/share/mocap_msgs/cmake/export_mocap_msgs__rosidl_typesupport_fastrtps_cppExport.cmake
[1.887s] -- Up-to-date: /home/user/ros_ws/install/mocap_msgs/share/mocap_msgs/cmake/export_mocap_msgs__rosidl_typesupport_fastrtps_cppExport-noconfig.cmake
[1.888s] -- Up-to-date: /home/user/ros_ws/install/mocap_msgs/share/mocap_msgs/cmake/mocap_msgs__rosidl_typesupport_introspection_cppExport.cmake
[1.888s] -- Up-to-date: /home/user/ros_ws/install/mocap_msgs/share/mocap_msgs/cmake/mocap_msgs__rosidl_typesupport_introspection_cppExport-noconfig.cmake
[1.889s] -- Up-to-date: /home/user/ros_ws/install/mocap_msgs/share/mocap_msgs/cmake/mocap_msgs__rosidl_typesupport_cppExport.cmake
[1.889s] -- Up-to-date: /home/user/ros_ws/install/mocap_msgs/share/mocap_msgs/cmake/mocap_msgs__rosidl_typesupport_cppExport-noconfig.cmake
[1.889s] -- Up-to-date: /home/user/ros_ws/install/mocap_msgs/share/mocap_msgs/cmake/export_mocap_msgs__rosidl_generator_pyExport.cmake
[1.889s] -- Up-to-date: /home/user/ros_ws/install/mocap_msgs/share/mocap_msgs/cmake/export_mocap_msgs__rosidl_generator_pyExport-noconfig.cmake
[1.890s] -- Up-to-date: /home/user/ros_ws/install/mocap_msgs/share/mocap_msgs/cmake/rosidl_cmake-extras.cmake
[1.890s] -- Up-to-date: /home/user/ros_ws/install/mocap_msgs/share/mocap_msgs/cmake/ament_cmake_export_dependencies-extras.cmake
[1.890s] -- Up-to-date: /home/user/ros_ws/install/mocap_msgs/share/mocap_msgs/cmake/ament_cmake_export_include_directories-extras.cmake
[1.891s] -- Up-to-date: /home/user/ros_ws/install/mocap_msgs/share/mocap_msgs/cmake/ament_cmake_export_libraries-extras.cmake
[1.891s] -- Up-to-date: /home/user/ros_ws/install/mocap_msgs/share/mocap_msgs/cmake/ament_cmake_export_targets-extras.cmake
[1.891s] -- Up-to-date: /home/user/ros_ws/install/mocap_msgs/share/mocap_msgs/cmake/rosidl_cmake_export_typesupport_targets-extras.cmake
[1.891s] -- Up-to-date: /home/user/ros_ws/install/mocap_msgs/share/mocap_msgs/cmake/rosidl_cmake_export_typesupport_libraries-extras.cmake
[1.892s] -- Up-to-date: /home/user/ros_ws/install/mocap_msgs/share/mocap_msgs/cmake/mocap_msgsConfig.cmake
[1.892s] -- Up-to-date: /home/user/ros_ws/install/mocap_msgs/share/mocap_msgs/cmake/mocap_msgsConfig-version.cmake
[1.892s] -- Up-to-date: /home/user/ros_ws/install/mocap_msgs/share/mocap_msgs/package.xml
[1.897s] Invoked command in '/home/user/ros_ws/build/mocap_msgs' returned '0': CMAKE_PREFIX_PATH=${CMAKE_PREFIX_PATH}:/home/user/ros_ws/install/loc_package:/opt/ros/humble /usr/bin/cmake --install /home/user/ros_ws/build/mocap_msgs
